<?xml version="1.0" encoding="UTF-8"?>
<catalog xmlns="http://csrc.nist.gov/ns/oscal/1.0">
   <title GIVEN="ALWAYS"/>
   <group GIVEN="ALWAYS">
      <title GIVEN="ALWAYS"/>
      <control GIVEN="ALWAYS">
         <prop GIVEN="ALWAYS" name="control-class">
            <VALUE>Technical</VALUE>
            <VALUE>Operational</VALUE>
            <VALUE>Management</VALUE>
         </prop>
         <prop GIVEN="ALWAYS" name="number">
            <VALUE>AC-1</VALUE>
            <VALUE>AC-2</VALUE>
            <VALUE>AC-3</VALUE>
            <VALUE>AC-4</VALUE>
            <VALUE>AC-5</VALUE>
            <VALUE>AC-6</VALUE>
            <VALUE>AC-7</VALUE>
            <VALUE>AC-8</VALUE>
            <VALUE>AC-9</VALUE>
            <VALUE>AC-10</VALUE>
            <VALUE>AC-11</VALUE>
            <VALUE>AC-12</VALUE>
            <VALUE>AC-13</VALUE>
            <VALUE>AC-14</VALUE>
            <VALUE>AC-15</VALUE>
            <VALUE>AC-16</VALUE>
            <VALUE>AC-17</VALUE>
            <VALUE>AC-18</VALUE>
            <VALUE>AC-19</VALUE>
            <VALUE>AC-20</VALUE>
            <VALUE>AC-21</VALUE>
            <VALUE>AC-22</VALUE>
            <VALUE>AT-1</VALUE>
            <VALUE>AT-2</VALUE>
            <VALUE>AT-3</VALUE>
            <VALUE>AT-4</VALUE>
            <VALUE>AT-5</VALUE>
            <VALUE>AU-1</VALUE>
            <VALUE>AU-2</VALUE>
            <VALUE>AU-3</VALUE>
            <VALUE>AU-4</VALUE>
            <VALUE>AU-5</VALUE>
            <VALUE>AU-6</VALUE>
            <VALUE>AU-7</VALUE>
            <VALUE>AU-8</VALUE>
            <VALUE>AU-9</VALUE>
            <VALUE>AU-10</VALUE>
            <VALUE>AU-11</VALUE>
            <VALUE>AU-12</VALUE>
            <VALUE>AU-13</VALUE>
            <VALUE>AU-14</VALUE>
            <VALUE>CA-1</VALUE>
            <VALUE>CA-2</VALUE>
            <VALUE>CA-3</VALUE>
            <VALUE>CA-4</VALUE>
            <VALUE>CA-5</VALUE>
            <VALUE>CA-6</VALUE>
            <VALUE>CA-7</VALUE>
            <VALUE>CM-1</VALUE>
            <VALUE>CM-2</VALUE>
            <VALUE>CM-3</VALUE>
            <VALUE>CM-4</VALUE>
            <VALUE>CM-5</VALUE>
            <VALUE>CM-6</VALUE>
            <VALUE>CM-7</VALUE>
            <VALUE>CM-8</VALUE>
            <VALUE>CM-9</VALUE>
            <VALUE>CP-1</VALUE>
            <VALUE>CP-2</VALUE>
            <VALUE>CP-3</VALUE>
            <VALUE>CP-4</VALUE>
            <VALUE>CP-5</VALUE>
            <VALUE>CP-6</VALUE>
            <VALUE>CP-7</VALUE>
            <VALUE>CP-8</VALUE>
            <VALUE>CP-9</VALUE>
            <VALUE>CP-10</VALUE>
            <VALUE>IA-1</VALUE>
            <VALUE>IA-2</VALUE>
            <VALUE>IA-3</VALUE>
            <VALUE>IA-4</VALUE>
            <VALUE>IA-5</VALUE>
            <VALUE>IA-6</VALUE>
            <VALUE>IA-7</VALUE>
            <VALUE>IA-8</VALUE>
            <VALUE>IR-1</VALUE>
            <VALUE>IR-2</VALUE>
            <VALUE>IR-3</VALUE>
            <VALUE>IR-4</VALUE>
            <VALUE>IR-5</VALUE>
            <VALUE>IR-6</VALUE>
            <VALUE>IR-7</VALUE>
            <VALUE>IR-8</VALUE>
            <VALUE>MA-1</VALUE>
            <VALUE>MA-2</VALUE>
            <VALUE>MA-3</VALUE>
            <VALUE>MA-4</VALUE>
            <VALUE>MA-5</VALUE>
            <VALUE>MA-6</VALUE>
            <VALUE>MP-1</VALUE>
            <VALUE>MP-2</VALUE>
            <VALUE>MP-3</VALUE>
            <VALUE>MP-4</VALUE>
            <VALUE>MP-5</VALUE>
            <VALUE>MP-6</VALUE>
            <VALUE>PE-1</VALUE>
            <VALUE>PE-2</VALUE>
            <VALUE>PE-3</VALUE>
            <VALUE>PE-4</VALUE>
            <VALUE>PE-5</VALUE>
            <VALUE>PE-6</VALUE>
            <VALUE>PE-7</VALUE>
            <VALUE>PE-8</VALUE>
            <VALUE>PE-9</VALUE>
            <VALUE>PE-10</VALUE>
            <VALUE>PE-11</VALUE>
            <VALUE>PE-12</VALUE>
            <VALUE>PE-13</VALUE>
            <VALUE>PE-14</VALUE>
            <VALUE>PE-15</VALUE>
            <VALUE>PE-16</VALUE>
            <VALUE>PE-17</VALUE>
            <VALUE>PE-18</VALUE>
            <VALUE>PE-19</VALUE>
            <VALUE>PL-1</VALUE>
            <VALUE>PL-2</VALUE>
            <VALUE>PL-3</VALUE>
            <VALUE>PL-4</VALUE>
            <VALUE>PL-5</VALUE>
            <VALUE>PL-6</VALUE>
            <VALUE>PM-1</VALUE>
            <VALUE>PM-2</VALUE>
            <VALUE>PM-3</VALUE>
            <VALUE>PM-4</VALUE>
            <VALUE>PM-5</VALUE>
            <VALUE>PM-6</VALUE>
            <VALUE>PM-7</VALUE>
            <VALUE>PM-8</VALUE>
            <VALUE>PM-9</VALUE>
            <VALUE>PM-10</VALUE>
            <VALUE>PM-11</VALUE>
            <VALUE>PS-1</VALUE>
            <VALUE>PS-2</VALUE>
            <VALUE>PS-3</VALUE>
            <VALUE>PS-4</VALUE>
            <VALUE>PS-5</VALUE>
            <VALUE>PS-6</VALUE>
            <VALUE>PS-7</VALUE>
            <VALUE>PS-8</VALUE>
            <VALUE>RA-1</VALUE>
            <VALUE>RA-2</VALUE>
            <VALUE>RA-3</VALUE>
            <VALUE>RA-4</VALUE>
            <VALUE>RA-5</VALUE>
            <VALUE>SA-1</VALUE>
            <VALUE>SA-2</VALUE>
            <VALUE>SA-3</VALUE>
            <VALUE>SA-4</VALUE>
            <VALUE>SA-5</VALUE>
            <VALUE>SA-6</VALUE>
            <VALUE>SA-7</VALUE>
            <VALUE>SA-8</VALUE>
            <VALUE>SA-9</VALUE>
            <VALUE>SA-10</VALUE>
            <VALUE>SA-11</VALUE>
            <VALUE>SA-12</VALUE>
            <VALUE>SA-13</VALUE>
            <VALUE>SA-14</VALUE>
            <VALUE>SC-1</VALUE>
            <VALUE>SC-2</VALUE>
            <VALUE>SC-3</VALUE>
            <VALUE>SC-4</VALUE>
            <VALUE>SC-5</VALUE>
            <VALUE>SC-6</VALUE>
            <VALUE>SC-7</VALUE>
            <VALUE>SC-8</VALUE>
            <VALUE>SC-9</VALUE>
            <VALUE>SC-10</VALUE>
            <VALUE>SC-11</VALUE>
            <VALUE>SC-12</VALUE>
            <VALUE>SC-13</VALUE>
            <VALUE>SC-14</VALUE>
            <VALUE>SC-15</VALUE>
            <VALUE>SC-16</VALUE>
            <VALUE>SC-17</VALUE>
            <VALUE>SC-18</VALUE>
            <VALUE>SC-19</VALUE>
            <VALUE>SC-20</VALUE>
            <VALUE>SC-21</VALUE>
            <VALUE>SC-22</VALUE>
            <VALUE>SC-23</VALUE>
            <VALUE>SC-24</VALUE>
            <VALUE>SC-25</VALUE>
            <VALUE>SC-26</VALUE>
            <VALUE>SC-27</VALUE>
            <VALUE>SC-28</VALUE>
            <VALUE>SC-29</VALUE>
            <VALUE>SC-30</VALUE>
            <VALUE>SC-31</VALUE>
            <VALUE>SC-32</VALUE>
            <VALUE>SC-33</VALUE>
            <VALUE>SC-34</VALUE>
            <VALUE>SI-1</VALUE>
            <VALUE>SI-2</VALUE>
            <VALUE>SI-3</VALUE>
            <VALUE>SI-4</VALUE>
            <VALUE>SI-5</VALUE>
            <VALUE>SI-6</VALUE>
            <VALUE>SI-7</VALUE>
            <VALUE>SI-8</VALUE>
            <VALUE>SI-9</VALUE>
            <VALUE>SI-10</VALUE>
            <VALUE>SI-11</VALUE>
            <VALUE>SI-12</VALUE>
            <VALUE>SI-13</VALUE>
         </prop>
         <title GIVEN="ALWAYS"/>
         <prop name="priority">
            <VALUE>P1</VALUE>
            <VALUE>P2</VALUE>
            <VALUE>P0</VALUE>
            <VALUE>P3</VALUE>
         </prop>
         <desc GIVEN="ALWAYS">
            <p/>
            <ol/>
         </desc>
         <stmt name="supplemental-guidance">
            <p/>
         </stmt>
         <references>
            <ref GIVEN="ALWAYS">
               <std GIVEN="ALWAYS"/>
            </ref>
         </references>
         <extensions>
            <control GIVEN="ALWAYS">
               <prop GIVEN="ALWAYS" name="sequence">
                  <VALUE>1</VALUE>
                  <VALUE>2</VALUE>
                  <VALUE>3</VALUE>
                  <VALUE>4</VALUE>
                  <VALUE>5</VALUE>
                  <VALUE>6</VALUE>
                  <VALUE>7</VALUE>
                  <VALUE>8</VALUE>
                  <VALUE>9</VALUE>
                  <VALUE>10</VALUE>
                  <VALUE>11</VALUE>
                  <VALUE>12</VALUE>
                  <VALUE>13</VALUE>
                  <VALUE>14</VALUE>
                  <VALUE>15</VALUE>
                  <VALUE>16</VALUE>
                  <VALUE>17</VALUE>
                  <VALUE>18</VALUE>
               </prop>
               <desc GIVEN="ALWAYS">
                  <p/>
                  <ol/>
               </desc>
               <stmt name="supplemental-guidance">
                  <p/>
               </stmt>
               <prop name="baseline-impact">
                  <VALUE>HIGH</VALUE>
                  <VALUE>MODERATE</VALUE>
               </prop>
            </control>
         </extensions>
         <prop name="baseline-impact">
            <VALUE>HIGH</VALUE>
         </prop>
      </control>
   </group>
</catalog>
