<?xml-stylesheet type="text/css" href="../lib/CSS/oscal.css"?>
<map xmlns="http://csrc.nist.gov/ns/oscal/1.0">
   <title>Moderate SSP for Docker Enterprise Edition Deployment ATO</title>
   <p class="description">Moderate SSP for Docker Enterprise Edition Deployment ATO</p>
   <prop class="maintainer">securitylead@agency.gov</prop>
   <group class="profiles"/>
   <group class="components">
      <component>
         <title>Access Control Policy for [Agency_Here]</title>
         <p class="description"/>
         <p class="responsibleRoles"/>
         <part class="satisfies">
            <prop class="control-name">AC-1</prop>
            <p class="narrative">[Agency's control implementation here]
</p>
            <p class="narrative">[Agency's control implementation here]
</p>
            <prop class="status">none</prop>
         </part>
         <part class="satisfies">
            <prop class="control-name">AC-2</prop>
            <p class="narrative">[Agency's control implementation here]
</p>
            <p class="narrative">[Agency's control implementation here]
</p>
            <p class="narrative">[Agency's control implementation here]
</p>
            <p class="narrative">[Agency's control implementation here]
</p>
            <p class="narrative">[Agency's control implementation here]
</p>
            <p class="narrative">[Agency's control implementation here]
</p>
            <p class="narrative">[Agency's control implementation here]
</p>
            <p class="narrative">[Agency's control implementation here]
</p>
            <p class="narrative">[Agency's control implementation here]
</p>
            <p class="narrative">[Agency's control implementation here]
</p>
            <p class="narrative">[Agency's control implementation here]
</p>
            <prop class="status">none</prop>
         </part>
         <part class="satisfies">
            <prop class="control-name">AC-2 (1)</prop>
            <p class="narrative">[Agency's control implementation here]
</p>
            <prop class="status">none</prop>
         </part>
         <part class="satisfies">
            <prop class="control-name">AC-2 (2)</prop>
            <p class="narrative">[Agency's control implementation here]
</p>
            <prop class="status">none</prop>
         </part>
         <part class="satisfies">
            <prop class="control-name">AC-2 (3)</prop>
            <p class="narrative">[Agency's control implementation here]
</p>
            <prop class="status">none</prop>
         </part>
         <part class="satisfies">
            <prop class="control-name">AC-2 (5)</prop>
            <p class="narrative">[Agency's control implementation here]
</p>
            <prop class="status">none</prop>
         </part>
         <part class="satisfies">
            <prop class="control-name">AC-2 (7)</prop>
            <p class="narrative">[Agency's control implementation here]
</p>
            <p class="narrative">[Agency's control implementation here]
</p>
            <prop class="status">none</prop>
         </part>
         <part class="satisfies">
            <prop class="control-name">AC-2 (9)</prop>
            <p class="narrative">[Agency's control implementation here]
</p>
            <prop class="status">none</prop>
         </part>
         <part class="satisfies">
            <prop class="control-name">AC-2 (10)</prop>
            <p class="narrative">[Agency's control implementation here]
</p>
            <prop class="status">none</prop>
         </part>
         <part class="satisfies">
            <prop class="control-name">AC-3</prop>
            <p class="narrative">[Agency's control implementation here]
</p>
            <prop class="status">none</prop>
         </part>
         <part class="satisfies">
            <prop class="control-name">AC-4</prop>
            <p class="narrative">[Agency's control implementation here]
</p>
            <prop class="status">none</prop>
         </part>
         <part class="satisfies">
            <prop class="control-name">AC-5</prop>
            <p class="narrative">[Agency's control implementation here]
</p>
            <p class="narrative">[Agency's control implementation here]
</p>
            <p class="narrative">[Agency's control implementation here]
</p>
            <prop class="status">none</prop>
         </part>
         <part class="satisfies">
            <prop class="control-name">AC-6</prop>
            <p class="narrative">[Agency's control implementation here]
</p>
            <prop class="status">none</prop>
         </part>
         <part class="satisfies">
            <prop class="control-name">AC-6 (1)</prop>
            <p class="narrative">[Agency's control implementation here]
</p>
            <prop class="status">none</prop>
         </part>
         <part class="satisfies">
            <prop class="control-name">AC-6 (2)</prop>
            <p class="narrative">[Agency's control implementation here]
</p>
            <prop class="status">none</prop>
         </part>
         <part class="satisfies">
            <prop class="control-name">AC-6 (5)</prop>
            <p class="narrative">[Agency's control implementation here]
</p>
            <prop class="status">none</prop>
         </part>
         <part class="satisfies">
            <prop class="control-name">AC-6 (9)</prop>
            <p class="narrative">[Agency's control implementation here]
</p>
            <prop class="status">none</prop>
         </part>
         <part class="satisfies">
            <prop class="control-name">AC-6 (10)</prop>
            <p class="narrative">[Agency's control implementation here]
</p>
            <prop class="status">none</prop>
         </part>
         <part class="satisfies">
            <prop class="control-name">AC-7</prop>
            <p class="narrative">[Agency's control implementation here]
</p>
            <p class="narrative">[Agency's control implementation here]
</p>
            <prop class="status">none</prop>
         </part>
         <part class="satisfies">
            <prop class="control-name">AC-8</prop>
            <p class="narrative">[Agency's control implementation here]
</p>
            <prop class="status">none</prop>
         </part>
         <part class="satisfies">
            <prop class="control-name">AC-10</prop>
            <p class="narrative">[Agency's control implementation here]
</p>
            <prop class="status">none</prop>
         </part>
         <part class="satisfies">
            <prop class="control-name">AC-11</prop>
            <p class="narrative">[Agency's control implementation here]
</p>
            <p class="narrative">[Agency's control implementation here]
</p>
            <prop class="status">none</prop>
         </part>
         <part class="satisfies">
            <prop class="control-name">AC-11 (1)</prop>
            <p class="narrative">[Agency's control implementation here]
</p>
            <prop class="status">none</prop>
         </part>
         <part class="satisfies">
            <prop class="control-name">AC-12</prop>
            <p class="narrative">[Agency's control implementation here]
</p>
            <prop class="status">none</prop>
         </part>
         <part class="satisfies">
            <prop class="control-name">AC-14</prop>
            <p class="narrative">[Agency's control implementation here]
</p>
            <prop class="status">none</prop>
         </part>
         <part class="satisfies">
            <prop class="control-name">AC-17</prop>
            <p class="narrative">[Agency's control implementation here]
</p>
            <p class="narrative">[Agency's control implementation here]
</p>
            <prop class="status">none</prop>
         </part>
         <part class="satisfies">
            <prop class="control-name">AC-17 (4)</prop>
            <p class="narrative">[Agency's control implementation here]
</p>
            <prop class="status">none</prop>
         </part>
         <part class="satisfies">
            <prop class="control-name">AC-18 (1)</prop>
            <p class="narrative">[Agency's control implementation here]
</p>
            <prop class="status">none</prop>
         </part>
         <part class="satisfies">
            <prop class="control-name">AC-18</prop>
            <p class="narrative">[Agency's control implementation here]
</p>
            <prop class="status">none</prop>
         </part>
         <part class="satisfies">
            <prop class="control-name">AC-19 (5)</prop>
            <p class="narrative">[Agency's control implementation here]
</p>
            <prop class="status">none</prop>
         </part>
         <part class="satisfies">
            <prop class="control-name">AC-19</prop>
            <p class="narrative">[Agency's control implementation here]
</p>
            <prop class="status">none</prop>
         </part>
         <part class="satisfies">
            <prop class="control-name">AC-20</prop>
            <p class="narrative">[Agency's control implementation here]
</p>
            <prop class="status">none</prop>
         </part>
         <part class="satisfies">
            <prop class="control-name">AC-20 (2)</prop>
            <p class="narrative">[Agency's control implementation here]
</p>
            <prop class="status">none</prop>
         </part>
         <part class="satisfies">
            <prop class="control-name">AC-20 (1)</prop>
            <p class="narrative">[Agency's control implementation here]
</p>
            <prop class="status">none</prop>
         </part>
         <part class="satisfies">
            <prop class="control-name">AC-21</prop>
            <p class="narrative">[Agency's control implementation here]
</p>
            <prop class="status">none</prop>
         </part>
         <part class="satisfies">
            <prop class="control-name">AC-22</prop>
            <p class="narrative">[Agency's control implementation here]
</p>
            <prop class="status">none</prop>
         </part>
      </component>
      <component>
         <title>Security Awareness Training Policy for [Agency_Here]</title>
         <p class="description"/>
         <p class="responsibleRoles"/>
         <part class="satisfies">
            <prop class="control-name">AT-3</prop>
            <p class="narrative">[Agency's control implementation here]
</p>
            <prop class="status">none</prop>
         </part>
         <part class="satisfies">
            <prop class="control-name">AT-1</prop>
            <p class="narrative">[Agency's control implementation here]
</p>
            <p class="narrative">[Agency's control implementation here]
</p>
            <prop class="status">none</prop>
         </part>
         <part class="satisfies">
            <prop class="control-name">AT-2</prop>
            <p class="narrative">[Agency's control implementation here]
</p>
            <prop class="status">none</prop>
         </part>
         <part class="satisfies">
            <prop class="control-name">AT-2 (2)</prop>
            <p class="narrative">[Agency's control implementation here]
</p>
            <prop class="status">none</prop>
         </part>
         <part class="satisfies">
            <prop class="control-name">AT-4</prop>
            <p class="narrative">[Agency's control implementation here]
</p>
            <prop class="status">none</prop>
         </part>
      </component>
      <component>
         <title>Audit and Accountability Policy for [Agency_Here]</title>
         <p class="description"/>
         <p class="responsibleRoles"/>
         <part class="satisfies">
            <prop class="control-name">AU-1</prop>
            <p class="narrative">[Agency's control implementation here]
</p>
            <p class="narrative">[Agency's control implementation here]
</p>
            <prop class="status">complete</prop>
         </part>
         <part class="satisfies">
            <prop class="control-name">AU-2</prop>
            <p class="narrative">[Agency's control implementation here]
</p>
            <p class="narrative">[Agency's control implementation here]
</p>
            <prop class="status">complete</prop>
         </part>
         <part class="satisfies">
            <prop class="control-name">AU-2 (3)</prop>
            <p class="narrative">[Agency's control implementation here]
</p>
            <prop class="status">none</prop>
         </part>
         <part class="satisfies">
            <prop class="control-name">AU-3 (1)</prop>
            <p class="narrative">[Agency's control implementation here]
</p>
            <prop class="status">none</prop>
         </part>
         <part class="satisfies">
            <prop class="control-name">AU-4</prop>
            <p class="narrative">[Agency's control implementation here]
</p>
            <prop class="status">none</prop>
         </part>
         <part class="satisfies">
            <prop class="control-name">AU-5</prop>
            <p class="narrative">[Agency's control implementation here]
</p>
            <prop class="status">none</prop>
         </part>
         <part class="satisfies">
            <prop class="control-name">AU-6</prop>
            <p class="narrative">[Agency's control implementation here]
</p>
            <p class="narrative">[Agency's control implementation here]
</p>
            <prop class="status">none</prop>
         </part>
         <part class="satisfies">
            <prop class="control-name">AU-6 (1)</prop>
            <p class="narrative">[Agency's control implementation here]
</p>
         </part>
         <part class="satisfies">
            <prop class="control-name">AU-6 (3)</prop>
            <p class="narrative">[Agency's control implementation here]
</p>
         </part>
         <part class="satisfies">
            <prop class="control-name">AU-7</prop>
            <p class="narrative">[Agency's control implementation here]
</p>
            <prop class="status">none</prop>
         </part>
         <part class="satisfies">
            <prop class="control-name">AU-7 (1)</prop>
            <p class="narrative">[Agency's control implementation here]
</p>
            <prop class="status">none</prop>
         </part>
         <part class="satisfies">
            <prop class="control-name">AU-8</prop>
            <p class="narrative">[Agency's control implementation here]
</p>
            <prop class="status">none</prop>
         </part>
         <part class="satisfies">
            <prop class="control-name">AU-8 (1)</prop>
            <p class="narrative">[Agency's control implementation here]
</p>
            <prop class="status">none</prop>
         </part>
         <part class="satisfies">
            <prop class="control-name">AU-9</prop>
            <p class="narrative">[Agency's control implementation here]
</p>
            <prop class="status">none</prop>
         </part>
         <part class="satisfies">
            <prop class="control-name">AU-9 (2)</prop>
            <p class="narrative">[Agency's control implementation here]
</p>
            <prop class="status">none</prop>
         </part>
         <part class="satisfies">
            <prop class="control-name">AU-9 (4)</prop>
            <p class="narrative">[Agency's control implementation here]
</p>
            <prop class="status">none</prop>
         </part>
         <part class="satisfies">
            <prop class="control-name">AU-11</prop>
            <p class="narrative">[Agency's control implementation here]
</p>
            <prop class="status">none</prop>
         </part>
         <part class="satisfies">
            <prop class="control-name">AU-12</prop>
            <p class="narrative">[Agency's control implementation here]
</p>
            <prop class="status">none</prop>
         </part>
      </component>
      <component>
         <title>Security Assessment and Authorization Policy for [Agency_Here]</title>
         <p class="description"/>
         <p class="responsibleRoles"/>
         <part class="satisfies">
            <prop class="control-name">CA-1</prop>
            <p class="narrative">[Agency's control implementation here]
</p>
            <p class="narrative">[Agency's control implementation here]
</p>
            <prop class="status">none</prop>
         </part>
         <part class="satisfies">
            <prop class="control-name">CA-2 (3)</prop>
            <p class="narrative">[Agency's control implementation here]
</p>
            <prop class="status">none</prop>
         </part>
         <part class="satisfies">
            <prop class="control-name">CA-2</prop>
            <p class="narrative">[Agency's control implementation here]
</p>
            <p class="narrative">[Agency's control implementation here]
</p>
            <p class="narrative">[Agency's control implementation here]
</p>
            <p class="narrative">[Agency's control implementation here]
</p>
            <prop class="status">none</prop>
         </part>
         <part class="satisfies">
            <prop class="control-name">CA-2 (2)</prop>
            <p class="narrative">[Agency's control implementation here]
</p>
            <prop class="status">none</prop>
         </part>
         <part class="satisfies">
            <prop class="control-name">CA-2 (1)</prop>
            <p class="narrative">[Agency's control implementation here]
</p>
            <prop class="status">none</prop>
         </part>
         <part class="satisfies">
            <prop class="control-name">CA-2 (2)</prop>
            <p class="narrative">[Agency's control implementation here]
</p>
            <prop class="status">none</prop>
         </part>
         <part class="satisfies">
            <prop class="control-name">CA-2 (3)</prop>
            <p class="narrative">[Agency's control implementation here]
</p>
            <prop class="status">none</prop>
         </part>
         <part class="satisfies">
            <prop class="control-name">CA-3</prop>
            <p class="narrative">[Agency's control implementation here]
</p>
            <prop class="status">none</prop>
         </part>
         <part class="satisfies">
            <prop class="control-name">CA-3 (3)</prop>
            <p class="narrative">[Agency's control implementation here]
</p>
            <prop class="status">none</prop>
         </part>
         <part class="satisfies">
            <prop class="control-name">CA-3 (5)</prop>
            <p class="narrative">[Agency's control implementation here]
</p>
            <prop class="status">none</prop>
         </part>
         <part class="satisfies">
            <prop class="control-name">CA-5</prop>
            <p class="narrative">[Agency's control implementation here]
</p>
            <p class="narrative">[Agency's control implementation here]
</p>
            <prop class="status">none</prop>
         </part>
         <part class="satisfies">
            <prop class="control-name">CA-6</prop>
            <p class="narrative">[Agency's control implementation here]
</p>
            <p class="narrative">[Agency's control implementation here]
</p>
            <p class="narrative">[Agency's control implementation here]
</p>
            <prop class="status">none</prop>
         </part>
         <part class="satisfies">
            <prop class="control-name">CA-7</prop>
            <p class="narrative">[Agency's control implementation here]
</p>
            <p class="narrative">[Agency's control implementation here]
</p>
            <p class="narrative">[Agency's control implementation here]
</p>
            <p class="narrative">[Agency's control implementation here]
</p>
            <p class="narrative">[Agency's control implementation here]
</p>
            <p class="narrative">[Agency's control implementation here]
</p>
            <p class="narrative">[Agency's control implementation here]
</p>
            <prop class="status">none</prop>
         </part>
         <part class="satisfies">
            <prop class="control-name">CA-7 (1)</prop>
            <p class="narrative">[Agency's control implementation here]
</p>
            <prop class="status">none</prop>
         </part>
         <part class="satisfies">
            <prop class="control-name">CA-8 (1)</prop>
            <p class="narrative">[Agency's control implementation here]
</p>
            <prop class="status">none</prop>
         </part>
         <part class="satisfies">
            <prop class="control-name">CA-8</prop>
            <p class="narrative">[Agency's control implementation here]
</p>
            <prop class="status">none</prop>
         </part>
         <part class="satisfies">
            <prop class="control-name">CA-9</prop>
            <p class="narrative">[Agency's control implementation here]
</p>
            <prop class="status">none</prop>
         </part>
      </component>
      <component>
         <title>Configuration Management Policy for [Agency_Here]</title>
         <p class="description"/>
         <p class="responsibleRoles"/>
         <part class="satisfies">
            <prop class="control-name">CM-1</prop>
            <p class="narrative">[Agency's control implementation here]
</p>
            <p class="narrative">[Agency's control implementation here]
</p>
            <prop class="status">none</prop>
         </part>
         <part class="satisfies">
            <prop class="control-name">CM-2</prop>
            <p class="narrative">[Agency's control implementation here]
</p>
            <prop class="status">none</prop>
         </part>
         <part class="satisfies">
            <prop class="control-name">CM-2 (1)</prop>
            <p class="narrative">[Agency's control implementation here]
</p>
            <p class="narrative">[Agency's control implementation here]
</p>
            <p class="narrative">[Agency's control implementation here]
</p>
            <prop class="status">none</prop>
         </part>
         <part class="satisfies">
            <prop class="control-name">CM-2 (2)</prop>
            <p class="narrative">[Agency's control implementation here]
</p>
            <prop class="status">none</prop>
         </part>
         <part class="satisfies">
            <prop class="control-name">CM-2 (3)</prop>
            <p class="narrative">[Agency's control implementation here]
</p>
            <prop class="status">none</prop>
         </part>
         <part class="satisfies">
            <prop class="control-name">CM-2 (7)</prop>
            <p class="narrative">[Agency's control implementation here]
</p>
            <p class="narrative">[Agency's control implementation here]
</p>
            <prop class="status">none</prop>
         </part>
         <part class="satisfies">
            <prop class="control-name">CM-3</prop>
            <p class="narrative">[Agency's control implementation here]
</p>
            <p class="narrative">[Agency's control implementation here]
</p>
            <p class="narrative">[Agency's control implementation here]
</p>
            <p class="narrative">[Agency's control implementation here]
</p>
            <p class="narrative">[Agency's control implementation here]
</p>
            <p class="narrative">[Agency's control implementation here]
</p>
            <p class="narrative">[Agency's control implementation here]
</p>
            <prop class="status">none</prop>
         </part>
         <part class="satisfies">
            <prop class="control-name">CM-6</prop>
            <p class="narrative">[Agency's control implementation here]
</p>
            <p class="narrative">[Agency's control implementation here]
</p>
            <p class="narrative">[Agency's control implementation here]
</p>
            <p class="narrative">[Agency's control implementation here]
</p>
            <prop class="status">none</prop>
         </part>
         <part class="satisfies">
            <prop class="control-name">CM-8</prop>
            <p class="narrative">[Agency's control implementation here]
</p>
            <prop class="status">none</prop>
         </part>
      </component>
      <component>
         <title>Contingency Planning Policy for [Agency_Here]</title>
         <p class="description"/>
         <p class="responsibleRoles"/>
         <part class="satisfies">
            <prop class="control-name">CP-1</prop>
            <p class="narrative">[Agency's control implementation here]
</p>
            <p class="narrative">[Agency's control implementation here]
</p>
            <prop class="status">none</prop>
         </part>
         <part class="satisfies">
            <prop class="control-name">CP-2</prop>
            <p class="narrative">[Agency's control implementation here]
</p>
            <p class="narrative">[Agency's control implementation here]
</p>
            <p class="narrative">[Agency's control implementation here]
</p>
            <p class="narrative">[Agency's control implementation here]
</p>
            <p class="narrative">[Agency's control implementation here]
</p>
            <p class="narrative">[Agency's control implementation here]
</p>
            <p class="narrative">[Agency's control implementation here]
</p>
            <prop class="status">none</prop>
         </part>
         <part class="satisfies">
            <prop class="control-name">CP-2 (1)</prop>
            <p class="narrative">[Agency's control implementation here]
</p>
            <prop class="status">none</prop>
         </part>
         <part class="satisfies">
            <prop class="control-name">CP-2 (2)</prop>
            <p class="narrative">[Agency's control implementation here]
</p>
            <prop class="status">none</prop>
         </part>
         <part class="satisfies">
            <prop class="control-name">CP-2 (3)</prop>
            <p class="narrative">[Agency's control implementation here]
</p>
            <prop class="status">none</prop>
         </part>
         <part class="satisfies">
            <prop class="control-name">CP-2 (8)</prop>
            <p class="narrative">[Agency's control implementation here]
</p>
            <prop class="status">none</prop>
         </part>
         <part class="satisfies">
            <prop class="control-name">CP-3</prop>
            <p class="narrative">[Agency's control implementation here]
</p>
            <prop class="status">none</prop>
         </part>
         <part class="satisfies">
            <prop class="control-name">CP-4</prop>
            <p class="narrative">[Agency's control implementation here]
</p>
            <prop class="status">none</prop>
         </part>
         <part class="satisfies">
            <prop class="control-name">CP-4 (1)</prop>
            <p class="narrative">[Agency's control implementation here]
</p>
            <prop class="status">none</prop>
         </part>
         <part class="satisfies">
            <prop class="control-name">CP-6</prop>
            <p class="narrative">[Agency's control implementation here]
</p>
            <p class="narrative">[Agency's control implementation here]
</p>
            <prop class="status">none</prop>
         </part>
         <part class="satisfies">
            <prop class="control-name">CP-6 (1)</prop>
            <p class="narrative">[Agency's control implementation here]
</p>
            <prop class="status">none</prop>
         </part>
         <part class="satisfies">
            <prop class="control-name">CP-6 (3)</prop>
            <p class="narrative">[Agency's control implementation here]
</p>
            <prop class="status">none</prop>
         </part>
         <part class="satisfies">
            <prop class="control-name">CP-7</prop>
            <p class="narrative">[Agency's control implementation here]
</p>
            <p class="narrative">[Agency's control implementation here]
</p>
            <p class="narrative">[Agency's control implementation here]
</p>
            <prop class="status">none</prop>
         </part>
         <part class="satisfies">
            <prop class="control-name">CP-7 (1)</prop>
            <p class="narrative">[Agency's control implementation here]
</p>
            <prop class="status">none</prop>
         </part>
         <part class="satisfies">
            <prop class="control-name">CP-7 (2)</prop>
            <p class="narrative">[Agency's control implementation here]
</p>
            <prop class="status">none</prop>
         </part>
         <part class="satisfies">
            <prop class="control-name">CP-7 (3)</prop>
            <p class="narrative">[Agency's control implementation here]
</p>
            <prop class="status">none</prop>
         </part>
         <part class="satisfies">
            <prop class="control-name">CP-8</prop>
            <p class="narrative">[Agency's control implementation here]
</p>
            <prop class="status">none</prop>
         </part>
         <part class="satisfies">
            <prop class="control-name">CP-8 (1)</prop>
            <p class="narrative">[Agency's control implementation here]
</p>
            <p class="narrative">[Agency's control implementation here]
</p>
            <prop class="status">none</prop>
         </part>
         <part class="satisfies">
            <prop class="control-name">CP-9</prop>
            <p class="narrative">[Agency's control implementation here]
</p>
            <p class="narrative">[Agency's control implementation here]
</p>
            <p class="narrative">[Agency's control implementation here]
</p>
            <p class="narrative">[Agency's control implementation here]
</p>
            <prop class="status">none</prop>
         </part>
         <part class="satisfies">
            <prop class="control-name">CP-9 (1)</prop>
            <p class="narrative">[Agency's control implementation here]
</p>
            <prop class="status">none</prop>
         </part>
         <part class="satisfies">
            <prop class="control-name">CP-9 (3)</prop>
            <p class="narrative">[Agency's control implementation here]
</p>
            <prop class="status">none</prop>
         </part>
         <part class="satisfies">
            <prop class="control-name">CP-10</prop>
            <p class="narrative">[Agency's control implementation here]
</p>
            <prop class="status">none</prop>
         </part>
         <part class="satisfies">
            <prop class="control-name">CP-10 (2)</prop>
            <p class="narrative">[Agency's control implementation here]
</p>
            <prop class="status">none</prop>
         </part>
      </component>
      <component>
         <title>Docker Security Scanning (DSS)</title>
         <p class="description"/>
         <p class="responsibleRoles"/>
         <part class="satisfies">
            <prop class="control-name">RA-5 (1)</prop>
            <p class="narrative">'To assist the orgnization in meeting the requirements of this
control, the Docker Security Scanning (DSS) component of Docker
Trusted Registry (DTR) that is included with the Docker Enterprise
Edition Advanced tier can be used to scan Docker images for
vulnerabilities against known vulnerability databases. Scans can be
triggered either manually or when Docker images are pushed to DTR.'
</p>
            <prop class="origin">service provider hybrid</prop>
            <prop class="status">complete</prop>
         </part>
         <part class="satisfies">
            <prop class="control-name">RA-5 (2)</prop>
            <p class="narrative">'To assist the orgnization in meeting the requirements of this
control, the Docker Security Scanning component of Docker Trusted
Registry (DTR) that is included with the Docker Enterprise Edition
Advanced tier compiles a bill of materials (BOM) for each Docker image
that it scans. DSS is also synchronized to an aggregate listing of
known vulnerabilities that is compiled from both the MITRE and NVD CVE
databases. Additional information can be found at the following
resources:

- https://docs.docker.com/datacenter/dtr/2.3/guides/admin/configure/set-up-vulnerability-scans/
- https://success.docker.com/Architecture/Docker_Reference_Architecture%3A_Securing_Docker_EE_and_Security_Best_Practices#Image_Scanning'
</p>
            <prop class="origin">service provider hybrid</prop>
            <prop class="status">complete</prop>
         </part>
         <part class="satisfies">
            <prop class="control-name">RA-5 (3)</prop>
            <p class="narrative">'To assist the orgnization in meeting the requirements of this
control, the Docker Security Scanning component of Docker Trusted
Registry (DTR) that is included with the Docker Enterprise Edition
Advanced tier identifies vulnerabilities in a Docker image and marks
them against predefined criticality levels; critical major and minor.'
</p>
            <prop class="origin">service provider hybrid</prop>
            <prop class="status">complete</prop>
         </part>
         <part class="satisfies">
            <prop class="control-name">RA-5 (5)</prop>
            <p class="narrative">'Only the appropriate users that the organization has provided Docker
Trusted Registry access to are able to view and interpret
vulnerability scan results.'
</p>
            <prop class="origin">service provider hybrid</prop>
            <prop class="status">complete</prop>
         </part>
         <part class="satisfies">
            <prop class="control-name">RA-5 (6)</prop>
            <p class="narrative">'For each Docker image pushed to Docker Trusted Registry at a given
time, Docker Security Scaninng retains a list of vulnerabilities
detected. The DTR API can be queried to retrieve the vulnerability
scan results over a period of time for a given Docker image such that
the results can be compared per the requirements of this control.'
</p>
            <prop class="origin">service provider hybrid</prop>
            <prop class="status">complete</prop>
         </part>
         <part class="satisfies">
            <prop class="control-name">RA-5 (8)</prop>
            <p class="narrative">'Docker Security Scanning maintains a historical bill-of-materials
(BOM) for all Docker images that are scanned. Results of previous
vulnerability scans can be reviewed and audited per the requirements
of this control.'
</p>
            <prop class="origin">service provider hybrid</prop>
            <prop class="status">complete</prop>
         </part>
         <part class="reference">
            <id/>
            <title>DSS Documentation</title>
            <p class="description"/>
            <url>https://docs.docker.com/datacenter/dtr/2.3/guides/admin/configure/set-up-vulnerability-scans/</url>
         </part>
      </component>
      <component>
         <title>Docker Trusted Registry (DTR)</title>
         <p class="description"/>
         <p class="responsibleRoles"/>
         <part class="satisfies">
            <prop class="control-name">AC-2 (1)</prop>
            <p class="narrative">'To assist the organization in meeting the requirements of this
control, supporting documentation for managing users and teams can
found at the following resources:

- https://docs.docker.com/datacenter/dtr/2.3/guides/admin/manage-users/create-and-manage-users/
- https://docs.docker.com/datacenter/dtr/2.3/guides/admin/manage-users/create-and-manage-teams/'
</p>
            <prop class="origin">service provider hybrid</prop>
            <prop class="status">complete</prop>
         </part>
         <part class="satisfies">
            <prop class="control-name">AC-2 (7)</prop>
            <p class="narrative">'To assist the organization in meeting the requirements of this
control, supporting documentation can be found at the following
resources:

- https://docs.docker.com/datacenter/dtr/2.3/guides/admin/manage-users/permission-levels/'
</p>
            <prop class="origin">service provider hybrid</prop>
            <prop class="status">complete</prop>
         </part>
         <part class="satisfies">
            <prop class="control-name">AC-2 (12)</prop>
            <p class="narrative">'To assist the organization in meeting the requirements of this
control, supporting documentation can be found at the following
resources:

- https://docs.docker.com/datacenter/dtr/2.3/guides/admin/monitor-and-troubleshoot/
- https://docs.docker.com/datacenter/dtr/2.3/guides/admin/monitor-and-troubleshoot/troubleshoot-with-logs/'
</p>
            <prop class="origin">service provider hybrid</prop>
            <prop class="status">complete</prop>
         </part>
         <part class="satisfies">
            <prop class="control-name">AC-3</prop>
            <p class="narrative">'One can control which users and teams can create and manipulate
Docker Trusted Registry resources. By default, no one can make changes
to the cluster. Permissions can be granted and managed to enforce
fine-grained access control. Supporting documentation can be found at
the following resources:

- https://docs.docker.com/datacenter/dtr/2.3/guides/admin/manage-users/
- https://docs.docker.com/datacenter/dtr/2.3/guides/admin/manage-users/permission-levels/
- https://success.docker.com/KBase/Docker_Reference_Architecture%3A_Securing_Docker_Datacenter_and_Security_Best_Practices#Organizations_.E2.80.94_RBAC'
</p>
            <prop class="origin">Docker EE system</prop>
            <prop class="status">complete</prop>
         </part>
         <part class="satisfies">
            <prop class="control-name">AC-4</prop>
            <p class="narrative">'Supporting documentation to configure Docker Trusted Registry to meet
the requirements of this control can be found at the following
resources:

- https://docs.docker.com/datacenter/dtr/2.3/guides/architecture/
- https://docs.docker.com/datacenter/dtr/2.3/guides/admin/install/system-requirements/#/ports-used
- https://success.docker.com/KBase/Docker_Reference_Architecture%3A_Docker_Datacenter_Best_Practices_and_Design_Considerations#Infrastructure_Considerations'
</p>
            <prop class="origin">Docker EE system</prop>
            <prop class="status">complete</prop>
         </part>
         <part class="satisfies">
            <prop class="control-name">AC-4 (8)</prop>
            <p class="narrative">'Supporting documentation to configure Docker Trusted Registry to meet
the requirements of this control can be found at the following
resources:

- https://docs.docker.com/datacenter/dtr/2.3/guides/architecture/
- https://docs.docker.com/datacenter/dtr/2.3/guides/admin/install/system-requirements/#/ports-used
- https://success.docker.com/KBase/Docker_Reference_Architecture%3A_Docker_Datacenter_Best_Practices_and_Design_Considerations#Infrastructure_Considerations'
</p>
            <prop class="origin">shared</prop>
            <prop class="status">complete</prop>
         </part>
         <part class="satisfies">
            <prop class="control-name">AC-4 (21)</prop>
            <p class="narrative">'Supporting documentation to configure Docker Trusted Registry to meet
the requirements of this control can be found at the following
resources:

- https://docs.docker.com/datacenter/dtr/2.3/guides/architecture/
- https://docs.docker.com/datacenter/dtr/2.3/guides/admin/install/system-requirements/#/ports-used
- https://success.docker.com/KBase/Docker_Reference_Architecture%3A_Docker_Datacenter_Best_Practices_and_Design_Considerations#Infrastructure_Considerations'
</p>
            <prop class="origin">service provider hybrid</prop>
            <prop class="status">complete</prop>
         </part>
         <part class="satisfies">
            <prop class="control-name">AC-5</prop>
            <p class="narrative">'To assist the organization in meeting the requirements of this
control, one can control which users and teams can create and
manipulate Docker Trusted Registry resources. By default, no one can
make changes to the cluster. Permissions can be granted and managed to
enforce fine-grained access control. Supporting documentation can be
found at the following resources:

- https://docs.docker.com/datacenter/dtr/2.3/guides/admin/manage-users/
- https://docs.docker.com/datacenter/dtr/2.3/guides/admin/manage-users/permission-levels/
- https://success.docker.com/KBase/Docker_Reference_Architecture%3A_Securing_Docker_Datacenter_and_Security_Best_Practices#Organizations_.E2.80.94_RBAC'
</p>
            <prop class="origin">service provider hybrid</prop>
            <prop class="status">complete</prop>
         </part>
         <part class="satisfies">
            <prop class="control-name">AC-6 (10)</prop>
            <p class="narrative">'One can control which users and teams can create and manipulate
Docker Trusted Registry resources and prevent non-privileged users
from executing privileged functions per the requirements of this
control. By default, no one can make changes to the cluster.
Permissions can be granted and managed to enforce fine-grained access
control. Supporting documentation for the configuration of this
functionality can be found at the following resources:

- https://docs.docker.com/datacenter/dtr/2.3/guides/admin/manage-users/
- https://docs.docker.com/datacenter/dtr/2.3/guides/admin/manage-users/permission-levels/'
</p>
            <prop class="origin">Docker EE system</prop>
            <prop class="status">complete</prop>
         </part>
         <part class="satisfies">
            <prop class="control-name">AC-14</prop>
            <p class="narrative">'To help the organization meet the requirements of this control, a
review of actions allowed by unauthenticated users can be performed
within Docker Trusted Registry.'
</p>
            <prop class="origin">Docker EE system</prop>
            <prop class="status">complete</prop>
         </part>
         <part class="satisfies">
            <prop class="control-name">AC-17</prop>
            <p class="narrative">'To help the organization meet the requirements of this control,
Docker Trusted Registry can be configured to allow/prohibit remote
access.'
</p>
            <prop class="origin">service provider hybrid</prop>
            <prop class="status">complete</prop>
         </part>
         <part class="satisfies">
            <prop class="control-name">AC-17 (1)</prop>
            <p class="narrative">'Docker Trusted Registry logs and controls all local and remote
access events. In addition, auditing can be configured on the
underlying operating system to meet this control.'
</p>
            <prop class="origin">Docker EE system</prop>
            <prop class="status">complete</prop>
         </part>
         <part class="satisfies">
            <prop class="control-name">AC-17 (2)</prop>
            <p class="narrative">'All remote access sessions to Docker Trusted Registry are protected
with Transport Layer Security (TLS) 1.2. This is included at both the
HTTPS application layer for access to the DTR user interface and for
command-line based connections to the registry. In addition to this,
all communication to DTR is enforced by way of two-way mutual TLS
authentication.'
</p>
            <prop class="origin">Docker EE system</prop>
            <prop class="status">complete</prop>
         </part>
         <part class="satisfies">
            <prop class="control-name">AC-17 (3)</prop>
            <p class="narrative">'A combination of managed load balancers, firewalls and access control
lists, and virtual networking resources can be used to ensure traffic
destined for Docker Trusted Registry replicas is routed through
managed network access control points.'
</p>
            <prop class="origin">service provider hybrid</prop>
            <prop class="status">complete</prop>
         </part>
         <part class="satisfies">
            <prop class="control-name">AC-17 (9)</prop>
            <p class="narrative">'Built-in firewall technology in Docker Trusted Registry's underlying
operating system can be used to force the disconnection of remote
connections to the host. In addition, UCP slave nodes running Docker
Trusted Registry replicas can be paused or drained, which subsequently
stops sessions to the DTR replica.'
</p>
            <prop class="origin">service provider hybrid</prop>
            <prop class="origin">configured by customer</prop>
            <prop class="status">complete</prop>
         </part>
         <part class="satisfies">
            <prop class="control-name">AC-20</prop>
            <p class="narrative">'To help the organization meet the requirements of this control, one
can control which external systems can access Docker Trusted Registry.'
</p>
            <prop class="origin">service provider hybrid</prop>
            <prop class="status">complete</prop>
         </part>
         <part class="satisfies">
            <prop class="control-name">AC-20 (1)</prop>
            <p class="narrative">'To help the organization meet the requirements of this control, one
can control which external systems can access Docker Trusted Registry.'
</p>
            <prop class="origin">service provider hybrid</prop>
            <prop class="status">complete</prop>
         </part>
         <part class="satisfies">
            <prop class="control-name">AC-21</prop>
            <p class="narrative">'To help the organization meet the requirements of this control, one
can validate the assigned roles and access levels within Docker
Trusted Registry to control information sharing.'
</p>
            <prop class="origin">service provider hybrid</prop>
            <prop class="origin">shared</prop>
            <prop class="status">complete</prop>
         </part>
         <part class="satisfies">
            <prop class="control-name">AU-2</prop>
            <p class="narrative">'All of the event types indicated by this control are logged by a
combination of the backend ucp-controller service within Universal
Control Plane and the backend services that make up Docker Trusted
Registry. Additional documentation can be found at the following
resource:

- https://docs.docker.com/datacenter/dtr/2.3/guides/admin/monitor-and-troubleshoot/
- https://docs.docker.com/datacenter/dtr/2.3/guides/architecture/#dtr-internal-components
- https://docs.docker.com/datacenter/ucp/2.2/guides/architecture/#ucp-internal-components'
</p>
            <prop class="origin">service provider corporate</prop>
            <prop class="origin">Docker EE system</prop>
            <prop class="origin">service provider hybrid</prop>
            <prop class="origin">shared</prop>
            <prop class="status">complete</prop>
         </part>
         <part class="satisfies">
            <prop class="control-name">AU-3</prop>
            <p class="narrative">'Docker Trusted Registry generates all of the audit record information
indicated by this control. A sample audit event has been provided
below:

{"level":"info","license_key":"123456789123456789123456789","msg":"eNZi:Password
based auth
suceeded","remote_addr":"192.168.33.1:55905","time":"2016-11-09T22:41:01Z","type":"auth
ok","username":"dockeruser"}'
</p>
            <prop class="origin">Docker EE system</prop>
            <prop class="origin">shared</prop>
            <prop class="status">complete</prop>
         </part>
         <part class="satisfies">
            <prop class="control-name">AU-3 (1)</prop>
            <p class="narrative">'Universal Control Plane can be configured to log data to a remote
logging stack, which in turn, sends the Docker Trusted Registry
backend container audit records to the remote logging stack. The
logging stack can subsequently be used to interpolate the information
defined by this control from the logged audit records. Additional
information can be found at the following resource:

- https://docs.docker.com/datacenter/ucp/2.2/guides/admin/configure/store-logs-in-an-external-system/'
</p>
            <prop class="origin">Docker EE system</prop>
            <prop class="origin">shared</prop>
            <prop class="status">complete</prop>
         </part>
         <part class="satisfies">
            <prop class="control-name">AU-3 (2)</prop>
            <p class="narrative">'Universal Control Plane can be configured to log data to a remote
logging stack, which in turn, sends the Docker Trusted Registry
backend container audit records to the remote logging stack. The
logging stack can subsequently be used to interpolate the information
defined by this control from the logged audit records. Additional
information can be found at the following resource:

- https://docs.docker.com/datacenter/ucp/2.2/guides/admin/configure/store-logs-in-an-external-system/'
</p>
            <prop class="origin">Docker EE system</prop>
            <prop class="origin">shared</prop>
            <prop class="status">complete</prop>
         </part>
         <part class="satisfies">
            <prop class="control-name">AU-5</prop>
            <p class="narrative">'Universal Control Plane can be configured to log data to a remote
logging stack, which in turn, sends the Docker Trusted Registry
backend container audit records to the remote logging stack. The
logging stack can subsequently be configured to alert individuals in
the event of log processing failures. Additional information can be
found at the following resources:

- https://docs.docker.com/datacenter/ucp/2.2/guides/admin/configure/store-logs-in-an-external-system/'
</p>
            <prop class="origin">Docker EE system</prop>
            <prop class="origin">shared</prop>
            <prop class="status">complete</prop>
         </part>
         <part class="satisfies">
            <prop class="control-name">AU-5 (1)</prop>
            <p class="narrative">'Universal Control Plane can be configured to log data to a remote
logging stack, which in turn, sends the Docker Trusted Registry
backend container audit records to the remote logging stack. The
logging stack can subsequently be configured to warn the organization
when the allocated log storage is full. Additional information can be
found at the following resources:

- https://docs.docker.com/datacenter/ucp/2.2/guides/admin/configure/store-logs-in-an-external-system/'
</p>
            <prop class="origin">Docker EE system</prop>
            <prop class="origin">shared</prop>
            <prop class="status">complete</prop>
         </part>
         <part class="satisfies">
            <prop class="control-name">AU-5 (2)</prop>
            <p class="narrative">'Universal Control Plane can be configured to log data to a remote
logging stack, which in turn, sends the Docker Trusted Registry
backend container audit records to the remote logging stack. The
logging stack can subsequently be configured to warn the organization
when audit log failures occur. Additional information can be found at
the following resources:

- https://docs.docker.com/datacenter/ucp/2.2/guides/admin/configure/store-logs-in-an-external-system/'
</p>
            <prop class="origin">Docker EE system</prop>
            <prop class="origin">shared</prop>
            <prop class="status">complete</prop>
         </part>
         <part class="satisfies">
            <prop class="control-name">AU-6 (4)</prop>
            <p class="narrative">'Universal Control Plane can be configured to log data to a remote
logging stack, which in turn, sends the Docker Trusted Registry
backend container audit records to the remote logging stack. The
organization can subsequently centrally review and analyze all of the
Docker EE audit records. Additional information can be found at the
following resources:

- https://docs.docker.com/datacenter/ucp/2.2/guides/admin/configure/store-logs-in-an-external-system/'
</p>
            <prop class="origin">Docker EE system</prop>
            <prop class="origin">shared</prop>
            <prop class="status">complete</prop>
         </part>
         <part class="satisfies">
            <prop class="control-name">AU-7</prop>
            <p class="narrative">'Universal Control Plane can be configured to log data to a remote
logging stack, which in turn, sends the Docker Trusted Registry
backend container audit records to the remote logging stack. The
logging stack can subsequently be used to facilitate the audit
reduction and report generation requirements of this control.
Additional information can be found at the following resources:

- https://docs.docker.com/datacenter/ucp/2.2/guides/admin/configure/store-logs-in-an-external-system/'
</p>
            <p class="narrative">'The underlying operating system chosen to support Docker Trusted
Registry should be certified to ensure that logs are not altered
during generation and transmission to a remote logging stack.'
</p>
            <prop class="origin">Docker EE system</prop>
            <prop class="origin">shared</prop>
         </part>
         <part class="satisfies">
            <prop class="control-name">AU-7 (1)</prop>
            <p class="narrative">'Universal Control Plane can be configured to log data to a remote
logging stack, which in turn, sends the Docker Trusted Registry
backend container audit records to the remote logging stack. The
logging stack can subsequently be configured to parse information by
organization-defined audit fields. Additional information can be found
at the following resources:

- https://docs.docker.com/datacenter/ucp/2.2/guides/admin/configure/store-logs-in-an-external-system/'
</p>
            <prop class="origin">Docker EE system</prop>
            <prop class="origin">shared</prop>
            <prop class="status">complete</prop>
         </part>
         <part class="satisfies">
            <prop class="control-name">AU-8</prop>
            <p class="narrative">'Docker Trusted Registry uses the system clock of the underlying
operating system on which it runs. This behavior cannot be modified.'
</p>
            <p class="narrative">'The underlying operating system on which Docker Trusted Registry runs
should be configured such that its system clock uses Coordinated
Universal Time (UTC) as indicated by this control. Refer to the
operating system's instructions for doing so.'
</p>
            <prop class="origin">service provider hybrid</prop>
            <prop class="status">complete</prop>
         </part>
         <part class="satisfies">
            <prop class="control-name">AU-8 (1)</prop>
            <p class="narrative">'The underlying operating system on which Docker Trusted Registry runs
should be configured such that its system clock compares itself with
an authoritative time source as indicated by this control. This can be
accomplished by utilizing the Network Time Protocol (NTP). Refer to
the operating system's instructions for doing so.'
</p>
            <p class="narrative">'The underlying operating system on which Docker Trusted Registry runs
should be configured such that its system clock synchronizes itself to
an authoritative time source as defined by part (a) of this control
any time the time difference exceeds that of the organization-defined
time period. This can be accomplished by utilizing the Network Time
Protocol (NTP). Refer to the operating system's instructions for doing
so.'
</p>
            <prop class="origin">service provider hybrid</prop>
            <prop class="status">complete</prop>
         </part>
         <part class="satisfies">
            <prop class="control-name">AU-9</prop>
            <p class="narrative">'By default, Docker Trusted Registry is configured to use the
underlying logging capabilities of Docker Enterprise Edition. As such,
on the underlying Linux operating system, only root and sudo users and
users that have been added to the ''docker'' group have the ability to
access the logs generated by UCP backend service containers. In
addition, only UCP Administrator users can change the logging endpoint
of the system should it be decided that logs be sent to a remote
logging stack. In this case, the organization is responsible for
configuring the remote logging stack per the provisions of this
control.'
</p>
            <prop class="origin">service provider hybrid</prop>
            <prop class="status">complete</prop>
         </part>
         <part class="satisfies">
            <prop class="control-name">AU-9 (2)</prop>
            <p class="narrative">'Docker Trusted Registry resides as an Application on a Universal
Control Plane cluster, and can be configured to send logs to a remote
logging stack. The logging stack can subsequently be configured to
back up audit records per the schedule defined by this control.
Additional information can be found at the following resources:

- https://docs.docker.com/datacenter/ucp/2.2/guides/admin/configure/store-logs-in-an-external-system/'
</p>
            <prop class="origin">service provider hybrid</prop>
            <prop class="status">complete</prop>
         </part>
         <part class="satisfies">
            <prop class="control-name">AU-9 (3)</prop>
            <p class="narrative">'Docker Trusted Registry resides as an Application on a Universal
Control Plane cluster, and can be configured to send logs to a remote
logging stack. The logging stack can subsequently be configured to
meet the encryption mechanisms required by this control. Additional
information can be found at the following resources:

- https://docs.docker.com/datacenter/ucp/2.2/guides/admin/configure/store-logs-in-an-external-system/'
</p>
            <prop class="origin">service provider hybrid</prop>
            <prop class="status">complete</prop>
         </part>
         <part class="satisfies">
            <prop class="control-name">AU-11</prop>
            <p class="narrative">'The organization will be responsible for meeting the requirements of
this control. To assist with these requirements, Docker Trusted
Registry resides as an Application on a Universal Control Plane
cluster, and as such, can be configured to send logs to a remote
logging stack. This logging stack can subsequently be configured to
retain logs for the duration required by this control. Additional
information can be found at the following resources:

- https://docs.docker.com/datacenter/ucp/2.2/guides/admin/configure/store-logs-in-an-external-system/'
</p>
            <prop class="origin">service provider corporate</prop>
            <prop class="origin">Docker EE system</prop>
            <prop class="origin">service provider hybrid</prop>
            <prop class="origin">shared</prop>
            <prop class="status">complete</prop>
         </part>
         <part class="satisfies">
            <prop class="control-name">AU-12</prop>
            <p class="narrative">'All of the event types indicated by AU-2 a. are logged by a
combination of the backend services within Universal Control Plane and
Docker Trusted Registry. The underlying Linux operating system
supporting DTR can be configured to audit Docker-specific events with
the auditd daemon. Refer to the specific Linux distribution in use for
instructions on configuring this service. Additional information can
be found at the following resources:

- https://docs.docker.com/datacenter/dtr/2.3/guides/admin/monitor-and-troubleshoot/'
</p>
            <p class="narrative">'Using auditd on the Linux operating system supporting DTR, the
organization can configure audit rules to select which Docker-specific
events are to be audited. Refer to the specific Linux distribution in
use for instructions on configuring this service.'
</p>
            <prop class="origin">Docker EE system</prop>
            <prop class="origin">shared</prop>
            <prop class="status">complete</prop>
         </part>
         <part class="satisfies">
            <prop class="control-name">AU-12 (1)</prop>
            <p class="narrative">'Docker Trusted Registry resides as an Application on a Universal
Control Plane cluster, and as such, can be configured to send logs to
a remote logging stack. This logging stack can subsequently be used to
compile audit records in to a system-wide audit trail that is
time-correlated per the requirements of this control. Additional
information can be found at the following resources:

- https://docs.docker.com/datacenter/ucp/2.2/guides/admin/configure/store-logs-in-an-external-system/'
</p>
            <prop class="origin">Docker EE system</prop>
            <prop class="origin">shared</prop>
            <prop class="status">complete</prop>
         </part>
         <part class="satisfies">
            <prop class="control-name">AU-12 (3)</prop>
            <p class="narrative">'Docker Trusted Registry resides as an Application on a Universal
Control Plane cluster, and as such, can be configured to send logs to
a remote logging stack. This logging stack can subsequently be used to
meet the requirements of this control. Additional information can be
found at the following resources:

- https://docs.docker.com/datacenter/ucp/2.2/guides/admin/configure/store-logs-in-an-external-system/'
</p>
            <prop class="origin">service provider hybrid</prop>
            <prop class="origin">shared</prop>
            <prop class="status">complete</prop>
         </part>
         <part class="satisfies">
            <prop class="control-name">CM-5 (1)</prop>
            <p class="narrative">'Role-based access control can be configured within Docker Trusted
Registry to meet the requirements of this control. Additional
information can be found at the following resources:

- https://docs.docker.com/datacenter/dtr/2.3/guides/admin/manage-users/
- https://docs.docker.com/datacenter/dtr/2.3/guides/admin/manage-users/permission-levels/
- https://success.docker.com/Architecture/Docker_Reference_Architecture%3A_Securing_Docker_EE_and_Security_Best_Practices#Organizations_.E2.80.94_RBAC'
</p>
            <prop class="origin">Docker EE system</prop>
            <prop class="status">complete</prop>
         </part>
         <part class="satisfies">
            <prop class="control-name">CM-5 (3)</prop>
            <p class="narrative">'Docker Content Trust is a capability provided by Docker Enterprise
Edition that enforces client-side signing and verification of Docker
image tags. It provides the ability to use digital signatures for data
sent to and received from Docker Trusted Registry and the public
Docker Store. These signatures allow client-side verification of the
integrity and publisher of specific image tags. All Docker Trusted
Registry Docker images are officially signed and verified by Docker,
Inc.

When installing Docker Trusted Registry, you should enable Docker
Content Trust and subsequently pull the the signed DTR image tag.
Additional information can be found at teh following resources:

- https://docs.docker.com/engine/security/trust/content_trust/
- https://docs.docker.com/datacenter/ucp/2.2/guides/admin/configure/run-only-the-images-you-trust/
- https://docs.docker.com/datacenter/dtr/2.3/guides/user/manage-images/sign-images/manage-trusted-repositories/'
</p>
            <prop class="origin">service provide hybrid</prop>
            <prop class="origin">shared</prop>
            <prop class="status">complete</prop>
         </part>
         <part class="satisfies">
            <prop class="control-name">CM-6 (1)</prop>
            <p class="narrative">'The organization is responsible for meeting the requirements of this
control. To assist with these requirements, the organization can
incorporate the use of an external configuration management system to
meet the requirements of this control. Docker Trusted Registry''s
configuration can also be backed up and stored an appropriate location
per the requirements of this control. Additional documenation can be
found at the following resources:

- https://docs.docker.com/datacenter/dtr/2.3/guides/admin/backups-and-disaster-recovery/'
</p>
            <prop class="origin">service provider hybrid</prop>
            <prop class="status">complete</prop>
         </part>
         <part class="satisfies">
            <prop class="control-name">CM-7 (2)</prop>
            <p class="narrative">'The organization can define a list of allowed base Docker images and
make them available via Docker Trusted Registry. The organization can
also prevent users from being able to pull Docker images from
untrusted sources.'
</p>
            <prop class="origin">Docker EE system</prop>
            <prop class="status">complete</prop>
         </part>
         <part class="satisfies">
            <prop class="control-name">CM-7 (5)</prop>
            <p class="narrative">'The organization is responsible for meeting the requirements of this
control. To assist with these requirements, the organization can
define a list of allowed base Docker images and make them available
via Docker Trusted Registry. The organization can also prevent users
from being able to pull Docker images from untrusted sources.'
</p>
            <p class="narrative">'The organization is responsible for meeting the requirements of this
control. To assist with these requirements, the organization can
configure its systems to ensure that only approved Docker images are
stored in Docker Trusted Registry. This can be accomplished by using
Docker Content Trust to sign Docker images which can subsequently be
stored in Docker Trusted Registry.'
</p>
            <prop class="origin">service provider hybrid</prop>
            <prop class="origin">shared</prop>
            <prop class="status">complete</prop>
         </part>
         <part class="satisfies">
            <prop class="control-name">CM-11</prop>
            <p class="narrative">'The organization is responsible for meeting the requirements of this
control. To assist with these requirements, the organization can
define a list of allowed base Docker images and make them available
via Docker Trusted Registry. The organization can also prevent users
from being able to pull Docker images from untrusted sources.'
</p>
            <prop class="origin">service provider hybrid</prop>
            <prop class="origin">shared</prop>
            <prop class="status">complete</prop>
         </part>
         <part class="satisfies">
            <prop class="control-name">CM-11 (1)</prop>
            <p class="narrative">'The organization can define a list of allowed base Docker images and
make them available via Docker Trusted Registry to meet the
requirements of this contorl. The organization can also prevent users
from being able to pull Docker images from untrusted sources.'
</p>
            <prop class="origin">service provider hybrid</prop>
            <prop class="origin">shared</prop>
            <prop class="status">complete</prop>
         </part>
         <part class="satisfies">
            <prop class="control-name">CP-10 (2)</prop>
            <p class="narrative">'Docker Trusted Registry maintains its cluster state via an internal
key-value store. This, and other DTR transactions can be backed up and
recovered. Additional information can be found at the following
resources:

- https://docs.docker.com/datacenter/dtr/2.3/guides/admin/backups-and-disaster-recovery/
- https://success.docker.com/Architecture/Docker_Reference_Architecture%3A_Docker_EE_Best_Practices_and_Design_Considerations#DTR_Backup'
</p>
            <prop class="origin">Docker EE system</prop>
            <prop class="status">complete</prop>
         </part>
         <part class="satisfies">
            <prop class="control-name">IA-2 (5)</prop>
            <p class="narrative">'The organization is responsible for meeting the requirements of this
control. To assist with meeting these requirements, Docker Trusted
Registry requires individual users to be authenticated in order to
gain access to the system. Any permissions granted to the team(s) that
which the user is a member are subsequently applied.'
</p>
            <prop class="origin">service provider hybrid</prop>
            <prop class="status">complete</prop>
         </part>
         <part class="satisfies">
            <prop class="control-name">IA-3</prop>
            <p class="narrative">'Docker Trusted Registry replicas reside on Universal Control Plane
worker nodes. In order for UCP worker nodes to join a Universal
Control Plane cluster, they must be identified and authenticated via a
worker token. Additional Docker Trusted Registry replicas can only be
added after a UCP administrator user has authenticated in to the UCP
cluster and when mutual TLS authentication between the UCP worker and
manager nodes has been established. Additional information can be found at the following resources:

- https://docs.docker.com/datacenter/dtr/2.3/guides/admin/install/#step-7-join-replicas-to-the-cluster'
</p>
            <prop class="origin">Docker EE system</prop>
            <prop class="status">complete</prop>
         </part>
         <part class="satisfies">
            <prop class="control-name">IA-5 (2)</prop>
            <p class="narrative">'Docker Trusted Registry includes a Docker volume which holds the root
key material for the DTR root CA that issues certificats. In addition
Universal Control Plane contains two, built-in root certificate
authorities. One CA is used for signing client bundles generated by
users. The other CA is used for TLS communication between UCP cluster
nodes. Should you choose to use certificates signed by an external CA,
in order to successfully authenticate in to the system, those
certificates must include a root CA public certificate, a service
certificate and any intermediate CA public certificates (in addition
to SANs for all addresses used to reach the UCP controller), and a
private key for the server. When adding DTR replicas, the UCP nodes on
which they're installed are authenticated to the cluster via the
appropriate built-in CA.'
</p>
            <p class="narrative">'Access to Docker Trusted Registry is only granted when a user has a
valid certificate bundle. This is enforced with the public/private key
pair included with the user's certificate bundle in Universal Control
Plane.'
</p>
            <p class="narrative">'Only after a client bundle has been generated or an existing public
key has been added for a particular user is that user able to execute
commands against Docker Trusted Registry. This bundle maps the
authenticated identity to that of the user's profile in Universal
Control Plane.'
</p>
            <p class="narrative">'When a client bundle has been generated or an existing public key has
been added for a particular Universal Control Plane user which
subsequently grants that user access to Docker Trusted Registry, it is
attached to that user''s Universal Control Plane profile. Bundles/keys
can be revoked by an Administrator or the user themselves. The
cluster''s internal certificates can also be revoked and updated.
Additional information can be found at the following resources:

- https://docs.docker.com/datacenter/ucp/2.2/guides/admin/configure/use-your-own-tls-certificates/
- https://docs.docker.com/datacenter/dtr/2.3/guides/admin/configure/use-your-own-tls-certificates/'
</p>
            <prop class="origin">Docker EE system</prop>
            <prop class="status">complete</prop>
         </part>
         <part class="satisfies">
            <prop class="control-name">IA-6</prop>
            <p class="narrative">'Docker Trusted Registry obscures all feedback of authentication
information during the authentication process. This includes both
authentication via the web UI and the CLI.'
</p>
            <prop class="origin">Docker EE system</prop>
            <prop class="status">complete</prop>
         </part>
         <part class="satisfies">
            <prop class="control-name">IA-7</prop>
            <p class="narrative">'All access to Docker Trusted Registry is protected with Transport
Layer Security (TLS) 1.2 with the AES-GCM cipher. This includes both
SSH access to the individual UCP nodes and CLI-/web-based access to
the UCP management functions with mutual TLS and HTTPS respectively.'
</p>
            <prop class="origin">Docker EE system</prop>
            <prop class="status">complete</prop>
         </part>
         <part class="satisfies">
            <prop class="control-name">IA-8</prop>
            <p class="narrative">'Users managed by Docker Trusted Registry can be grouped per the
requirements of the organization and as defined by this control. This
can include groupings for non-organizational users.'
</p>
            <prop class="origin">Docker EE system</prop>
            <prop class="status">complete</prop>
         </part>
         <part class="satisfies">
            <prop class="control-name">RA-5 (1)</prop>
            <p class="narrative">'The Docker Security Scanning tool allows for the scanning of Docker
images in Docker Trusted Registry against the Common Vulnerabilities
and Exposures (CVE) dictionary.'
</p>
            <prop class="origin">service provider hybrid</prop>
            <prop class="status">complete</prop>
         </part>
         <part class="satisfies">
            <prop class="control-name">RA-5 (3)</prop>
            <p class="narrative">'The Docker Security Scanning tool allows for the scanning of Docker
images in Docker Trusted Registry against the Common Vulnerabilities
and Exposures (CVE).' dictionary.
</p>
            <prop class="origin">service provider hybrid</prop>
            <prop class="status">complete</prop>
         </part>
         <part class="satisfies">
            <prop class="control-name">SA-10 (1)</prop>
            <p class="narrative">'Docker Content Trust gives you the ability to verify both the
integrity and the publisher of all the data received from a Docker
Trusted Registry over any channel. It allows operations with a remote
DTR instance to enforce client-side signing and verification of image
tags. It provides for the ability to use digital signatures for data
sent to and receive from remote DTR instances. These signatures allow
client-side verification of the integrity and publisher of specific
image tags. Docker Trusted Registry includes an integrated imaging
signing service.'
</p>
            <prop class="origin">service provider hybrid</prop>
            <prop class="status">complete</prop>
         </part>
         <part class="satisfies">
            <prop class="control-name">SC-2</prop>
            <p class="narrative">'Docker Trusted Registry is made up of a number of backend services
that provide for both user functionality (including user interface
services) and system management functionality. Each of these services
operates independently of one another. Additional information can be
found at the following resources:

- https://docs.docker.com/datacenter/dtr/2.3/guides/architecture/
- https://success.docker.com/Architecture/Docker_Reference_Architecture%3A_Docker_EE_Best_Practices_and_Design_Considerations#Docker_Trusted_Registry'
</p>
            <prop class="origin">Docker EE system</prop>
            <prop class="status">complete</prop>
         </part>
         <part class="satisfies">
            <prop class="control-name">SC-23</prop>
            <p class="narrative">'All remote access sessions to Docker Trusted Registry are protected
with Transport Layer Security (TLS) 1.2 with the AES GCM cipher. This
is included at both the HTTPS application layer for access to the DTR
user interface and for command-line based connections to the registry.
In addition to this, all communication to DTR is enforced by way of
two-way mutual TLS authentication.'
</p>
            <prop class="origin">Docker EE system</prop>
            <prop class="status">complete</prop>
         </part>
         <part class="satisfies">
            <prop class="control-name">SC-28 (1)</prop>
            <p class="narrative">'All remote access sessions to Docker Trusted Registry are protected
with Transport Layer Security (TLS) 1.2 with the AES GCM cipher. This
is included at both the HTTPS application layer for access to the DTR
user interface and for command-line based connections to the registry.
In addition to this, all communication to DTR is enforced by way of
two-way mutual TLS authentication.'
</p>
            <prop class="origin">Docker EE system</prop>
            <prop class="status">complete</prop>
         </part>
         <part class="satisfies">
            <prop class="control-name">SI-11</prop>
            <p class="narrative">'All error messages generated via the configured logging mechanism of
Docker Trusted Registry are displayed such that they meet the
requirements of this control. Only users that are authorized the
appropriate level of access can view these error messages.'
</p>
            <prop class="origin">Docker EE system</prop>
            <prop class="status">complete</prop>
         </part>
         <part class="reference">
            <id/>
            <title>Docker Trusted Registry Documentation</title>
            <p class="description"/>
            <url>https://docs.docker.com/datacenter/dtr/2.3/guides/</url>
         </part>
      </component>
      <component>
         <title>Docker Enterprise Edition Engine</title>
         <p class="description"/>
         <p class="responsibleRoles"/>
         <part class="satisfies">
            <prop class="control-name">AC-2 (12)</prop>
            <p class="narrative">'To assist the organization in meeting the requirements of this
control, Docker Enterprise Edition can be configured to aggregate
container and daemon events via a number of logging drivers.
Supporting documentation can be found at the following resources:

- https://docs.docker.com/engine/admin/logging/view_container_logs/
- https://docs.docker.com/engine/admin/logging/overview/
- https://docs.docker.com/engine/admin/logging/log_tags/'
</p>
            <prop class="origin">service provider hybrid</prop>
            <prop class="status">complete</prop>
         </part>
         <part class="satisfies">
            <prop class="control-name">AC-4</prop>
            <p class="narrative">'Docker Enterprise Edition can be configured to control the flow of
information that originates from applications running in containers.
Supporting documentation can be found at the following resources:

- https://docs.docker.com/engine/userguide/networking/
- http://success.docker.com/Datacenter/Apply/Docker_Reference_Architecture%3A_Designing_Scalable%2C_Portable_Docker_Container_Networks'
</p>
            <prop class="origin">service provider hybrid</prop>
            <prop class="status">complete</prop>
         </part>
         <part class="satisfies">
            <prop class="control-name">AC-4 (8)</prop>
            <p class="narrative">'Docker Enterprise Edition can be configured to control the flow of
information that originates from applications running in containers
per organization-defined security policy filters. Supporting
documentation can be found at the following resources:

- https://docs.docker.com/engine/userguide/networking/
- http://success.docker.com/Datacenter/Apply/Docker_Reference_Architecture%3A_Designing_Scalable%2C_Portable_Docker_Container_Networks

There are also third-party behavioral activity monitoring tools (e.g.
Sysdig Falco &lt;http://www.sysdig.org/falco/&gt;) that can be used
alongside Docker Enterprise Edition to satisfy this control''s
requirements.'
</p>
            <prop class="origin">service provider hybrid</prop>
            <prop class="status">complete</prop>
         </part>
         <part class="satisfies">
            <prop class="control-name">AC-4 (21)</prop>
            <p class="narrative">'Docker Enterprise Edition can be configured to separate the flow of
information that originates from applications running in containers.
Supporting documentation can be found at the following resources:

- https://docs.docker.com/engine/userguide/networking/
- http://success.docker.com/Datacenter/Apply/Docker_Reference_Architecture%3A_Designing_Scalable%2C_Portable_Docker_Container_Networks'
</p>
            <prop class="origin">service provider hybrid</prop>
            <prop class="status">complete</prop>
         </part>
         <part class="satisfies">
            <prop class="control-name">AC-14</prop>
            <p class="narrative">'To help the organization meet the requirements of this control, one
can restrict membership to the 'docker' group on underlying Linux
hosts or the local "Administrators" group (and any other groups
defined within 'daemon.json') on underlying Windows Server 2016 hosts
to only authorized users.'
</p>
            <prop class="origin">Docker EE system</prop>
            <prop class="status">complete</prop>
         </part>
         <part class="satisfies">
            <prop class="control-name">AC-17</prop>
            <p class="narrative">'To help the organization meet the requirements of this control,
Docker Enterprise Edition can be configured to allow/prohibit remote
access to the Engine.'
</p>
            <prop class="origin">service provider hybrid</prop>
            <prop class="status">complete</prop>
         </part>
         <part class="satisfies">
            <prop class="control-name">AC-17 (1)</prop>
            <p class="narrative">'Docker Enterprise Edition logs and controls all local and remote
access events. In addition, auditing can be configured on the
underlying operating system to meet this control.'
</p>
            <prop class="origin">Docker EE system</prop>
            <prop class="status">complete</prop>
         </part>
         <part class="satisfies">
            <prop class="control-name">AC-17 (2)</prop>
            <p class="narrative">'All remote access sessions to Docker Enterprise Edition are protected
with Transport Layer Security (TLS) 1.2. In addition to this, all
communication to Docker Enterprise Edition is enforced by way of
two-way mutual TLS authentication.'
</p>
            <prop class="origin">Docker EE system</prop>
            <prop class="status">complete</prop>
         </part>
         <part class="satisfies">
            <prop class="control-name">AC-17 (3)</prop>
            <p class="narrative">'A combination of managed load balancers, firewalls and access control
lists, and virtual networking resources can be used to ensure traffic
destined for Docker Enterprise Edition is routed through managed
network access control points.'
</p>
            <prop class="origin">service provider hybrid</prop>
            <prop class="status">complete</prop>
         </part>
         <part class="satisfies">
            <prop class="control-name">AC-17 (9)</prop>
            <p class="narrative">'Built-in firewall technology in Docker Enterprise Edition's
underlying operating system can be used to force the disconnection of
remote connections to the host. In addition, Docker Enterprise Edition
provides the option to pause or drain a node in the cluster, which
subsequently stops and/or removes sessions to the node. Individual
services and/or applications running on Docker Enterprise Edition can
also be stopped and/or removed.'
</p>
            <prop class="origin">service provider hybrid</prop>
            <prop class="origin">configured by customer</prop>
            <prop class="status">complete</prop>
         </part>
         <part class="satisfies">
            <prop class="control-name">AU-2</prop>
            <p class="narrative">'Both Universal Control Plane and Docker Trusted Registry backend
service containers, all of which reside on Docker Enterprise Edition,
log all of the event types indicated by this control (as explained by
their component narratives). These and other application containers
that reside on Docker Enterprise Edition can be configured to log data
via an appropriate Docker logging driver. Instructions for configuring
logging drivers can be found at the following resource:

- https://docs.docker.com/engine/admin/logging/overview/'
</p>
            <prop class="origin">service provider hybrid</prop>
            <prop class="origin">shared</prop>
            <prop class="status">complete</prop>
         </part>
         <part class="satisfies">
            <prop class="control-name">AU-3</prop>
            <p class="narrative">'Both Universal Control Plane and Docker Trusted Registry are
pre-configured to take advantage of Docker Enterprise Edition''s
built-in logging mechanisms. A sample audit event recorded by Docker
Enterprise Edition has been provided below:

{"level":"info","license_key":"123456789123456789123456789","msg":"eNZi:Password
based auth
suceeded","remote_addr":"192.168.33.1:55905","time":"2016-11-09T22:41:01Z","type":"auth
ok","username":"dockeruser"}

Additional documentation can be referenced at the following resource:

- https://docs.docker.com/engine/admin/logging/overview/'
</p>
            <prop class="origin">Docker EE system</prop>
            <prop class="origin">shared</prop>
            <prop class="status">complete</prop>
         </part>
         <part class="satisfies">
            <prop class="control-name">AU-3 (1)</prop>
            <p class="narrative">'Docker Enterprise Edition can be configured with various logging
drivers to send audit events to an external logging stack. The logging
stack can subsequently be used to interpolate the information defined
by this control from the logged audit records. Additional
documentation can be found at the following resource:

- https://docs.docker.com/engine/admin/logging/overview/'
</p>
            <prop class="origin">Docker EE system</prop>
            <prop class="origin">shared</prop>
            <prop class="status">complete</prop>
         </part>
         <part class="satisfies">
            <prop class="control-name">AU-3 (2)</prop>
            <p class="narrative">'Docker Enterprise Edition can be configured with various logging
drivers to send audit events to an external logging stack. The logging
stack can subsequently be used to interpolate the information defined
by this control from the logged audit records. Additional
documentation can be found at the following resource:

- https://docs.docker.com/engine/admin/logging/overview/'
</p>
            <prop class="origin">Docker EE system</prop>
            <prop class="origin">shared</prop>
            <prop class="status">complete</prop>
         </part>
         <part class="satisfies">
            <prop class="control-name">AU-5</prop>
            <p class="narrative">'Docker Enterprise Edition can be configured with various logging
drivers to send audit events to an external logging stack. The logging
stack can be used to interpolate the information defined by this
control and also be configured to alert on any audit processing
failures. Additional information can be found at the following
resources:

- https://docs.docker.com/engine/admin/logging/overview/'
</p>
            <prop class="origin">Docker EE system</prop>
            <prop class="origin">shared</prop>
            <prop class="status">complete</prop>
         </part>
         <part class="satisfies">
            <prop class="control-name">AU-5 (1)</prop>
            <p class="narrative">'Docker Enterprise Edition can be configured with various logging
drivers to send audit events to an external logging stack. The logging
stack can subsequently be configured to warn the organization when the
allocated log storage is full. Additional information can be found at
the following resources:

- https://docs.docker.com/engine/admin/logging/overview/'
</p>
            <prop class="origin">Docker EE system</prop>
            <prop class="origin">shared</prop>
            <prop class="status">complete</prop>
         </part>
         <part class="satisfies">
            <prop class="control-name">AU-5 (2)</prop>
            <p class="narrative">'Docker Enterprise Edition can be configured with various logging
drivers to send audit events to an external logging stack.  The
logging stack can subsequently be configured to warn the organization
when audit log failures occur. Additional information can be found at
the following resources:

- https://docs.docker.com/engine/admin/logging/overview/'
</p>
            <prop class="origin">Docker EE system</prop>
            <prop class="origin">shared</prop>
            <prop class="status">complete</prop>
         </part>
         <part class="satisfies">
            <prop class="control-name">AU-6 (4)</prop>
            <p class="narrative">'Docker Enterprise Edition can be configured with various logging
drivers to send audit events to an external logging stack. The
organization can subsequently centrally review and analyze all of the
Docker EE audit records. Additional information can be found at the
following resources:

- https://docs.docker.com/engine/admin/logging/overview/'
</p>
            <prop class="origin">Docker EE system</prop>
            <prop class="origin">shared</prop>
            <prop class="status">complete</prop>
         </part>
         <part class="satisfies">
            <prop class="control-name">AU-7</prop>
            <p class="narrative">'Docker Enterprise Edition can be configured with various logging
drivers to send audit events to an external logging stack. The logging
stack can subsequently be used to facilitate the audit reduction and
report generation requirements of this control. Additional information
can be found at the following resources:

- https://docs.docker.com/engine/admin/logging/overview/'
</p>
            <p class="narrative">'The underlying operating system chosen to support Docker Enterprise
Edition should be certified to ensure that logs are not altered during
generation and transmission to a remote logging stack.'
</p>
            <prop class="origin">Docker EE system</prop>
            <prop class="origin">shared</prop>
            <prop class="status">complete</prop>
         </part>
         <part class="satisfies">
            <prop class="control-name">AU-7 (1)</prop>
            <p class="narrative">'Docker Enterprise Edition can be configured with various logging
drivers to send audit events to an external logging stack. The logging
stack can subsequently be configured to parse information by
organization-defined audit fields. Additional information can be found
at the following resources:

- https://docs.docker.com/engine/admin/logging/overview/'
</p>
            <prop class="origin">Docker EE system</prop>
            <prop class="origin">shared</prop>
            <prop class="status">complete</prop>
         </part>
         <part class="satisfies">
            <prop class="control-name">AU-8</prop>
            <p class="narrative">'Docker Enterprise Edition uses the system clock of the underlying
operating system on which it runs. This behavior cannot be modified.'
</p>
            <p class="narrative">'The underlying operating system on which Docker Enterprise Edition
runs should be configured such that its system clock uses Coordinated
Universal Time (UTC) as indicated by this control. Refer to the
operating system's instructions for doing so.'
</p>
            <prop class="origin">service provider hybrid</prop>
            <prop class="status">complete</prop>
         </part>
         <part class="satisfies">
            <prop class="control-name">AU-8 (1)</prop>
            <p class="narrative">'The underlying operating system on which Docker Enterprise Edition runs should
be configured such that its system clock compares itself with an
authoritative time source as indicated by this control. This can be
accomplished by utilizing the Network Time Protocol (NTP). Refer to
the operating system's instructions for doing so.'
</p>
            <p class="narrative">'The underlying operating system on which Docker Enterprise Edition
runs should be configured such that its system clock synchronizes
itself to an authoritative time source as defined by part (a) of this
control any time the time difference exceeds that of the
organization-defined time period. This can be accomplished by
utilizing the Network Time Protocol (NTP). Refer to the operating
system's instructions for doing so.'
</p>
            <prop class="origin">service provider hybrid</prop>
            <prop class="status">complete</prop>
         </part>
         <part class="satisfies">
            <prop class="control-name">AU-9</prop>
            <p class="narrative">'On the underlying Linux operating system supporting Docker Enterprise
Edition, only root and sudo users and users that have been added to
the "docker" group have the ability to access the logs generated by
UCP backend service containers. Should the organization decide to
configure Docker Enterprise Edition to use a logging driver other than
the default json-file driver, the organization is subsequently
responsible for configuring the chosen logging stack per the
provisions of this control. In addition, for Linux operating systems
supporting Docker Enterprise Edition that use the systemd daemon, it
is imperative that the Journal is secured per the requirements of this
control. The same applies for Linux operating systems supporting
Docker Enterprise Edition that instead use upstart. Additional
information can be found at the following resources:

- https://docs.docker.com/engine/admin/logging/overview/'
</p>
            <prop class="origin">service provider hybrid</prop>
            <prop class="status">complete</prop>
         </part>
         <part class="satisfies">
            <prop class="control-name">AU-9 (2)</prop>
            <p class="narrative">'Docker Enterprise Edition can be configured to use a logging driver
that can subsequently meet the backup requirements of this control.
Additional information can be found at the following resources:

- https://docs.docker.com/engine/admin/logging/overview/'
</p>
            <prop class="origin">service provider hybrid</prop>
            <prop class="status">complete</prop>
         </part>
         <part class="satisfies">
            <prop class="control-name">AU-9 (3)</prop>
            <p class="narrative">'Docker Enterprise Edition can be configured to use a logging driver
that can subsequently meet the encryption mechanisms required by this
control. Additional information can be found at the following
resources:

- https://docs.docker.com/engine/admin/logging/overview/'
</p>
            <prop class="origin">service provider hybrid</prop>
            <prop class="status">complete</prop>
         </part>
         <part class="satisfies">
            <prop class="control-name">AU-10</prop>
            <p class="narrative">'Docker Enterprise Edition includes functionality known as Docker
Content Trust which allows one to cryptographically sign Docker
images. It enforces client-side signing and verification of image tags
and provides the ability to use digital signatures for data sent to
and received from Docker Trusted Registry. This ultimately provides
one with the ability to verify both the integrity and the publisher of
all data received from DTR over any channel. With Docker Content
Trust, an organization can enforce signature verification of all
content and prohibit unsigned and unapproved content from being
manipulated; thus supproting the non-repudiation requirements of this
control. Additional information can be found at the following
resources:

- https://docs.docker.com/engine/security/trust/content_trust/'
</p>
            <prop class="origin">Docker EE system</prop>
            <prop class="status">complete</prop>
         </part>
         <part class="satisfies">
            <prop class="control-name">AU-11</prop>
            <p class="narrative">'The organization will be responsible for meeting the requirements of
this control. To assist with these requirements, Docker Enterprise
Edition can be configured to use a logging driver that stores data in
a location for the duration specified by this control. Additional
information can be found at the following resources:

- https://docs.docker.com/engine/admin/logging/overview/'
</p>
            <prop class="origin">service provider hybrid</prop>
            <prop class="origin">shared</prop>
            <prop class="status">complete</prop>
         </part>
         <part class="satisfies">
            <prop class="control-name">AU-12</prop>
            <p class="narrative">'Both Universal Control Plane and Docker Trusted Registry backend
service containers, all of which reside on Docker Enterprise Edition,
log all of the event types indicated by this AU-2 a. These and other
application containers that reside on Docker Enterprise Edition can be
configured to log data via an appropriate Docker logging driver. The
underlying Linux operating system supporting Docker Enterprise Edition
can be configured to audit Docker-specific events with the auditd
daemon. Refer to the specific Linux distribution in use for
instructions on configuring this service. Additional information can
be found at the following resources:

- https://docs.docker.com/engine/admin/logging/overview/'
</p>
            <p class="narrative">'Using auditd on the Linux operating system supporting CS Docker
Engine, the organization can configure audit rules to select which
Docker-specific events are to be audited. Refer to the specific Linux
distribution in use for instructions on configuring this service.'
</p>
            <prop class="origin">Docker EE system</prop>
            <prop class="origin">shared</prop>
            <prop class="status">complete</prop>
         </part>
         <part class="satisfies">
            <prop class="control-name">AU-12 (1)</prop>
            <p class="narrative">'Docker Enterprise Edition can be configured with various logging
drivers to send audit events to an external logging stack. This
logging stack can subsequently be used to compile audit records in to
a system-wide audit trail that is time-correlated per the requirements
of this control. Additional information can be found at the following
resources:

- https://docs.docker.com/engine/admin/logging/overview/'
</p>
            <prop class="origin">Docker EE system</prop>
            <prop class="origin">shared</prop>
            <prop class="status">complete</prop>
         </part>
         <part class="satisfies">
            <prop class="control-name">AU-12 (3)</prop>
            <p class="narrative">'Docker Enterprise Edition can be configured with various logging
drivers to send audit events to an external logging stack. This
logging stack can subsequently be used to meet the requirements of
this control. Additional information can be found at the following
resources:

- https://docs.docker.com/engine/admin/logging/overview/'
</p>
            <prop class="origin">service provider hybrid</prop>
            <prop class="origin">shared</prop>
            <prop class="status">complete</prop>
         </part>
         <part class="satisfies">
            <prop class="control-name">CM-1</prop>
            <p class="narrative">'The CIS Docker Benchmark can be used as a baseline for securing
Docker Enterprise Edition and for helping the organization meet the
configuration management requirements of this control. Additional
information can be found at the following resources:

- https://www.cisecurity.org/benchmark/docker/
- http://www.cisecurity.org/critical-controls/tools/CISControlsv4_MaptoNIST800-53rev4.xlsx
- https://success.docker.com/Architecture/Docker_Reference_Architecture%3A_Securing_Docker_EE_and_Security_Best_Practices#Controls_from_the_CIS_Benchmark'
</p>
            <prop class="origin">service provider hybrid</prop>
            <prop class="origin">shared</prop>
            <prop class="status">complete</prop>
         </part>
         <part class="satisfies">
            <prop class="control-name">CM-2</prop>
            <p class="narrative">'The CIS Docker Benchmark can be used as a baseline for securing Docker
Enterprise Edition and for helping the organization meet the
configuration management requirements of this control. Additional
information can be found at the following resources:

- https://www.cisecurity.org/benchmark/docker/
- http://www.cisecurity.org/critical-controls/tools/CISControlsv4_MaptoNIST800-53rev4.xlsx
- https://success.docker.com/Architecture/Docker_Reference_Architecture%3A_Securing_Docker_EE_and_Security_Best_Practices#Controls_from_the_CIS_Benchmark'
</p>
            <prop class="origin">service provider hybrid</prop>
            <prop class="origin">shared</prop>
            <prop class="status">complete</prop>
         </part>
         <part class="satisfies">
            <prop class="control-name">CM-2 (1)</prop>
            <p class="narrative">'The CIS Docker Benchmark can be used as a baseline for securing
Docker Enterprise Edition and for helping the organization meet the
configurmation management requirements of this control. Additional
information can be found at the following resources:

- https://www.cisecurity.org/benchmark/docker/
- http://www.cisecurity.org/critical-controls/tools/CISControlsv4_MaptoNIST800-53rev4.xlsx
- https://success.docker.com/Architecture/Docker_Reference_Architecture%3A_Securing_Docker_EE_and_Security_Best_Practices#Controls_from_the_CIS_Benchmark'
</p>
            <prop class="origin">service provider hybrid</prop>
            <prop class="origin">shared</prop>
            <prop class="status">complete</prop>
         </part>
         <part class="satisfies">
            <prop class="control-name">CM-2 (2)</prop>
            <p class="narrative">'The CIS Docker Benchmark can be used as a baseline for securing
Docker Enterprise Edition and for helping the organization meet the
configurmation management requirements of this control. CIS regularly
updates their benchmark to reflect the latest updates in the stable
release of Docker Engine. Various configuration management tools such
as Inspec (http://inspec.io/) can be used to audit Docker Enterprise
Edition system configuration to ensure that the secure baseline
configurations have been applied in an automated fashion. Additional
information can be found at the following resources:

- https://www.cisecurity.org/benchmark/docker/
- http://www.cisecurity.org/critical-controls/tools/CISControlsv4_MaptoNIST800-53rev4.xlsx
- https://success.docker.com/Architecture/Docker_Reference_Architecture%3A_Securing_Docker_EE_and_Security_Best_Practices#Controls_from_the_CIS_Benchmark'
</p>
            <prop class="origin">service provider hybrid</prop>
            <prop class="status">complete</prop>
         </part>
         <part class="satisfies">
            <prop class="control-name">CM-2 (3)</prop>
            <p class="narrative">'The CIS Docker Benchmark can be used as a baseline for securing
Docker Enterprise Edition and for helping the organization meet the
configurmation management requirements of this control. CIS regularly
updates their benchmark to reflect the latest updates in the stable
release of Docker Engine. Various configuration management tools such
as Inspec (http://inspec.io/) can be used to audit Docker Enterprise
Edition system configuration to ensure that the secure baseline
configurations have been applied in an automated fashion and can be
rolled back as required by this control. Additional information can be
found at the following resources:

- https://www.cisecurity.org/benchmark/docker/
- http://www.cisecurity.org/critical-controls/tools/CISControlsv4_MaptoNIST800-53rev4.xlsx
- https://success.docker.com/Architecture/Docker_Reference_Architecture%3A_Securing_Docker_EE_and_Security_Best_Practices#Controls_from_the_CIS_Benchmark'
</p>
            <prop class="origin">service provider hybrid</prop>
            <prop class="status">complete</prop>
         </part>
         <part class="satisfies">
            <prop class="control-name">CM-3</prop>
            <p class="narrative">'The CIS Docker Benchmark can be used as a baseline for securing
Docker Enterprise Edition and for helping the organization meet the
configurmation management change control requirements of this control.
Additional information can be found at the following resources:

- https://www.cisecurity.org/benchmark/docker/
- http://www.cisecurity.org/critical-controls/tools/CISControlsv4_MaptoNIST800-53rev4.xlsx
- https://success.docker.com/Architecture/Docker_Reference_Architecture%3A_Securing_Docker_EE_and_Security_Best_Practices#Controls_from_the_CIS_Benchmark'
</p>
            <prop class="origin">service provider hybrid</prop>
            <prop class="status">complete</prop>
         </part>
         <part class="satisfies">
            <prop class="control-name">CM-3 (1)</prop>
            <p class="narrative">'The CIS Docker Benchmark can be used as a baseline for securing
Docker Enterprise Edition and for helping the organization meet the
configurmation management change control requirements of this control.
Various configuration management tools such as Inspec
(http://inspec.io/) can be used to audit Docker Enterprise Edition
system configuration to ensure that the secure baseline configurations
have been applied in an automated fashion. Additional information can
be found at the following resources:

- https://www.cisecurity.org/benchmark/docker/
- http://www.cisecurity.org/critical-controls/tools/CISControlsv4_MaptoNIST800-53rev4.xlsx
- https://success.docker.com/Architecture/Docker_Reference_Architecture%3A_Securing_Docker_EE_and_Security_Best_Practices#Controls_from_the_CIS_Benchmark'
</p>
            <prop class="origin">service provider hybrid</prop>
            <prop class="status">complete</prop>
         </part>
         <part class="satisfies">
            <prop class="control-name">CM-3 (2)</prop>
            <p class="narrative">'The CIS Docker Benchmark can be used as a baseline for securing
Docker Enterprise Edition and for helping the organization meet the
configurmation management change control requirements of this control.
Various configuration management tools such as Inspec
(http://inspec.io/) can be used to audit Docker Enterprise Edition
system configuration to ensure that the secure baseline configurations
have been applied in an automated fashion. Additional information can
be found at the following resources:

- https://www.cisecurity.org/benchmark/docker/
- http://www.cisecurity.org/critical-controls/tools/CISControlsv4_MaptoNIST800-53rev4.xlsx
- https://success.docker.com/Architecture/Docker_Reference_Architecture%3A_Securing_Docker_EE_and_Security_Best_Practices#Controls_from_the_CIS_Benchmark'
</p>
            <prop class="origin">service provider hybrid</prop>
            <prop class="status">complete</prop>
         </part>
         <part class="satisfies">
            <prop class="control-name">CM-3 (6)</prop>
            <p class="narrative">'The CIS Docker Benchmark can be used as a baseline for securing
Docker Enterprise Edition and for helping the organization meet the
cryptography management requirements of this control. Additional
information can be found at the following resources:

- https://www.cisecurity.org/benchmark/docker/
- http://www.cisecurity.org/critical-controls/tools/CISControlsv4_MaptoNIST800-53rev4.xlsx
- https://success.docker.com/Architecture/Docker_Reference_Architecture%3A_Securing_Docker_EE_and_Security_Best_Practices#Controls_from_the_CIS_Benchmark'
</p>
            <prop class="origin">service provider hybrid</prop>
            <prop class="status">complete</prop>
         </part>
         <part class="satisfies">
            <prop class="control-name">CM-5 (2)</prop>
            <p class="narrative">'The CIS Docker Benchmark can be used as a baseline for securing
Docker Enterprise Edition and for helping the organization meet the
system change requirements of this control. Additional information can
be found at the following resources:

- https://www.cisecurity.org/benchmark/docker/
- http://www.cisecurity.org/critical-controls/tools/CISControlsv4_MaptoNIST800-53rev4.xlsx
- https://success.docker.com/Architecture/Docker_Reference_Architecture%3A_Securing_Docker_EE_and_Security_Best_Practices#Controls_from_the_CIS_Benchmark'
</p>
            <prop class="origin">Docker EE system</prop>
            <prop class="status">complete</prop>
         </part>
         <part class="satisfies">
            <prop class="control-name">CM-5 (3)</prop>
            <p class="narrative">'Before installing Docker Enterprise Edition, ensure that your
supporting Linux operating system''s packager manager supports package
signature verification and that it is enabled. It is also required
that you import the Docker public key for EE packages so as to
retrieve the validated and signed package from Docker, Inc. Refer to
your Linux OS documentation for instructions on completing the above
steps.

In addition, Docker Content Trust is a capability provided by Docker
Engine that enforces client-side signing and verification of Docker
image tags. It provides the ability to use digital signatures for data
sent to and received from Docker Trusted Registry and the public
Docker Store. These signatures allow client-side verification of the
integrity and publisher of specific image tags. When enabling Docker
Content Trust in Docker Enterprise Edition you can enforce the use of
signed Docker images. Additional information can be found at the
following resources:

- https://docs.docker.com/engine/security/trust/content_trust/'
</p>
            <prop class="origin">service provide hybrid</prop>
            <prop class="origin">shared</prop>
            <prop class="status">complete</prop>
         </part>
         <part class="satisfies">
            <prop class="control-name">CM-6 (1)</prop>
            <p class="narrative">'The organization can incorporate the use of an external configuration
management system to meet the requirements of this control.'
</p>
            <prop class="origin">service provider hybrid</prop>
            <prop class="status">complete</prop>
         </part>
         <part class="satisfies">
            <prop class="control-name">CM-7</prop>
            <p class="narrative">'To help the organization meet the requirements of this control, the
latest CIS Docker Benchmark can be used as a secure configuration
baseline. Additional information can be found at the following
resources:

- https://www.cisecurity.org/benchmark/docker/'
</p>
            <prop class="origin">service provider hybrid</prop>
            <prop class="status">complete</prop>
         </part>
         <part class="satisfies">
            <prop class="control-name">CM-7 (2)</prop>
            <p class="narrative">'In order to restrict which Docker images can be used to deploy
applications to Docker Enterprise Edition, the organization can define
a list of allowed base Docker images and make them available via
Docker Trusted Registry. The organization can also prevent users from
being able to pull Docker images from untrusted sources.'
</p>
            <prop class="origin">Docker EE system</prop>
            <prop class="status">complete</prop>
         </part>
         <part class="satisfies">
            <prop class="control-name">CM-7 (5)</prop>
            <p class="narrative">'The organization is responsible for meeting the requirements of this
control. To assist with these requirements and in order to restrict
which Docker images can be used to deploy applications to Docker EE
Engine, the organization must define a list of allowed base Docker
images and make them available via Docker Trusted Registry. The
organization must also prevent users from being able to pull Docker
images from untrusted sources.'
</p>
            <prop class="origin">service provider hybrid</prop>
            <prop class="origin">shared</prop>
            <prop class="status">complete</prop>
         </part>
         <part class="satisfies">
            <prop class="control-name">CM-9</prop>
            <p class="narrative">'The CIS Docker Benchmark can be used as a baseline for securing
Docker Enterprise Edition and for helping the organization meet the
configuration management plan requirements of this control. Additional
information can be found at the following resources:

- https://www.cisecurity.org/benchmark/docker/
- http://www.cisecurity.org/critical-controls/tools/CISControlsv4_MaptoNIST800-53rev4.xlsx
- https://success.docker.com/Architecture/Docker_Reference_Architecture%3A_Securing_Docker_EE_and_Security_Best_Practices#Controls_from_the_CIS_Benchmark'
</p>
            <prop class="origin">service provider hybrid</prop>
            <prop class="status">complete</prop>
         </part>
         <part class="satisfies">
            <prop class="control-name">IA-3</prop>
            <p class="narrative">'In order for other Docker EE engine nodes to be able to join a
cluster managed by Universal Control Plane, they must be identified
and authenticated via either a manager or worker token. Use of the
token includes trust on first use mutual TLS.'
</p>
            <prop class="origin">Docker EE system</prop>
            <prop class="status">complete</prop>
         </part>
         <part class="satisfies">
            <prop class="control-name">SA-10 (1)</prop>
            <p class="narrative">'Docker Content Trust gives you the ability to verify both the
integrity and the publisher of all the data received from a Docker
Trusted Registry over any channel. It allows operations with a remote
DTR instance to enforce client-side signing and verification of image
tags. It provides for the ability to use digital signatures for data
sent to and receive from remote DTR instances. These signatures allow
client-side verification of the integrity and publisher of specific
image tags.'
</p>
            <prop class="origin">service provider hybrid</prop>
            <prop class="status">complete</prop>
         </part>
         <part class="satisfies">
            <prop class="control-name">SC-7 (20)</prop>
            <p class="narrative">'Docker Enterprise Edition is designed to run application containers
whose content can be completely isolated/segregated from other
application containers within the same node/cluster. This is
accomplished by way of Linux kernel primitives and various security
profiles that can be applied to the underlying host OS. Additional
information can be found at the following resources:

- https://docs.docker.com/engine/security/security/
- https://docs.docker.com/engine/userguide/networking/overlay-security-model/
- https://success.docker.com/Architecture/Docker_Reference_Architecture%3A_Securing_Docker_EE_and_Security_Best_Practices#Engine_and_Node_Security'
</p>
            <prop class="origin">Docker EE system</prop>
            <prop class="status">complete</prop>
         </part>
         <part class="satisfies">
            <prop class="control-name">SC-12 (2)</prop>
            <p class="narrative">'Docker Enterprise Edition can be installed on the following operating
systems: CentOS 7.1+, Red Hat Enterprise Linux 7.0+, Ubuntu 14.04
LTS+, SUSE Linux Enterprise 12+ and Windows Server 2016+. In order to
meet the requirements of this control, reference the chosen operating
system's documentation to ensure it is configured in FIPS mode.'
</p>
            <prop class="origin">service provider hybrid</prop>
            <prop class="status">complete</prop>
         </part>
         <part class="satisfies">
            <prop class="control-name">SC-13</prop>
            <p class="narrative">'Docker Enterprise Edition can be installed on the following operating
systems: CentOS 7.1+, Red Hat Enterprise Linux 7.0+, Ubuntu 14.04
LTS+, SUSE Linux Enterprise 12+ and Windows Server 2016+. In order to
meet the requirements of this control, reference the chosen operating
system's documentation to ensure it is configured in FIPS mode.'
</p>
            <prop class="origin">service provider hybrid</prop>
            <prop class="status">complete</prop>
         </part>
         <part class="satisfies">
            <prop class="control-name">SC-23</prop>
            <p class="narrative">'All remote access sessions to Docker Enterprise Edition are protected
with Transport Layer Security (TLS) 1.2 with the AES GCM cipher. In
addition to this, all communication to and between Docker Enterprise
Editions is enforced by way of two-way mutual TLS authentication.'
</p>
            <prop class="origin">Docker EE system</prop>
            <prop class="status">complete</prop>
         </part>
         <part class="satisfies">
            <prop class="control-name">SC-28</prop>
            <p class="narrative">'All remote access sessions to Docker Enterprise Edition are protected
with Transport Layer Security (TLS) 1.2 with the AES GCM cipher. In
addition to this, all communication to/from and between Docker
Enterprise Edition nodes is enforced by way of two-way mutual TLS
authentication. All Swarm Mode manager nodes in a Docker Enterprise
Edition cluster store state metadata and user secrets encrypted at
rest using the AES GCM cipher.'
</p>
            <prop class="origin">Docker EE system</prop>
            <prop class="status">complete</prop>
         </part>
         <part class="satisfies">
            <prop class="control-name">SC-28 (1)</prop>
            <p class="narrative">'All remote access sessions to Docker Enterprise Edition are protected
with Transport Layer Security (TLS) 1.2 with the AES GCM cipher. In
addition to this, all communication to and between Docker Enterprise
Editions is enforced by way of two-way mutual TLS authentication.'
</p>
            <prop class="origin">Docker EE system</prop>
            <prop class="status">complete</prop>
         </part>
         <part class="satisfies">
            <prop class="control-name">SI-3 (2)</prop>
            <p class="narrative">'Docker Enterprise Edition packages for supported underlying operating
systems can only be obtained from Docker, Inc. The Docker EE
repositories from which Docker EE packages are obtained are protected
with official GPG keys. Each Docker package is also validated with a
signature definition.'
</p>
            <prop class="origin">Docker EE system</prop>
            <prop class="status">complete</prop>
         </part>
         <part class="satisfies">
            <prop class="control-name">SI-11</prop>
            <p class="narrative">'All error messages generated via the logging mechanisms of the Docker
Enterprise Edition engine are displayed such that they meet the
requirements of this control. Only users that are authorized the
appropriate level of access can view these error messages.'
</p>
            <prop class="origin">Docker EE system</prop>
            <prop class="status">complete</prop>
         </part>
         <part class="satisfies">
            <prop class="control-name">SI-16</prop>
            <p class="narrative">'Docker Enterprise Edition can be installed on the following operating
systems: CentOS 7.1+, Red Hat Enterprise Linux 7.0+, Ubuntu 14.04
LTS+, SUSE Linux Enterprise 12+ and Windows Server 2016+. In order to
meet the requirements of this control, reference the chosen operating
system's security documentation for information regarding the
protection of memory from unauthorized code execution.'
</p>
            <prop class="origin">service provider hybrid</prop>
            <prop class="status">complete</prop>
         </part>
         <part class="reference">
            <id/>
            <title>Docker Enterprise Edition Engine Installation Documentation</title>
            <p class="description"/>
            <url>https://docs.docker.com/engine/installation/</url>
         </part>
         <part class="reference">
            <id/>
            <title>Docker Engine Release Notes</title>
            <p class="description"/>
            <url>https://docs.docker.com/release-notes/</url>
         </part>
         <part class="reference">
            <id/>
            <title>Configuring and Running Docker on Various Distributions</title>
            <p class="description"/>
            <url>https://docs.docker.com/engine/admin/</url>
         </part>
         <part class="reference">
            <id/>
            <title>Docker Engine Security</title>
            <p class="description"/>
            <url>https://docs.docker.com/engine/security/security/</url>
         </part>
         <part class="reference">
            <id/>
            <title>Securing Docker Datacenter and Security Best Practices</title>
            <p class="description"/>
            <url>https://success.docker.com/KBase/Docker_Reference_Architecture%3A_Securing_Docker_Datacenter_and_Security_Best_Practices</url>
         </part>
      </component>
      <component>
         <title>Identification and Authentication Policy for [Agency_Here]</title>
         <p class="description"/>
         <p class="responsibleRoles"/>
         <part class="satisfies">
            <prop class="control-name">IA-1</prop>
            <p class="narrative">[Agency's control implementation here]
</p>
            <p class="narrative">[Agency's control implementation here]
</p>
            <prop class="status">none</prop>
         </part>
         <part class="satisfies">
            <prop class="control-name">IA-2</prop>
            <p class="narrative">[Agency's control implementation here]
</p>
            <prop class="status">none</prop>
         </part>
         <part class="satisfies">
            <prop class="control-name">IA-2 (1)</prop>
            <p class="narrative">[Agency's control implementation here]
</p>
            <prop class="status">none</prop>
         </part>
         <part class="satisfies">
            <prop class="control-name">IA-2 (2)</prop>
            <p class="narrative">[Agency's control implementation here]
</p>
            <prop class="status">none</prop>
         </part>
         <part class="satisfies">
            <prop class="control-name">IA-2 (5)</prop>
            <p class="narrative">[Agency's control implementation here]
</p>
            <prop class="status">none</prop>
         </part>
         <part class="satisfies">
            <prop class="control-name">IA-2 (3)</prop>
            <p class="narrative">[Agency's control implementation here]
</p>
            <prop class="status">none</prop>
         </part>
         <part class="satisfies">
            <prop class="control-name">IA-2 (8)</prop>
            <p class="narrative">[Agency's control implementation here]
</p>
            <prop class="status">none</prop>
         </part>
         <part class="satisfies">
            <prop class="control-name">IA-2 (11)</prop>
            <p class="narrative">[Agency's control implementation here]
</p>
            <prop class="status">none</prop>
         </part>
         <part class="satisfies">
            <prop class="control-name">IA-2 (12)</prop>
            <p class="narrative">[Agency's control implementation here]
</p>
            <prop class="status">none</prop>
         </part>
         <part class="satisfies">
            <prop class="control-name">IA-3</prop>
            <p class="narrative">[Agency's control implementation here]
</p>
            <prop class="status">none</prop>
         </part>
         <part class="satisfies">
            <prop class="control-name">IA-4</prop>
            <p class="narrative">[Agency's control implementation here]
</p>
            <prop class="status">none</prop>
         </part>
         <part class="satisfies">
            <prop class="control-name">IA-4 (4)</prop>
            <p class="narrative">[Agency's control implementation here]
</p>
            <prop class="status">none</prop>
         </part>
         <part class="satisfies">
            <prop class="control-name">IA-5</prop>
            <p class="narrative">[Agency's control implementation here]
</p>
            <prop class="status">none</prop>
         </part>
         <part class="satisfies">
            <prop class="control-name">IA-5 (1)</prop>
            <p class="narrative">[Agency's control implementation here]
</p>
            <prop class="status">none</prop>
         </part>
         <part class="satisfies">
            <prop class="control-name">IA-5 (2)</prop>
            <p class="narrative">[Agency's control implementation here]
</p>
            <prop class="status">none</prop>
         </part>
         <part class="satisfies">
            <prop class="control-name">IA-5 (3)</prop>
            <p class="narrative">[Agency's control implementation here]
</p>
            <prop class="status">none</prop>
         </part>
         <part class="satisfies">
            <prop class="control-name">IA-5 (4)</prop>
            <p class="narrative">[Agency's control implementation here]
</p>
            <prop class="status">none</prop>
         </part>
         <part class="satisfies">
            <prop class="control-name">IA-5 (6)</prop>
            <p class="narrative">[Agency's control implementation here]
</p>
            <prop class="status">none</prop>
         </part>
         <part class="satisfies">
            <prop class="control-name">IA-5 (7)</prop>
            <p class="narrative">[Agency's control implementation here]
</p>
            <prop class="status">none</prop>
         </part>
         <part class="satisfies">
            <prop class="control-name">IA-5 (11)</prop>
            <p class="narrative">[Agency's control implementation here]
</p>
            <prop class="status">none</prop>
         </part>
         <part class="satisfies">
            <prop class="control-name">IA-7</prop>
            <p class="narrative">[Agency's control implementation here]
</p>
            <prop class="status">none</prop>
         </part>
         <part class="satisfies">
            <prop class="control-name">IA-8</prop>
            <p class="narrative">[Agency's control implementation here]
</p>
            <prop class="status">none</prop>
         </part>
         <part class="satisfies">
            <prop class="control-name">IA-8 (1)</prop>
            <p class="narrative">[Agency's control implementation here]
</p>
            <prop class="status">none</prop>
         </part>
         <part class="satisfies">
            <prop class="control-name">IA-8 (2)</prop>
            <p class="narrative">[Agency's control implementation here]
</p>
            <prop class="status">none</prop>
         </part>
         <part class="satisfies">
            <prop class="control-name">IA-8 (3)</prop>
            <p class="narrative">[Agency's control implementation here]
</p>
            <prop class="status">none</prop>
         </part>
         <part class="satisfies">
            <prop class="control-name">IA-8 (4)</prop>
            <p class="narrative">[Agency's control implementation here]
</p>
            <prop class="status">none</prop>
         </part>
      </component>
      <component>
         <title>Incident Response for [Agency_Here]</title>
         <p class="description"/>
         <p class="responsibleRoles"/>
         <part class="satisfies">
            <prop class="control-name">IR-1</prop>
            <p class="narrative">[Agency's control implementation here]
</p>
            <p class="narrative">[Agency's control implementation here]
</p>
            <prop class="status">none</prop>
         </part>
         <part class="satisfies">
            <prop class="control-name">IR-2</prop>
            <p class="narrative">[Agency's control implementation here]
</p>
            <p class="narrative">[Agency's control implementation here]
</p>
            <p class="narrative">[Agency's control implementation here]
</p>
            <prop class="status">none</prop>
         </part>
         <part class="satisfies">
            <prop class="control-name">IR-3</prop>
            <p class="narrative">[Agency's control implementation here]
</p>
            <prop class="status">none</prop>
         </part>
         <part class="satisfies">
            <prop class="control-name">IR-3 (2)</prop>
            <p class="narrative">[Agency's control implementation here]
</p>
            <prop class="status">none</prop>
         </part>
         <part class="satisfies">
            <prop class="control-name">IR-4</prop>
            <p class="narrative">[Agency's control implementation here]
</p>
            <p class="narrative">[Agency's control implementation here]
</p>
            <p class="narrative">[Agency's control implementation here]
</p>
            <p class="narrative">[Agency's control implementation here]
</p>
            <prop class="status">none</prop>
         </part>
         <part class="satisfies">
            <prop class="control-name">IR-4 (1)</prop>
            <p class="narrative">[Agency's control implementation here]
</p>
            <prop class="status">none</prop>
         </part>
         <part class="satisfies">
            <prop class="control-name">IR-5</prop>
            <p class="narrative">[Agency's control implementation here]
</p>
            <prop class="status">none</prop>
         </part>
         <part class="satisfies">
            <prop class="control-name">IR-6</prop>
            <p class="narrative">[Agency's control implementation here]
</p>
            <p class="narrative">[Agency's control implementation here]
</p>
            <prop class="status">none</prop>
         </part>
         <part class="satisfies">
            <prop class="control-name">IR-6 (1)</prop>
            <p class="narrative">[Agency's control implementation here]
</p>
            <prop class="status">none</prop>
         </part>
         <part class="satisfies">
            <prop class="control-name">IR-7</prop>
            <p class="narrative">[Agency's control implementation here]
</p>
            <prop class="status">none</prop>
         </part>
         <part class="satisfies">
            <prop class="control-name">IR-7 (1)</prop>
            <p class="narrative">[Agency's control implementation here]
</p>
            <prop class="status">none</prop>
         </part>
         <part class="satisfies">
            <prop class="control-name">IR-7 (2)</prop>
            <p class="narrative">[Agency's control implementation here]
</p>
            <p class="narrative">[Agency's control implementation here]
</p>
            <prop class="status">none</prop>
         </part>
         <part class="satisfies">
            <prop class="control-name">IR-8</prop>
            <p class="narrative">[Agency's control implementation here]
</p>
            <p class="narrative">[Agency's control implementation here]
</p>
            <p class="narrative">[Agency's control implementation here]
</p>
            <p class="narrative">[Agency's control implementation here]
</p>
            <p class="narrative">[Agency's control implementation here]
</p>
            <p class="narrative">[Agency's control implementation here]
</p>
            <prop class="status">none</prop>
         </part>
         <part class="satisfies">
            <prop class="control-name">IR-9</prop>
            <p class="narrative">[Agency's control implementation here]
</p>
            <p class="narrative">[Agency's control implementation here]
</p>
            <p class="narrative">[Agency's control implementation here]
</p>
            <p class="narrative">[Agency's control implementation here]
</p>
            <p class="narrative">[Agency's control implementation here]
</p>
            <p class="narrative">[Agency's control implementation here]
</p>
            <prop class="status">none</prop>
         </part>
         <part class="satisfies">
            <prop class="control-name">IR-9 (1)</prop>
            <p class="narrative">[Agency's control implementation here]
</p>
            <prop class="status">none</prop>
         </part>
         <part class="satisfies">
            <prop class="control-name">IR-9 (2)</prop>
            <p class="narrative">[Agency's control implementation here]
</p>
            <prop class="status">none</prop>
         </part>
         <part class="satisfies">
            <prop class="control-name">IR-9 (3)</prop>
            <p class="narrative">[Agency's control implementation here]
</p>
            <prop class="status">none</prop>
         </part>
         <part class="satisfies">
            <prop class="control-name">IR-9 (4)</prop>
            <p class="narrative">[Agency's control implementation here]
</p>
            <prop class="status">none</prop>
         </part>
      </component>
      <component>
         <title>System Maintenance Policy for [Agency_Here]</title>
         <p class="description"/>
         <p class="responsibleRoles"/>
         <part class="satisfies">
            <prop class="control-name">MA-1</prop>
            <p class="narrative">[Agency's control implementation here]
</p>
            <p class="narrative">[Agency's control implementation here]
</p>
            <prop class="status">none</prop>
         </part>
         <part class="satisfies">
            <prop class="control-name">MA-2</prop>
            <p class="narrative">[Agency's control implementation here]
</p>
            <p class="narrative">[Agency's control implementation here]
</p>
            <p class="narrative">[Agency's control implementation here]
</p>
            <p class="narrative">[Agency's control implementation here]
</p>
            <p class="narrative">[Agency's control implementation here]
</p>
            <p class="narrative">[Agency's control implementation here]
</p>
            <prop class="status">none</prop>
         </part>
         <part class="satisfies">
            <prop class="control-name">MA-3</prop>
            <p class="narrative">[Agency's control implementation here]
</p>
            <prop class="status">none</prop>
         </part>
         <part class="satisfies">
            <prop class="control-name">MA-3 (1)</prop>
            <p class="narrative">[Agency's control implementation here]
</p>
            <prop class="status">none</prop>
         </part>
         <part class="satisfies">
            <prop class="control-name">MA-3 (2)</prop>
            <p class="narrative">[Agency's control implementation here]
</p>
            <prop class="status">none</prop>
         </part>
         <part class="satisfies">
            <prop class="control-name">MA-3 (3)</prop>
            <p class="narrative">[Agency's control implementation here]
</p>
            <p class="narrative">[Agency's control implementation here]
</p>
            <p class="narrative">[Agency's control implementation here]
</p>
            <p class="narrative">[Agency's control implementation here]
</p>
            <prop class="status">none</prop>
         </part>
         <part class="satisfies">
            <prop class="control-name">MA-4</prop>
            <p class="narrative">[Agency's control implementation here]
</p>
            <p class="narrative">[Agency's control implementation here]
</p>
            <p class="narrative">[Agency's control implementation here]
</p>
            <p class="narrative">[Agency's control implementation here]
</p>
            <p class="narrative">[Agency's control implementation here]
</p>
            <prop class="status">none</prop>
         </part>
         <part class="satisfies">
            <prop class="control-name">MA-4 (2)</prop>
            <p class="narrative">[Agency's control implementation here]
</p>
            <prop class="status">none</prop>
         </part>
         <part class="satisfies">
            <prop class="control-name">MA-5</prop>
            <p class="narrative">[Agency's control implementation here]
</p>
            <p class="narrative">[Agency's control implementation here]
</p>
            <p class="narrative">[Agency's control implementation here]
</p>
            <prop class="status">none</prop>
         </part>
         <part class="satisfies">
            <prop class="control-name">MA-5 (1)</prop>
            <p class="narrative">[Agency's control implementation here]
</p>
            <p class="narrative">[Agency's control implementation here]
</p>
            <prop class="status">none</prop>
         </part>
         <part class="satisfies">
            <prop class="control-name">MA-6</prop>
            <p class="narrative">[Agency's control implementation here]
</p>
            <prop class="status">none</prop>
         </part>
      </component>
      <component>
         <title>Media Protection Policy for [Agency_Here]</title>
         <p class="description"/>
         <p class="responsibleRoles"/>
         <part class="satisfies">
            <prop class="control-name">MP-1</prop>
            <p class="narrative">[Agency's control implementation here]
</p>
            <p class="narrative">[Agency's control implementation here]
</p>
            <prop class="status">none</prop>
         </part>
         <part class="satisfies">
            <prop class="control-name">MP-2</prop>
            <p class="narrative">[Agency's control implementation here]
</p>
            <prop class="status">none</prop>
         </part>
         <part class="satisfies">
            <prop class="control-name">MP-3</prop>
            <p class="narrative">[Agency's control implementation here]
</p>
            <p class="narrative">[Agency's control implementation here]
</p>
            <prop class="status">none</prop>
         </part>
         <part class="satisfies">
            <prop class="control-name">MP-4</prop>
            <p class="narrative">[Agency's control implementation here]
</p>
            <p class="narrative">[Agency's control implementation here]
</p>
            <prop class="status">none</prop>
         </part>
         <part class="satisfies">
            <prop class="control-name">MP-5</prop>
            <p class="narrative">[Agency's control implementation here]
</p>
            <p class="narrative">[Agency's control implementation here]
</p>
            <p class="narrative">[Agency's control implementation here]
</p>
            <p class="narrative">[Agency's control implementation here]
</p>
            <prop class="status">none</prop>
         </part>
         <part class="satisfies">
            <prop class="control-name">MP-5 (4)</prop>
            <p class="narrative">[Agency's control implementation here]
</p>
            <prop class="status">none</prop>
         </part>
         <part class="satisfies">
            <prop class="control-name">MP-6</prop>
            <p class="narrative">[Agency's control implementation here]
</p>
            <p class="narrative">[Agency's control implementation here]
</p>
            <prop class="status">none</prop>
         </part>
         <part class="satisfies">
            <prop class="control-name">MP-6 (2)</prop>
            <p class="narrative">[Agency's control implementation here]
</p>
            <prop class="status">none</prop>
         </part>
         <part class="satisfies">
            <prop class="control-name">MP-7</prop>
            <p class="narrative">[Agency's control implementation here]
</p>
            <prop class="status">none</prop>
         </part>
         <part class="satisfies">
            <prop class="control-name">MP-7 (1)</prop>
            <p class="narrative">[Agency's control implementation here]
</p>
            <prop class="status">none</prop>
         </part>
      </component>
      <component>
         <title>Physical and Environmental Protection Policy for [Agency_Here]</title>
         <p class="description"/>
         <p class="responsibleRoles"/>
         <part class="satisfies">
            <prop class="control-name">PE-1</prop>
            <p class="narrative">[Agency's control implementation here]
</p>
            <p class="narrative">[Agency's control implementation here]
</p>
            <prop class="status">none</prop>
         </part>
         <part class="satisfies">
            <prop class="control-name">PE-2</prop>
            <p class="narrative">[Agency's control implementation here]
</p>
            <p class="narrative">[Agency's control implementation here]
</p>
            <p class="narrative">[Agency's control implementation here]
</p>
            <p class="narrative">[Agency's control implementation here]
</p>
            <prop class="status">none</prop>
         </part>
         <part class="satisfies">
            <prop class="control-name">PE-3</prop>
            <p class="narrative">[Agency's control implementation here]
</p>
            <p class="narrative">[Agency's control implementation here]
</p>
            <p class="narrative">[Agency's control implementation here]
</p>
            <p class="narrative">[Agency's control implementation here]
</p>
            <p class="narrative">[Agency's control implementation here]
</p>
            <p class="narrative">[Agency's control implementation here]
</p>
            <p class="narrative">[Agency's control implementation here]
</p>
            <prop class="status">none</prop>
         </part>
         <part class="satisfies">
            <prop class="control-name">PE-4</prop>
            <p class="narrative">[Agency's control implementation here]
</p>
            <prop class="status">none</prop>
         </part>
         <part class="satisfies">
            <prop class="control-name">PE-5</prop>
            <p class="narrative">[Agency's control implementation here]
</p>
            <prop class="status">none</prop>
         </part>
         <part class="satisfies">
            <prop class="control-name">PE-6</prop>
            <p class="narrative">[Agency's control implementation here]
</p>
            <p class="narrative">[Agency's control implementation here]
</p>
            <p class="narrative">[Agency's control implementation here]
</p>
            <prop class="status">none</prop>
         </part>
         <part class="satisfies">
            <prop class="control-name">PE-6 (1)</prop>
            <p class="narrative">[Agency's control implementation here]
</p>
            <prop class="status">none</prop>
         </part>
         <part class="satisfies">
            <prop class="control-name">PE-8</prop>
            <p class="narrative">[Agency's control implementation here]
</p>
            <p class="narrative">[Agency's control implementation here]
</p>
            <prop class="status">none</prop>
         </part>
         <part class="satisfies">
            <prop class="control-name">PE-9</prop>
            <p class="narrative">[Agency's control implementation here]
</p>
            <prop class="status">none</prop>
         </part>
         <part class="satisfies">
            <prop class="control-name">PE-10</prop>
            <p class="narrative">[Agency's control implementation here]
</p>
            <p class="narrative">[Agency's control implementation here]
</p>
            <p class="narrative">[Agency's control implementation here]
</p>
            <prop class="status">none</prop>
         </part>
         <part class="satisfies">
            <prop class="control-name">PE-11</prop>
            <p class="narrative">[Agency's control implementation here]
</p>
            <prop class="status">none</prop>
         </part>
         <part class="satisfies">
            <prop class="control-name">PE-12</prop>
            <p class="narrative">[Agency's control implementation here]
</p>
            <prop class="status">none</prop>
         </part>
         <part class="satisfies">
            <prop class="control-name">PE-13</prop>
            <p class="narrative">[Agency's control implementation here]
</p>
            <prop class="status">none</prop>
         </part>
         <part class="satisfies">
            <prop class="control-name">PE-13 (2)</prop>
            <p class="narrative">[Agency's control implementation here]
</p>
            <prop class="status">none</prop>
         </part>
         <part class="satisfies">
            <prop class="control-name">PE-13 (3)</prop>
            <p class="narrative">[Agency's control implementation here]
</p>
            <prop class="status">none</prop>
         </part>
         <part class="satisfies">
            <prop class="control-name">PE-14</prop>
            <p class="narrative">[Agency's control implementation here]
</p>
            <p class="narrative">[Agency's control implementation here]
</p>
            <prop class="status">none</prop>
         </part>
         <part class="satisfies">
            <prop class="control-name">PE-14 (2)</prop>
            <p class="narrative">[Agency's control implementation here]
</p>
            <prop class="status">none</prop>
         </part>
         <part class="satisfies">
            <prop class="control-name">PE-15</prop>
            <p class="narrative">[Agency's control implementation here]
</p>
            <prop class="status">none</prop>
         </part>
         <part class="satisfies">
            <prop class="control-name">PE-16</prop>
            <p class="narrative">[Agency's control implementation here]
</p>
            <prop class="status">none</prop>
         </part>
         <part class="satisfies">
            <prop class="control-name">PE-17</prop>
            <p class="narrative">[Agency's control implementation here]
</p>
            <p class="narrative">[Agency's control implementation here]
</p>
            <p class="narrative">[Agency's control implementation here]
</p>
            <prop class="status">none</prop>
         </part>
      </component>
      <component>
         <title>Security Planning Policy for [Agency_Here]</title>
         <p class="description"/>
         <p class="responsibleRoles"/>
         <part class="satisfies">
            <prop class="control-name">PL-1</prop>
            <p class="narrative">[Agency's control implementation here]
</p>
            <p class="narrative">[Agency's control implementation here]
</p>
            <prop class="status">none</prop>
         </part>
         <part class="satisfies">
            <prop class="control-name">PL-8</prop>
            <p class="narrative">[Agency's control implementation here]
</p>
            <p class="narrative">[Agency's control implementation here]
</p>
            <p class="narrative">[Agency's control implementation here]
</p>
            <prop class="status">none</prop>
         </part>
      </component>
      <component>
         <title>Personnel Security Policy for [Agency_Here]</title>
         <p class="description"/>
         <p class="responsibleRoles"/>
         <part class="satisfies">
            <prop class="control-name">PS-1</prop>
            <p class="narrative">[Agency's control implementation here]
</p>
            <p class="narrative">[Agency's control implementation here]
</p>
            <prop class="status">none</prop>
         </part>
         <part class="satisfies">
            <prop class="control-name">PS-2</prop>
            <p class="narrative">[Agency's control implementation here]
</p>
            <p class="narrative">[Agency's control implementation here]
</p>
            <p class="narrative">[Agency's control implementation here]
</p>
            <prop class="status">none</prop>
         </part>
         <part class="satisfies">
            <prop class="control-name">PS-3</prop>
            <p class="narrative">[Agency's control implementation here]
</p>
            <p class="narrative">[Agency's control implementation here]
</p>
            <p class="narrative">[Agency's control implementation here]
</p>
            <prop class="status">none</prop>
         </part>
         <part class="satisfies">
            <prop class="control-name">PS-3 (3)</prop>
            <p class="narrative">[Agency's control implementation here]
</p>
            <p class="narrative">[Agency's control implementation here]
</p>
            <prop class="status">none</prop>
         </part>
         <part class="satisfies">
            <prop class="control-name">PS-4</prop>
            <p class="narrative">[Agency's control implementation here]
</p>
            <p class="narrative">[Agency's control implementation here]
</p>
            <p class="narrative">[Agency's control implementation here]
</p>
            <p class="narrative">[Agency's control implementation here]
</p>
            <p class="narrative">[Agency's control implementation here]
</p>
            <p class="narrative">[Agency's control implementation here]
</p>
            <prop class="status">none</prop>
         </part>
         <part class="satisfies">
            <prop class="control-name">PS-5</prop>
            <p class="narrative">[Agency's control implementation here]
</p>
            <p class="narrative">[Agency's control implementation here]
</p>
            <p class="narrative">[Agency's control implementation here]
</p>
            <p class="narrative">[Agency's control implementation here]
</p>
            <prop class="status">none</prop>
         </part>
         <part class="satisfies">
            <prop class="control-name">PS-6</prop>
            <p class="narrative">[Agency's control implementation here]
</p>
            <p class="narrative">[Agency's control implementation here]
</p>
            <p class="narrative">[Agency's control implementation here]
</p>
            <prop class="status">none</prop>
         </part>
         <part class="satisfies">
            <prop class="control-name">PS-7</prop>
            <p class="narrative">[Agency's control implementation here]
</p>
            <p class="narrative">[Agency's control implementation here]
</p>
            <p class="narrative">[Agency's control implementation here]
</p>
            <p class="narrative">[Agency's control implementation here]
</p>
            <p class="narrative">[Agency's control implementation here]
</p>
            <prop class="status">none</prop>
         </part>
         <part class="satisfies">
            <prop class="control-name">PS-8</prop>
            <p class="narrative">[Agency's control implementation here]
</p>
            <p class="narrative">[Agency's control implementation here]
</p>
            <prop class="status">none</prop>
         </part>
      </component>
      <component>
         <title>Risk Assessment Policy for [Agency_Here]</title>
         <p class="description"/>
         <p class="responsibleRoles"/>
         <part class="satisfies">
            <prop class="control-name">RA-1</prop>
            <p class="narrative">[Agency's control implementation here]
</p>
            <prop class="status">none</prop>
         </part>
         <part class="satisfies">
            <prop class="control-name">RA-5</prop>
            <p class="narrative">[Agency's control implementation here]
</p>
            <p class="narrative">[Agency's control implementation here]
</p>
            <p class="narrative">[Agency's control implementation here]
</p>
            <p class="narrative">[Agency's control implementation here]
</p>
            <p class="narrative">[Agency's control implementation here]
</p>
            <prop class="status">none</prop>
         </part>
      </component>
      <component>
         <title>System and Services Acquisition Policy for [Agency_Here]</title>
         <p class="description"/>
         <p class="responsibleRoles"/>
         <part class="satisfies">
            <prop class="control-name">SA-1</prop>
            <p class="narrative">[Agency's control implementation here]
</p>
            <p class="narrative">[Agency's control implementation here]
</p>
            <prop class="status">none</prop>
         </part>
         <part class="satisfies">
            <prop class="control-name">SA-2</prop>
            <p class="narrative">[Agency's control implementation here]
</p>
            <p class="narrative">[Agency's control implementation here]
</p>
            <p class="narrative">[Agency's control implementation here]
</p>
            <prop class="status">none</prop>
         </part>
         <part class="satisfies">
            <prop class="control-name">SA-3</prop>
            <p class="narrative">[Agency's control implementation here]
</p>
            <p class="narrative">[Agency's control implementation here]
</p>
            <p class="narrative">[Agency's control implementation here]
</p>
            <p class="narrative">[Agency's control implementation here]
</p>
            <prop class="status">none</prop>
         </part>
         <part class="satisfies">
            <prop class="control-name">SA-4</prop>
            <p class="narrative">[Agency's control implementation here]
</p>
            <p class="narrative">[Agency's control implementation here]
</p>
            <p class="narrative">[Agency's control implementation here]
</p>
            <p class="narrative">[Agency's control implementation here]
</p>
            <p class="narrative">[Agency's control implementation here]
</p>
            <p class="narrative">[Agency's control implementation here]
</p>
            <p class="narrative">[Agency's control implementation here]
</p>
            <prop class="status">none</prop>
         </part>
         <part class="satisfies">
            <prop class="control-name">SA-4 (1)</prop>
            <p class="narrative">[Agency's control implementation here]
</p>
            <prop class="status">none</prop>
         </part>
         <part class="satisfies">
            <prop class="control-name">SA-4 (2)</prop>
            <p class="narrative">[Agency's control implementation here]
</p>
            <prop class="status">none</prop>
         </part>
         <part class="satisfies">
            <prop class="control-name">SA-4 (8)</prop>
            <p class="narrative">[Agency's control implementation here]
</p>
            <prop class="status">none</prop>
         </part>
         <part class="satisfies">
            <prop class="control-name">SA-4 (9)</prop>
            <p class="narrative">[Agency's control implementation here]
</p>
            <prop class="status">none</prop>
         </part>
         <part class="satisfies">
            <prop class="control-name">SA-4 (10)</prop>
            <p class="narrative">[Agency's control implementation here]
</p>
            <prop class="status">none</prop>
         </part>
         <part class="satisfies">
            <prop class="control-name">SA-5</prop>
            <p class="narrative">[Agency's control implementation here]
</p>
            <p class="narrative">[Agency's control implementation here]
</p>
            <p class="narrative">[Agency's control implementation here]
</p>
            <p class="narrative">[Agency's control implementation here]
</p>
            <p class="narrative">[Agency's control implementation here]
</p>
            <prop class="status">none</prop>
         </part>
         <part class="satisfies">
            <prop class="control-name">SA-8</prop>
            <p class="narrative">[Agency's control implementation here]
</p>
            <prop class="status">none</prop>
         </part>
         <part class="satisfies">
            <prop class="control-name">SA-9</prop>
            <p class="narrative">[Agency's control implementation here]
</p>
            <p class="narrative">[Agency's control implementation here]
</p>
            <p class="narrative">[Agency's control implementation here]
</p>
            <prop class="status">none</prop>
         </part>
         <part class="satisfies">
            <prop class="control-name">SA-9 (1)</prop>
            <p class="narrative">[Agency's control implementation here]
</p>
            <p class="narrative">[Agency's control implementation here]
</p>
            <prop class="status">none</prop>
         </part>
         <part class="satisfies">
            <prop class="control-name">SA-9 (2)</prop>
            <p class="narrative">[Agency's control implementation here]
</p>
            <prop class="status">none</prop>
         </part>
         <part class="satisfies">
            <prop class="control-name">SA-9 (4)</prop>
            <p class="narrative">[Agency's control implementation here]
</p>
            <prop class="status">none</prop>
         </part>
         <part class="satisfies">
            <prop class="control-name">SA-9 (5)</prop>
            <p class="narrative">[Agency's control implementation here]
</p>
            <prop class="status">none</prop>
         </part>
         <part class="satisfies">
            <prop class="control-name">SA-10</prop>
            <p class="narrative">[Agency's control implementation here]
</p>
            <p class="narrative">[Agency's control implementation here]
</p>
            <p class="narrative">[Agency's control implementation here]
</p>
            <p class="narrative">[Agency's control implementation here]
</p>
            <p class="narrative">[Agency's control implementation here]
</p>
            <prop class="status">none</prop>
         </part>
         <part class="satisfies">
            <prop class="control-name">SA-10 (1)</prop>
            <p class="narrative">[Agency's control implementation here]
</p>
         </part>
         <part class="satisfies">
            <prop class="control-name">SA-11</prop>
            <p class="narrative">[Agency's control implementation here]
</p>
            <p class="narrative">[Agency's control implementation here]
</p>
            <p class="narrative">[Agency's control implementation here]
</p>
            <p class="narrative">[Agency's control implementation here]
</p>
            <p class="narrative">[Agency's control implementation here]
</p>
         </part>
         <part class="satisfies">
            <prop class="control-name">SA-11 (1)</prop>
            <p class="narrative">[Agency's control implementation here]
</p>
         </part>
         <part class="satisfies">
            <prop class="control-name">SA-11 (2)</prop>
            <p class="narrative">[Agency's control implementation here]
</p>
         </part>
         <part class="satisfies">
            <prop class="control-name">SA-11 (8)</prop>
            <p class="narrative">[Agency's control implementation here]
</p>
         </part>
         <part class="satisfies">
            <prop class="control-name">SA-22 (1)</prop>
            <p class="narrative">[Agency's control implementation here]
</p>
            <prop class="status">none</prop>
         </part>
      </component>
      <component>
         <title>System and Communications Protection Policy for [Agency_Here]</title>
         <p class="description"/>
         <p class="responsibleRoles"/>
         <part class="satisfies">
            <prop class="control-name">SC-1</prop>
            <p class="narrative">[Agency's control implementation here]
</p>
            <p class="narrative">[Agency's control implementation here]
</p>
            <prop class="status">none</prop>
         </part>
         <part class="satisfies">
            <prop class="control-name">SC-2</prop>
            <p class="narrative">[Agency's control implementation here]
</p>
            <prop class="status">none</prop>
         </part>
         <part class="satisfies">
            <prop class="control-name">SC-4</prop>
            <p class="narrative">[Agency's control implementation here]
</p>
            <prop class="status">none</prop>
         </part>
         <part class="satisfies">
            <prop class="control-name">SC-5</prop>
            <p class="narrative">[Agency's control implementation here]
</p>
            <prop class="status">none</prop>
         </part>
         <part class="satisfies">
            <prop class="control-name">SC-6</prop>
            <p class="narrative">[Agency's control implementation here]
</p>
            <prop class="status">none</prop>
         </part>
         <part class="satisfies">
            <prop class="control-name">SC-7</prop>
            <p class="narrative">[Agency's control implementation here]
</p>
            <p class="narrative">[Agency's control implementation here]
</p>
            <p class="narrative">[Agency's control implementation here]
</p>
            <prop class="status">none</prop>
         </part>
         <part class="satisfies">
            <prop class="control-name">SC-7 (3)</prop>
            <p class="narrative">[Agency's control implementation here]
</p>
            <prop class="status">none</prop>
         </part>
         <part class="satisfies">
            <prop class="control-name">SC-7 (4)</prop>
            <p class="narrative">[Agency's control implementation here]
</p>
            <p class="narrative">[Agency's control implementation here]
</p>
            <p class="narrative">[Agency's control implementation here]
</p>
            <p class="narrative">[Agency's control implementation here]
</p>
            <p class="narrative">[Agency's control implementation here]
</p>
            <prop class="status">none</prop>
         </part>
         <part class="satisfies">
            <prop class="control-name">SC-7 (5)</prop>
            <p class="narrative">[Agency's control implementation here]
</p>
            <prop class="status">none</prop>
         </part>
         <part class="satisfies">
            <prop class="control-name">SC-7 (7)</prop>
            <p class="narrative">[Agency's control implementation here]
</p>
            <prop class="status">none</prop>
         </part>
         <part class="satisfies">
            <prop class="control-name">SC-7 (8)</prop>
            <p class="narrative">[Agency's control implementation here]
</p>
            <prop class="status">none</prop>
         </part>
         <part class="satisfies">
            <prop class="control-name">SC-7 (12)</prop>
            <p class="narrative">[Agency's control implementation here]
</p>
            <prop class="status">none</prop>
         </part>
         <part class="satisfies">
            <prop class="control-name">SC-7 (13)</prop>
            <p class="narrative">[Agency's control implementation here]
</p>
            <prop class="status">none</prop>
         </part>
         <part class="satisfies">
            <prop class="control-name">SC-7 (18)</prop>
            <p class="narrative">[Agency's control implementation here]
</p>
            <prop class="status">none</prop>
         </part>
         <part class="satisfies">
            <prop class="control-name">SC-8</prop>
            <p class="narrative">[Agency's control implementation here]
</p>
            <prop class="status">none</prop>
         </part>
         <part class="satisfies">
            <prop class="control-name">SC-8 (1)</prop>
            <p class="narrative">[Agency's control implementation here]
</p>
            <prop class="status">none</prop>
         </part>
         <part class="satisfies">
            <prop class="control-name">SC-10</prop>
            <p class="narrative">[Agency's control implementation here]
</p>
            <prop class="status">none</prop>
         </part>
         <part class="satisfies">
            <prop class="control-name">SC-12</prop>
            <p class="narrative">[Agency's control implementation here]
</p>
            <prop class="status">none</prop>
         </part>
         <part class="satisfies">
            <prop class="control-name">SC-12 (2)</prop>
            <p class="narrative">[Agency's control implementation here]
</p>
            <prop class="status">none</prop>
         </part>
         <part class="satisfies">
            <prop class="control-name">SC-12 (3)</prop>
            <p class="narrative">[Agency's control implementation here]
</p>
            <prop class="status">none</prop>
         </part>
         <part class="satisfies">
            <prop class="control-name">SC-13</prop>
            <p class="narrative">[Agency's control implementation here]
</p>
            <prop class="status">none</prop>
         </part>
         <part class="satisfies">
            <prop class="control-name">SC-15</prop>
            <p class="narrative">[Agency's control implementation here]
</p>
            <p class="narrative">[Agency's control implementation here]
</p>
            <prop class="status">none</prop>
         </part>
         <part class="satisfies">
            <prop class="control-name">SC-17</prop>
            <p class="narrative">[Agency's control implementation here]
</p>
            <prop class="status">none</prop>
         </part>
         <part class="satisfies">
            <prop class="control-name">SC-18</prop>
            <p class="narrative">[Agency's control implementation here]
</p>
            <p class="narrative">[Agency's control implementation here]
</p>
            <p class="narrative">[Agency's control implementation here]
</p>
            <prop class="status">none</prop>
         </part>
         <part class="satisfies">
            <prop class="control-name">SC-19</prop>
            <p class="narrative">[Agency's control implementation here]
</p>
            <p class="narrative">[Agency's control implementation here]
</p>
            <prop class="status">none</prop>
         </part>
         <part class="satisfies">
            <prop class="control-name">SC-20</prop>
            <p class="narrative">[Agency's control implementation here]
</p>
            <p class="narrative">[Agency's control implementation here]
</p>
            <prop class="status">none</prop>
         </part>
         <part class="satisfies">
            <prop class="control-name">SC-21</prop>
            <p class="narrative">[Agency's control implementation here]
</p>
            <prop class="status">none</prop>
         </part>
         <part class="satisfies">
            <prop class="control-name">SC-22</prop>
            <p class="narrative">[Agency's control implementation here]
</p>
            <prop class="status">none</prop>
         </part>
         <part class="satisfies">
            <prop class="control-name">SC-23</prop>
            <p class="narrative">[Agency's control implementation here]
</p>
            <prop class="status">none</prop>
         </part>
         <part class="satisfies">
            <prop class="control-name">SC-28</prop>
            <p class="narrative">[Agency's control implementation here]
</p>
            <prop class="status">none</prop>
         </part>
         <part class="satisfies">
            <prop class="control-name">SC-28 (1)</prop>
            <p class="narrative">[Agency's control implementation here]
</p>
            <prop class="status">none</prop>
         </part>
         <part class="satisfies">
            <prop class="control-name">SC-39</prop>
            <p class="narrative">[Agency's control implementation here]
</p>
            <prop class="status">complete</prop>
         </part>
      </component>
      <component>
         <title>System and Information Integrity Policy for [Agency_Here]</title>
         <p class="description"/>
         <p class="responsibleRoles"/>
         <part class="satisfies">
            <prop class="control-name">SI-1</prop>
            <p class="narrative">[Agency's control implementation here]
</p>
            <prop class="status">none</prop>
         </part>
         <part class="satisfies">
            <prop class="control-name">SI-2</prop>
            <p class="narrative">[Agency's control implementation here]
</p>
            <p class="narrative">[Agency's control implementation here]
</p>
            <p class="narrative">[Agency's control implementation here]
</p>
            <p class="narrative">[Agency's control implementation here]
</p>
            <prop class="status">none</prop>
         </part>
         <part class="satisfies">
            <prop class="control-name">SI-2 (2)</prop>
            <p class="narrative">[Agency's control implementation here]
</p>
            <prop class="status">none</prop>
         </part>
         <part class="satisfies">
            <prop class="control-name">SI-2 (3)</prop>
            <p class="narrative">[Agency's control implementation here]
</p>
            <p class="narrative">[Agency's control implementation here]
</p>
            <prop class="status">none</prop>
         </part>
         <part class="satisfies">
            <prop class="control-name">SI-3</prop>
            <p class="narrative">[Agency's control implementation here]
</p>
            <p class="narrative">[Agency's control implementation here]
</p>
            <p class="narrative">[Agency's control implementation here]
</p>
            <p class="narrative">[Agency's control implementation here]
</p>
            <prop class="status">none</prop>
         </part>
         <part class="satisfies">
            <prop class="control-name">SI-3 (1)</prop>
            <p class="narrative">[Agency's control implementation here]
</p>
            <prop class="status">none</prop>
         </part>
         <part class="satisfies">
            <prop class="control-name">SI-3 (2)</prop>
            <p class="narrative">[Agency's control implementation here]
</p>
            <prop class="status">none</prop>
         </part>
         <part class="satisfies">
            <prop class="control-name">SI-3 (7)</prop>
            <p class="narrative">[Agency's control implementation here]
</p>
            <prop class="status">none</prop>
         </part>
         <part class="satisfies">
            <prop class="control-name">SI-4</prop>
            <p class="narrative">[Agency's control implementation here]
</p>
            <p class="narrative">[Agency's control implementation here]
</p>
            <p class="narrative">[Agency's control implementation here]
</p>
            <p class="narrative">[Agency's control implementation here]
</p>
            <p class="narrative">[Agency's control implementation here]
</p>
            <p class="narrative">[Agency's control implementation here]
</p>
            <p class="narrative">[Agency's control implementation here]
</p>
            <prop class="status">none</prop>
         </part>
         <part class="satisfies">
            <prop class="control-name">SI-4 (1)</prop>
            <p class="narrative">[Agency's control implementation here]
</p>
            <prop class="status">none</prop>
         </part>
         <part class="satisfies">
            <prop class="control-name">SI-4 (2)</prop>
            <p class="narrative">[Agency's control implementation here]
</p>
            <prop class="status">none</prop>
         </part>
         <part class="satisfies">
            <prop class="control-name">SI-4 (4)</prop>
            <p class="narrative">[Agency's control implementation here]
</p>
            <prop class="status">none</prop>
         </part>
         <part class="satisfies">
            <prop class="control-name">SI-4 (5)</prop>
            <p class="narrative">[Agency's control implementation here]
</p>
            <prop class="status">none</prop>
         </part>
         <part class="satisfies">
            <prop class="control-name">SI-4 (14)</prop>
            <p class="narrative">[Agency's control implementation here]
</p>
            <prop class="status">none</prop>
         </part>
         <part class="satisfies">
            <prop class="control-name">SI-4 (16)</prop>
            <p class="narrative">[Agency's control implementation here]
</p>
            <prop class="status">none</prop>
         </part>
         <part class="satisfies">
            <prop class="control-name">SI-4 (23)</prop>
            <p class="narrative">[Agency's control implementation here]
</p>
            <prop class="status">none</prop>
         </part>
         <part class="satisfies">
            <prop class="control-name">SI-5</prop>
            <p class="narrative">[Agency's control implementation here]
</p>
            <p class="narrative">[Agency's control implementation here]
</p>
            <p class="narrative">[Agency's control implementation here]
</p>
            <p class="narrative">[Agency's control implementation here]
</p>
            <prop class="status">none</prop>
         </part>
         <part class="satisfies">
            <prop class="control-name">SI-6</prop>
            <p class="narrative">[Agency's control implementation here]
</p>
            <p class="narrative">[Agency's control implementation here]
</p>
            <p class="narrative">[Agency's control implementation here]
</p>
            <p class="narrative">[Agency's control implementation here]
</p>
            <prop class="status">none</prop>
         </part>
         <part class="satisfies">
            <prop class="control-name">SI-7</prop>
            <p class="narrative">[Agency's control implementation here]
</p>
            <prop class="status">none</prop>
         </part>
         <part class="satisfies">
            <prop class="control-name">SI-7 (1)</prop>
            <p class="narrative">[Agency's control implementation here]
</p>
            <prop class="status">none</prop>
         </part>
         <part class="satisfies">
            <prop class="control-name">SI-7 (7)</prop>
            <p class="narrative">[Agency's control implementation here]
</p>
            <prop class="status">none</prop>
         </part>
         <part class="satisfies">
            <prop class="control-name">SI-8</prop>
            <p class="narrative">[Agency's control implementation here]
</p>
            <p class="narrative">[Agency's control implementation here]
</p>
            <prop class="status">none</prop>
         </part>
         <part class="satisfies">
            <prop class="control-name">SI-8 (1)</prop>
            <p class="narrative">[Agency's control implementation here]
</p>
            <prop class="status">none</prop>
         </part>
         <part class="satisfies">
            <prop class="control-name">SI-8 (2)</prop>
            <p class="narrative">[Agency's control implementation here]
</p>
            <prop class="status">none</prop>
         </part>
         <part class="satisfies">
            <prop class="control-name">SI-10</prop>
            <p class="narrative">[Agency's control implementation here]
</p>
            <prop class="status">none</prop>
         </part>
         <part class="satisfies">
            <prop class="control-name">SI-11</prop>
            <p class="narrative">[Agency's control implementation here]
</p>
            <p class="narrative">[Agency's control implementation here]
</p>
            <prop class="status">none</prop>
         </part>
         <part class="satisfies">
            <prop class="control-name">SI-12</prop>
            <p class="narrative">[Agency's control implementation here]
</p>
            <prop class="status">none</prop>
         </part>
         <part class="satisfies">
            <prop class="control-name">SI-16</prop>
            <p class="narrative">[Agency's control implementation here]
</p>
            <prop class="status">none</prop>
         </part>
      </component>
      <component>
         <title>Universal Control Plane (UCP)</title>
         <p class="description"/>
         <p class="responsibleRoles"/>
         <part class="satisfies">
            <prop class="control-name">AC-2 (1)</prop>
            <p class="narrative">'To assist the organization in meeting the requirements of this
control, supporting documentation for managing users and teams can
found at the following resources:

- https://docs.docker.com/datacenter/ucp/2.2/guides/access-control/create-and-manage-users/
- https://docs.docker.com/datacenter/ucp/2.2/guides/access-control/create-and-manage-teams/'
</p>
            <prop class="origin">service provider hybrid</prop>
            <prop class="status">complete</prop>
         </part>
         <part class="satisfies">
            <prop class="control-name">AC-2 (7)</prop>
            <p class="narrative">'To assist the organization in meeting the requirements of this
control, supporting documentation can be found at the following
resources:

- https://docs.docker.com/datacenter/ucp/2.2/guides/access-control/permission-levels/'
</p>
            <prop class="origin">service provider hybrid</prop>
            <prop class="status">complete</prop>
         </part>
         <part class="satisfies">
            <prop class="control-name">AC-2 (12)</prop>
            <p class="narrative">'To assist the organization in meeting the requirements of this
control, Universal Control Plane can be configured to send system
account log data to a remote logging service such as an Elasticsearch,
Logstash and Kibana (ELK) stack. Supporting documentation can be found
at the following resources:

- https://docs.docker.com/datacenter/ucp/2.2/guides/admin/monitor-and-troubleshoot/
- https://docs.docker.com/datacenter/ucp/2.2/guides/admin/monitor-and-troubleshoot/troubleshoot-node-messages/
- https://docs.docker.com/datacenter/ucp/2.2/guides/admin/monitor-and-troubleshoot/troubleshoot-with-logs/
- https://docs.docker.com/datacenter/ucp/2.2/guides/admin/monitor-and-troubleshoot/troubleshoot-configurations/
- https://docs.docker.com/datacenter/ucp/2.2/guides/admin/monitor-and-troubleshoot/troubleshoot-task-state/
- https://docs.docker.com/datacenter/ucp/2.2/guides/admin/configure/store-logs-in-an-external-system/
- https://success.docker.com/Architecture/Docker_Reference_Architecture%3A_Docker_Logging_Design_and_Best_Practices'
</p>
            <prop class="origin">service provider hybrid</prop>
            <prop class="status">complete</prop>
         </part>
         <part class="satisfies">
            <prop class="control-name">AC-3</prop>
            <p class="narrative">'One can control which users and teams can create and manipulate
Universal Control Plane resources. By default, no one can make changes
to the cluster. Permissions can be granted and managed to enforce
fine-grained access control. Supporting documentation can be found at
the following resources:

- https://docs.docker.com/datacenter/ucp/2.2/guides/access-control/
- https://docs.docker.com/datacenter/ucp/2.2/guides/access-control/deploy-view-only-service/
- https://docs.docker.com/datacenter/ucp/2.2/guides/access-control/grant-permissions/
- https://docs.docker.com/datacenter/ucp/2.2/guides/access-control/isolate-nodes-between-teams/
- https://docs.docker.com/datacenter/ucp/2.2/guides/access-control/isolate-volumes-between-teams/
- https://docs.docker.com/datacenter/ucp/2.2/guides/access-control/manage-access-with-collections/
- https://docs.docker.com/datacenter/ucp/2.2/guides/access-control/access-control-node/
- https://docs.docker.com/datacenter/ucp/2.2/guides/access-control/permission-levels/
- https://success.docker.com/KBase/Docker_Reference_Architecture%3A_Docker_Datacenter_Best_Practices_and_Design_Considerations#RBAC_and_Managing_Team_Level_Access_to_Resources
- https://success.docker.com/KBase/Docker_Reference_Architecture%3A_Securing_Docker_Datacenter_and_Security_Best_Practices#RBAC'
</p>
            <prop class="origin">Docker EE system</prop>
            <prop class="status">complete</prop>
         </part>
         <part class="satisfies">
            <prop class="control-name">AC-4</prop>
            <p class="narrative">'Supporting documentation to configure Universal Control Plane to meet
the requirements of this control can be found at the following
resources:

- https://docs.docker.com/datacenter/ucp/2.2/guides/architecture/
- https://docs.docker.com/datacenter/ucp/2.2/guides/admin/install/system-requirements/#ports-used
- https://docs.docker.com/datacenter/ucp/2.2/guides/admin/configure/use-domain-names-to-access-services/
- https://docs.docker.com/datacenter/ucp/2.2/guides/admin/configure/restrict-services-to-worker-nodes/
- https://success.docker.com/KBase/Docker_Reference_Architecture%3A_Universal_Control_Plane_2.0_Service_Discovery_and_Load_Balancing
- https://success.docker.com/KBase/Docker_Reference_Architecture%3A_Docker_Datacenter_Best_Practices_and_Design_Considerations#Infrastructure_Considerations
- https://success.docker.com/KBase/Docker_Reference_Architecture%3A_Securing_Docker_Datacenter_and_Security_Best_Practices#Networking'
</p>
            <prop class="origin">Docker EE system</prop>
            <prop class="status">complete</prop>
         </part>
         <part class="satisfies">
            <prop class="control-name">AC-4 (8)</prop>
            <p class="narrative">'Supporting documentation to configure Universal Control Plane to meet
the requirements of this control can be found at the following
resources:

- https://docs.docker.com/datacenter/ucp/2.2/guides/architecture/
- https://docs.docker.com/datacenter/ucp/2.2/guides/admin/install/system-requirements/#/ports-used
- https://docs.docker.com/datacenter/ucp/2.2/guides/admin/configure/use-domain-names-to-access-services/
- https://docs.docker.com/datacenter/ucp/2.2/guides/admin/configure/restrict-services-to-worker-nodes/
- https://success.docker.com/KBase/Docker_Reference_Architecture%3A_Universal_Control_Plane_2.0_Service_Discovery_and_Load_Balancing
- https://success.docker.com/KBase/Docker_Reference_Architecture%3A_Docker_Datacenter_Best_Practices_and_Design_Considerations#Infrastructure_Considerations
- https://success.docker.com/KBase/Docker_Reference_Architecture%3A_Securing_Docker_Datacenter_and_Security_Best_Practices#Networking'
</p>
            <prop class="origin">Docker EE system</prop>
            <prop class="origin">shared</prop>
            <prop class="status">complete</prop>
         </part>
         <part class="satisfies">
            <prop class="control-name">AC-4 (21)</prop>
            <p class="narrative">'Supporting documentation to configure Universal Control Plane to meet
the requirements of this control can be found at the following
resources:

- https://docs.docker.com/datacenter/ucp/2.2/guides/architecture/
- https://docs.docker.com/datacenter/ucp/2.2/guides/admin/install/system-requirements/#/ports-used
- https://docs.docker.com/datacenter/ucp/2.2/guides/admin/configure/use-domain-names-to-access-services/
- https://docs.docker.com/datacenter/ucp/2.2/guides/admin/configure/restrict-services-to-worker-nodes/
- https://success.docker.com/KBase/Docker_Reference_Architecture%3A_Universal_Control_Plane_2.0_Service_Discovery_and_Load_Balancing
- https://success.docker.com/KBase/Docker_Reference_Architecture%3A_Docker_Datacenter_Best_Practices_and_Design_Considerations#Infrastructure_Considerations
- https://success.docker.com/KBase/Docker_Reference_Architecture%3A_Securing_Docker_Datacenter_and_Security_Best_Practices#Networking'
</p>
            <prop class="origin">Docker EE system</prop>
            <prop class="origin">shared</prop>
            <prop class="status">complete</prop>
         </part>
         <part class="satisfies">
            <prop class="control-name">AC-5</prop>
            <p class="narrative">'To assist the organization in meeting the requirements of this
control, one can control which users and teams can create and
manipulate Universal Control Plane resources. By default, no one can
make changes to the cluster. Permissions can be granted and managed to
enforce fine-grained access control. Supporting documentation can be
found at the following resources:

- https://docs.docker.com/datacenter/ucp/2.2/guides/access-control/create-and-manage-users/
- https://docs.docker.com/datacenter/ucp/2.2/guides/access-control/permission-levels/
- https://success.docker.com/KBase/Docker_Reference_Architecture%3A_Docker_Datacenter_Best_Practices_and_Design_Considerations#RBAC_and_Managing_Team_Level_Access_to_Resources
- https://success.docker.com/KBase/Docker_Reference_Architecture%3A_Securing_Docker_Datacenter_and_Security_Best_Practices#RBAC'
</p>
            <prop class="origin">service provider hybrid</prop>
            <prop class="status">complete</prop>
         </part>
         <part class="satisfies">
            <prop class="control-name">AC-6</prop>
            <p class="narrative">'To assist the organization in meeting the requirements of this
control, one can control which users and teams can create and
manipulate Universal Control Plane resources and employ principles of
least privilege. By default, no one can make changes to the cluster.
Permissions can be granted and managed to enforce fine-grained access
control. Supporting documentation can be found at the following
resources:

- https://docs.docker.com/datacenter/ucp/2.2/guides/access-control/create-and-manage-users/
- https://docs.docker.com/datacenter/ucp/2.2/guides/access-control/permission-levels/
- https://success.docker.com/KBase/Docker_Reference_Architecture%3A_Docker_Datacenter_Best_Practices_and_Design_Considerations#RBAC_and_Managing_Team_Level_Access_to_Resources
- https://success.docker.com/KBase/Docker_Reference_Architecture%3A_Securing_Docker_Datacenter_and_Security_Best_Practices#RBAC'
</p>
            <prop class="origin">service provider hybrid</prop>
            <prop class="status">complete</prop>
         </part>
         <part class="satisfies">
            <prop class="control-name">AC-6 (1)</prop>
            <p class="narrative">'To assist the organization in meeting the requirements of this
control, one can control which users and teams can create and
manipulate Universal Control Plane resources and explicitly authorize
access as necessary. By default, no one can make changes to the
cluster. Permissions can be granted and managed to enforce
fine-grained access control. Supporting documentation can be found at
the following resources:

- https://docs.docker.com/datacenter/ucp/2.2/guides/access-control/create-and-manage-users/
- https://docs.docker.com/datacenter/ucp/2.2/guides/access-control/permission-levels/
- https://success.docker.com/KBase/Docker_Reference_Architecture%3A_Docker_Datacenter_Best_Practices_and_Design_Considerations#RBAC_and_Managing_Team_Level_Access_to_Resources
- https://success.docker.com/KBase/Docker_Reference_Architecture%3A_Securing_Docker_Datacenter_and_Security_Best_Practices#RBAC'
</p>
            <prop class="origin">service provider hybrid</prop>
            <prop class="status">complete</prop>
         </part>
         <part class="satisfies">
            <prop class="control-name">AC-6 (2)</prop>
            <p class="narrative">'To assist the organization in meeting the requirements of this
control, one can control which users and teams can create and
manipulate Universal Control Plane resources. By default, no one can
make changes to the cluster. Permissions can be granted and managed to
enforce fine-grained access control. Supporting documentation can be
found at the following resources:

- https://docs.docker.com/datacenter/ucp/2.2/guides/access-control/create-and-manage-users/
- https://docs.docker.com/datacenter/ucp/2.2/guides/access-control/permission-levels/
- https://success.docker.com/KBase/Docker_Reference_Architecture%3A_Docker_Datacenter_Best_Practices_and_Design_Considerations#RBAC_and_Managing_Team_Level_Access_to_Resources
- https://success.docker.com/KBase/Docker_Reference_Architecture%3A_Securing_Docker_Datacenter_and_Security_Best_Practices#RBAC'
</p>
            <prop class="origin">service provider hybrid</prop>
            <prop class="status">complete</prop>
         </part>
         <part class="satisfies">
            <prop class="control-name">AC-6 (3)</prop>
            <p class="narrative">'To assist the organization in meeting the requirements of this
control, one can control which users and teams can create and
manipulate Universal Control Plane resources, including Docker
networking components. By default, no one can make changes to the
cluster. Permissions can be granted and managed to enforce
fine-grained access control. Supporting documentation can be found at
the following resources:

- https://docs.docker.com/datacenter/ucp/2.2/guides/access-control/
- https://docs.docker.com/datacenter/ucp/2.2/guides/access-control/create-and-manage-users/
- https://docs.docker.com/datacenter/ucp/2.2/guides/access-control/permission-levels/
- https://success.docker.com/KBase/Docker_Reference_Architecture%3A_Docker_Datacenter_Best_Practices_and_Design_Considerations#RBAC_and_Managing_Team_Level_Access_to_Resources
- https://success.docker.com/KBase/Docker_Reference_Architecture%3A_Securing_Docker_Datacenter_and_Security_Best_Practices#RBAC'
</p>
            <prop class="origin">service provider hybrid</prop>
            <prop class="status">complete</prop>
         </part>
         <part class="satisfies">
            <prop class="control-name">AC-6 (5)</prop>
            <p class="narrative">'To assist the organization in meeting the requirements of this
control, one can restrict privileged accounts within Universal Control
Plane to custom-defined roles. By default, no one can make changes to
the cluster. Permissions can be granted and managed to enforce
fine-grained access control. Supporting documentation can be found at
the following resources:

- https://docs.docker.com/datacenter/ucp/2.2/guides/access-control/
- https://docs.docker.com/datacenter/ucp/2.2/guides/access-control/create-and-manage-users/
- https://docs.docker.com/datacenter/ucp/2.2/guides/access-control/permission-levels/
- https://success.docker.com/KBase/Docker_Reference_Architecture%3A_Docker_Datacenter_Best_Practices_and_Design_Considerations#RBAC_and_Managing_Team_Level_Access_to_Resources
- https://success.docker.com/KBase/Docker_Reference_Architecture%3A_Securing_Docker_Datacenter_and_Security_Best_Practices#RBAC'
</p>
            <prop class="origin">service provider hybrid</prop>
            <prop class="status">complete</prop>
         </part>
         <part class="satisfies">
            <prop class="control-name">AC-6 (7)</prop>
            <p class="narrative">'To assist the organization in meeting the requirements of this
control, one can review all implemented grants, accounts and roles
within Universal Control Plane and reassign/revoke privileges as
necessary. Supporting documentation can be found at the following
resources:

- https://docs.docker.com/datacenter/ucp/2.2/guides/access-control/
- https://docs.docker.com/datacenter/ucp/2.2/guides/access-control/create-and-manage-users/
- https://docs.docker.com/datacenter/ucp/2.2/guides/access-control/permission-levels/
- https://success.docker.com/KBase/Docker_Reference_Architecture%3A_Docker_Datacenter_Best_Practices_and_Design_Considerations#RBAC_and_Managing_Team_Level_Access_to_Resources
- https://success.docker.com/KBase/Docker_Reference_Architecture%3A_Securing_Docker_Datacenter_and_Security_Best_Practices#RBAC'
</p>
            <prop class="origin">service provider hybrid</prop>
            <prop class="status">complete</prop>
         </part>
         <part class="satisfies">
            <prop class="control-name">AC-6 (8)</prop>
            <p class="narrative">'Universal Control Plane users can be assigned to one of a number of
different permission levels. The permission level assigned to a
specific user determines that user''s ability to execute certain
Docker functions within UCP. Only users mapped to either the "Full
Control" or "Admin" roles can execute Docker commands without any
restrictions. Users mapped to either the "View Only" or "No Access"
roles cannot execute any Docker commands. Users assigned to the
"Restricted Control" role can only run Docker commands under their own
purview and cannot see other users UCP resources nor run commands that
required privileged access to the host. Furthermore, custom roles can
be created for fine-grained access to specific UCP resources and
functionality. Additional documentation regarding the various
permission levels within UCP can be found at the following resource:

- https://docs.docker.com/datacenter/ucp/2.2/guides/access-control/
- https://docs.docker.com/datacenter/ucp/2.2/guides/access-control/create-and-manage-users/
- https://docs.docker.com/datacenter/ucp/2.2/guides/access-control/permission-levels/
- https://success.docker.com/KBase/Docker_Reference_Architecture%3A_Docker_Datacenter_Best_Practices_and_Design_Considerations#RBAC_and_Managing_Team_Level_Access_to_Resources
- https://success.docker.com/KBase/Docker_Reference_Architecture%3A_Securing_Docker_Datacenter_and_Security_Best_Practices#RBAC'
</p>
            <prop class="origin">Docker EE system</prop>
            <prop class="status">complete</prop>
         </part>
         <part class="satisfies">
            <prop class="control-name">AC-6 (10)</prop>
            <p class="narrative">'One can control which users and teams can create and manipulate
Universal Control Plane resources and prevent non-privileged users
from executing privileged functions per the requirements of this
control. By default, no one can make changes to the cluster.
Permissions can be granted and managed to enforce fine-grained access
control. Supporting documentation for the configuration of this
functionality can be found at the following resources:

- https://docs.docker.com/datacenter/ucp/2.2/guides/access-control/'
</p>
            <prop class="origin">Docker EE system</prop>
            <prop class="status">complete</prop>
         </part>
         <part class="satisfies">
            <prop class="control-name">AC-12 (1)</prop>
            <p class="narrative">'Universal Control Plane includes a logout capability that allows a
user to terminate his/her current session.'
</p>
            <prop class="origin">Docker EE system</prop>
            <prop class="status">complete</prop>
         </part>
         <part class="satisfies">
            <prop class="control-name">AC-14</prop>
            <p class="narrative">'To help the organization meet the requirements of this control, a
review of actions allowed by unauthenticated users can be performed
within Universal Control Plane.'
</p>
            <prop class="origin">Docker EE system</prop>
            <prop class="status">complete</prop>
         </part>
         <part class="satisfies">
            <prop class="control-name">AC-17</prop>
            <p class="narrative">'To help the organization meet the requirements of this control,
Universal Control Plane can be configured to allow/prohibit remote
access.'
</p>
            <prop class="origin">service provider hybrid</prop>
            <prop class="status">complete</prop>
         </part>
         <part class="satisfies">
            <prop class="control-name">AC-17 (1)</prop>
            <p class="narrative">'Universal Control Plane logs and controls all local and remote
access events. In addition, auditing can be configured on the
underlying operating system to meet this control.'
</p>
            <prop class="origin">Docker EE system</prop>
            <prop class="status">complete</prop>
         </part>
         <part class="satisfies">
            <prop class="control-name">AC-17 (2)</prop>
            <p class="narrative">'All remote access sessions to Universal Control Plane are protected
with Transport Layer Security (TLS) 1.2. This is included at both the
HTTPS application layer for access to the UCP user interface and for
command-line based connections to the cluster. In addition to this,
all communication to UCP is enforced by way of two-way mutual TLS
authentication.'
</p>
            <prop class="origin">Docker EE system</prop>
            <prop class="status">complete</prop>
         </part>
         <part class="satisfies">
            <prop class="control-name">AC-17 (3)</prop>
            <p class="narrative">'A combination of managed load balancers, firewalls and access control
lists, and virtual networking resources can be used to ensure traffic
destined for Universal Control Plane managers and worker nodes is
routed through managed network access control points.'
</p>
            <prop class="origin">service provider hybrid</prop>
            <prop class="status">complete</prop>
         </part>
         <part class="satisfies">
            <prop class="control-name">AC-17 (4)</prop>
            <p class="narrative">'To help the organization meet the requirements of this control,
Universal Control Plane can be configured to authorize certain
privileged functions via remote access.'
</p>
            <prop class="origin">service provider hybrid</prop>
            <prop class="status">complete</prop>
         </part>
         <part class="satisfies">
            <prop class="control-name">AC-17 (9)</prop>
            <p class="narrative">'Built-in firewall technology in Universal Control Plane's underlying
operating system can be used to force the disconnection of remote
connections to the host. In addition, UCP provides the option to pause
or drain a node in the cluster, which subsequently stops and/or
removes sessions to the node. Individual services and/or applications
running on a UCP cluster can also be stopped and/or removed.'
</p>
            <prop class="origin">service provider hybrid</prop>
            <prop class="origin">configured by customer</prop>
            <prop class="status">complete</prop>
            <prop class="status">partial</prop>
         </part>
         <part class="satisfies">
            <prop class="control-name">AC-20</prop>
            <p class="narrative">'To help the organization meet the requirements of this control, one
can control which external systems can access Universal Control
Plane.'
</p>
            <prop class="origin">service provider hybrid</prop>
            <prop class="status">complete</prop>
         </part>
         <part class="satisfies">
            <prop class="control-name">AC-20 (1)</prop>
            <p class="narrative">'To help the organization meet the requirements of this control, one
can control which external systems can access Universal Control
Plane.'
</p>
            <prop class="origin">service provider hybrid</prop>
            <prop class="status">complete</prop>
         </part>
         <part class="satisfies">
            <prop class="control-name">AC-21</prop>
            <p class="narrative">'To help the organization meet the requirements of this control, one
can validate the assigned roles and access levels within Universal
Control Plane to control information sharing.'
</p>
            <prop class="origin">service provider hybrid</prop>
            <prop class="origin">shared</prop>
            <prop class="status">complete</prop>
         </part>
         <part class="satisfies">
            <prop class="control-name">AU-2</prop>
            <p class="narrative">'All of the event types indicated by this control are logged by the
backend ucp-controller service within Universal Control Plane. In
addition, each container created on a Universal Control Plane cluster
logs event data. Supporting documentation for configuring UCP logging
can be referenced at the following resources:

- https://docs.docker.com/datacenter/ucp/2.2/guides/admin/configure/store-logs-in-an-external-system/'
</p>
            <prop class="origin">service provider hybrid</prop>
            <prop class="origin">shared</prop>
            <prop class="status">complete</prop>
         </part>
         <part class="satisfies">
            <prop class="control-name">AU-3</prop>
            <p class="narrative">'Universal Control Plane generates all of the audit record information
indicated by this control. A sample audit event has been provided
below:

{"level":"info","license_key":"123456789123456789123456789","msg":"eNZi:Password
based auth
suceeded","remote_addr":"192.168.33.1:55905","time":"2016-11-09T22:41:01Z","type":"auth
ok","username":"dockeruser"}'
</p>
            <prop class="origin">Docker EE system</prop>
            <prop class="origin">shared</prop>
            <prop class="status">complete</prop>
         </part>
         <part class="satisfies">
            <prop class="control-name">AU-3 (1)</prop>
            <p class="narrative">'Universal Control Plane can be configured to log data to a remote
logging stack. The logging stack can subsequently be used to
interpolate the information defined by this control from the logged
audit records. Additional documentation can be found at the following
resource:

- https://docs.docker.com/datacenter/ucp/2.2/guides/admin/configure/store-logs-in-an-external-system/'
</p>
            <prop class="origin">Docker EE system</prop>
            <prop class="origin">shared</prop>
            <prop class="status">complete</prop>
         </part>
         <part class="satisfies">
            <prop class="control-name">AU-3 (2)</prop>
            <p class="narrative">'Universal Control Plane can be configured to log data to a remote
logging stack. The logging stack can subsequently be used to
interpolate the information defined by this control from the logged
audit records. Additional documentation can be found at the following
resource:

- https://docs.docker.com/datacenter/ucp/2.2/guides/admin/configure/store-logs-in-an-external-system/'
</p>
            <prop class="origin">Docker EE system</prop>
            <prop class="origin">shared</prop>
            <prop class="status">complete</prop>
         </part>
         <part class="satisfies">
            <prop class="control-name">AU-5</prop>
            <p class="narrative">'Universal Control Plane can be configured to log data to a remote
logging stack. The logging stack can subsequently be configured to
alert individuals in the event of log processing failures. Additional
information can be found at the following resources:

- https://docs.docker.com/datacenter/ucp/2.2/guides/admin/configure/store-logs-in-an-external-system/'
</p>
            <prop class="origin">service provider system specific</prop>
            <prop class="status">complete</prop>
         </part>
         <part class="satisfies">
            <prop class="control-name">AU-5 (1)</prop>
            <p class="narrative">'Universal Control Plane can be configured to log data to a remote
logging stack. The logging stack can subsequently be configured to
warn the organization when the allocated log storage is full.
Additional information can be found at the following resources:

- https://docs.docker.com/datacenter/ucp/2.2/guides/admin/configure/store-logs-in-an-external-system/'
</p>
            <prop class="origin">Docker EE system</prop>
            <prop class="origin">shared</prop>
            <prop class="status">complete</prop>
         </part>
         <part class="satisfies">
            <prop class="control-name">AU-5 (2)</prop>
            <p class="narrative">'Universal Control Plane can be configured to log data to a remote
logging stack. The logging stack can subsequently be configured to
warn the organization when audit log failures occur. Additional
information can be found at the following resources:

- https://docs.docker.com/datacenter/ucp/2.2/guides/admin/configure/store-logs-in-an-external-system/'
</p>
            <prop class="origin">Docker EE system</prop>
            <prop class="origin">shared</prop>
            <prop class="status">complete</prop>
         </part>
         <part class="satisfies">
            <prop class="control-name">AU-6 (4)</prop>
            <p class="narrative">'Universal Control Plane can be configured to log data to a remote
logging stack. The organization can subsequently centrally review and
analyze all of the Docker EE audit records. Additional information can
be found at the following resources:

- https://docs.docker.com/datacenter/ucp/2.2/guides/admin/configure/store-logs-in-an-external-system/'
</p>
            <prop class="origin">Docker EE system</prop>
            <prop class="origin">shared</prop>
            <prop class="status">complete</prop>
         </part>
         <part class="satisfies">
            <prop class="control-name">AU-7</prop>
            <p class="narrative">'Universal Control Plane can be configured to log data to a remote
logging stack. The logging stack can subsequently be used to
facilitate the audit reduction and report generation requirements of
this control. Additional information can be found at the following
resources:

- https://docs.docker.com/datacenter/ucp/2.2/guides/admin/configure/store-logs-in-an-external-system/'
</p>
            <p class="narrative">'The underlying operating system chosen to support Universal Control
Plane should be certified to ensure that logs are not altered during
generation and transmission to a remote logging stack.'
</p>
            <prop class="origin">Docker EE system</prop>
            <prop class="origin">shared</prop>
            <prop class="status">complete</prop>
         </part>
         <part class="satisfies">
            <prop class="control-name">AU-7 (1)</prop>
            <p class="narrative">'Universal Control Plane can be configured to log data to a remote
logging stack. The logging stack can subsequently be configured to
parse information by organization-defined audit fields. Additional
information can be found at the following resources:

- https://docs.docker.com/datacenter/ucp/2.2/guides/admin/configure/store-logs-in-an-external-system/'
</p>
            <prop class="origin">Docker EE system</prop>
            <prop class="origin">shared</prop>
            <prop class="status">complete</prop>
         </part>
         <part class="satisfies">
            <prop class="control-name">AU-8</prop>
            <p class="narrative">'Universal Control Plane uses the system clock of the underlying
operating system on which it runs. This behavior cannot be modified.'
</p>
            <p class="narrative">'The underlying operating system on which Universal Control Plane runs
should be configured such that its system clock uses Coordinated
Universal Time (UTC) as indicated by this control. Refer to the
operating system's instructions for doing so.'
</p>
            <prop class="origin">service provider hybrid</prop>
            <prop class="status">complete</prop>
         </part>
         <part class="satisfies">
            <prop class="control-name">AU-8 (1)</prop>
            <p class="narrative">'The underlying operating system on which Universal Control Plane runs
should be configured such that its system clock compares itself with
an authoritative time source as indicated by this control. This can be
accomplished by utilizing the Network Time Protocol (NTP). Refer to
the operating system's instructions for doing so.'
</p>
            <p class="narrative">'The underlying operating system on which Universal Control Plane runs
should be configured such that its system clock synchronizes itself to
an authoritative time source as defined by part (a) of this control
any time the time difference exceeds that of the organization-defined
time period. This can be accomplished by utilizing the Network Time
Protocol (NTP). Refer to the operating system's instructions for doing
so.'
</p>
            <prop class="origin">service provider hybrid</prop>
            <prop class="status">complete</prop>
         </part>
         <part class="satisfies">
            <prop class="control-name">AU-9</prop>
            <p class="narrative">'By default, Universal Control Plane is configured to use the
underlying logging capabilities of Docker Enterprise Edition. As such,
on the underlying Linux operating system, only root and sudo users and
users that have been added to the 'docker' group have the ability to
access the logs generated by UCP backend service containers. In
addition, only UCP Administrator users can change the logging endpoint
of the system should it be decided that logs be sent to a remote
logging stack. In this case, the organization is responsible for
configuring the remote logging stack per the provisions of this
control.'
</p>
            <prop class="origin">service provider hybrid</prop>
            <prop class="status">complete</prop>
         </part>
         <part class="satisfies">
            <prop class="control-name">AU-9 (2)</prop>
            <p class="narrative">'Universal Control Plane can be configured to send logs to a remote
logging stack. The logging stack can subsequently be configured to
back up audit records per the schedule defined by this control.
Additional information can be found at the following resources:

- https://docs.docker.com/datacenter/ucp/2.2/guides/admin/configure/store-logs-in-an-external-system/'
</p>
            <prop class="origin">service provider hybrid</prop>
            <prop class="status">complete</prop>
         </part>
         <part class="satisfies">
            <prop class="control-name">AU-9 (3)</prop>
            <p class="narrative">'Universal Control Plane can be configured to send logs to a remote
logging stack. The logging stack can subsequently be configured to
meet the encryption mechanisms required by this control. Additional
information can be found at the following resources:

- https://docs.docker.com/datacenter/ucp/2.2/guides/admin/configure/store-logs-in-an-external-system/'
</p>
            <prop class="origin">service provider hybrid</prop>
            <prop class="status">complete</prop>
         </part>
         <part class="satisfies">
            <prop class="control-name">AU-11</prop>
            <p class="narrative">'The organization will be responsible for meeting the requirements of
this control. To assist with these requirements, Universal Control
Plane can be configured to send logs to a remote logging stack. This
logging stack can subsequently be configured retain logs for the
duration required by this control. Additional information can be found
at the following resources:

- https://docs.docker.com/datacenter/ucp/2.2/guides/admin/configure/store-logs-in-an-external-system/'
</p>
            <prop class="origin">service provider hybrid</prop>
            <prop class="origin">shared</prop>
            <prop class="status">complete</prop>
         </part>
         <part class="satisfies">
            <prop class="control-name">AU-12</prop>
            <p class="narrative">'All of the event types indicated by AU-2 a. are logged by the backend
ucp-controller service within Universal Control Plane. In addition,
each container created on a Universal Control Plane cluster logs event
data. The underlying Linux operating system supporting UCP can be
configured to audit Docker-specific events with the auditd daemon.
Refer to the specific Linux distribution in use for instructions on
configuring this service. Additional information can be found at the
following resources:

- https://docs.docker.com/datacenter/ucp/2.2/guides/admin/configure/store-logs-in-an-external-system/'
</p>
            <p class="narrative">'Using auditd on the Linux operating system supporting UCP, the
organization can configure audit rules to select which Docker-specific
events are to be audited. Refer to the specific Linux distribution in
use for instructions on configuring this service.'
</p>
            <prop class="origin">Docker EE system</prop>
            <prop class="origin">shared</prop>
            <prop class="status">complete</prop>
         </part>
         <part class="satisfies">
            <prop class="control-name">AU-12 (1)</prop>
            <p class="narrative">'Universal Control Plane can be configured to send logs to a remote
logging stack. This logging stack can subsequently be used to compile
audit records in to a system-wide audit trail that is time-correlated
per the requirements of this control. Additional information can be
found at the following resources:

- https://docs.docker.com/datacenter/ucp/2.2/guides/admin/configure/store-logs-in-an-external-system/'
</p>
            <prop class="origin">Docker EE system</prop>
            <prop class="origin">shared</prop>
            <prop class="status">complete</prop>
         </part>
         <part class="satisfies">
            <prop class="control-name">AU-12 (3)</prop>
            <p class="narrative">'Universal Control Plane can be configured to send logs to a remote
logging stack. This logging stack can subsequently be used to meet the
requirements of this control. Additional information can be found at
the following resources:

- https://docs.docker.com/datacenter/ucp/2.2/guides/admin/configure/store-logs-in-an-external-system/'
</p>
            <prop class="origin">service provider hybrid</prop>
            <prop class="origin">shared</prop>
            <prop class="status">complete</prop>
         </part>
         <part class="satisfies">
            <prop class="control-name">CM-5 (1)</prop>
            <p class="narrative">'Role-based access control can be configured within Universal Control
Plane to meet the requirements of this control. Additional information
can be found at the following resources:

- https://docs.docker.com/datacenter/ucp/2.2/guides/access-control/
- https://success.docker.com/Architecture/Docker_Reference_Architecture%3A_Docker_EE_Best_Practices_and_Design_Considerations#RBAC_and_Managing_Team_Level_Access_to_Resources
- https://success.docker.com/Architecture/Docker_Reference_Architecture%3A_Securing_Docker_EE_and_Security_Best_Practices#RBAC'
</p>
            <prop class="origin">Docker EE system</prop>
            <prop class="status">complete</prop>
         </part>
         <part class="satisfies">
            <prop class="control-name">CM-5 (3)</prop>
            <p class="narrative">'Docker Content Trust is a capability provided by Docker Enterprise
Edition that enforces client-side signing and verification of Docker
image tags. It provides the ability to use digital signatures for data
sent to and received from Docker Trusted Registry and the public
Docker Store. These signatures allow client-side verification of the
integrity and publisher of specific image tags. All Universal Control
Plane Docker images are officially signed and verified by Docker, Inc.

When configuring Universal Control Plane, you should enforce
applications to only use Docker images signed by trusted UCP users
within your organization. Additional information can be found at the
following resources:

- https://docs.docker.com/datacenter/ucp/2.2/guides/admin/configure/run-only-the-images-you-trust/'
</p>
            <prop class="origin">service provide hybrid</prop>
            <prop class="origin">shared</prop>
            <prop class="status">complete</prop>
         </part>
         <part class="satisfies">
            <prop class="control-name">CM-6 (1)</prop>
            <p class="narrative">'The organization is responsible for meeting the requirements of this
control. To assist with these requirements, the organization can
incorporate the use of an external configuration management system to
meet the requirements of this control. Universal Control Plane''s
configuration can also be managed, backed up and stored in another
location per the requirements of this control. Additional documentation
can be found at the following resources:

- https://docs.docker.com/datacenter/ucp/2.2/guides/admin/configure/ucp-configuration-file/
- https://docs.docker.com/datacenter/ucp/2.2/guides/admin/backups-and-disaster-recovery/'
</p>
            <prop class="origin">service provider hybrid</prop>
            <prop class="status">complete</prop>
         </part>
         <part class="satisfies">
            <prop class="control-name">CM-7 (1)</prop>
            <p class="narrative">'To help the organization meet the requirements of this control,
Universal Control Plane includes a robust access control model to
disable any functionality as mandated by this control.'
</p>
            <prop class="origin">service provider corporate</prop>
            <prop class="origin">Docker EE system</prop>
            <prop class="origin">service provider hybrid</prop>
            <prop class="status">complete</prop>
         </part>
         <part class="satisfies">
            <prop class="control-name">CM-7 (2)</prop>
            <p class="narrative">'In order to restrict which Docker images can be used to deploy
applications to Universal Control Plane, the organization can define a
list of allowed base Docker images and make them available via Docker
Trusted Registry. The organization can also prevent users from being
able to pull Docker images from untrusted sources.'
</p>
            <prop class="origin">Docker EE system</prop>
            <prop class="status">complete</prop>
         </part>
         <part class="satisfies">
            <prop class="control-name">CM-7 (5)</prop>
            <p class="narrative">'The organization is responsible for meeting the requirements of this
control. To assist with these requirements and in order to restrict
which Docker images can be used to deploy applications to Universal
Control Plane, the organization must define a list of allowed base
Docker images and make them available via Docker Trusted Registry. The
organization must also prevent users from being able to pull Docker
images from untrusted sources.'
</p>
            <p class="narrative">'The organization is responsible for meeting the requirements of this
control. To assist with these requirements, the organization can
configure its systems to ensure that only approved Docker images
stored in Docker Trusted Registry can be run on Universal Control
Plane. This can be accomplished by using Docker Content Trust to sign
Docker images, and configure UCP to enforce only signed images from
specific Teams at runtime. Additional information can be found at the
following resources:

- https://docs.docker.com/datacenter/ucp/2.2/guides/admin/configure/run-only-the-images-you-trust/'
</p>
            <prop class="origin">service provider hybrid</prop>
            <prop class="origin">shared</prop>
            <prop class="status">complete</prop>
         </part>
         <part class="satisfies">
            <prop class="control-name">CP-10 (2)</prop>
            <p class="narrative">'Universal Control Plane maintains its cluster state via an internal
key-value store. This, and other UCP transactions can be backed up and
recovered. Additional information can be found at the following
resources:

- https://docs.docker.com/datacenter/ucp/2.2/guides/admin/backups-and-disaster-recovery/
- https://success.docker.com/Architecture/Docker_Reference_Architecture%3A_Docker_EE_Best_Practices_and_Design_Considerations#UCP_Backup'
</p>
            <prop class="origin">Docker EE system</prop>
            <prop class="status">complete</prop>
         </part>
         <part class="satisfies">
            <prop class="control-name">IA-2 (5)</prop>
            <p class="narrative">'The organization is responsible for meeting the requirements of this
control. To assist with meeting these requirements, Universal Control
Plane requires individual users to be authenticated in order to gain
access to the system. Any permissions granted to the team(s) that
which the user is a member are subsequently applied.'
</p>
            <prop class="origin">service provider hybrid</prop>
            <prop class="status">complete</prop>
         </part>
         <part class="satisfies">
            <prop class="control-name">IA-3</prop>
            <p class="narrative">'In order for nodes to join a Universal Control Plane cluster, they
must be identified and authenticated via either a manager or worker
token. Additional information can be found at the following resources:

- https://docs.docker.com/datacenter/ucp/2.2/guides/admin/configure/scale-your-cluster/'
</p>
            <prop class="origin">Docker EE system</prop>
            <prop class="status">complete</prop>
         </part>
         <part class="satisfies">
            <prop class="control-name">IA-5 (2)</prop>
            <p class="narrative">'Universal Control Plane contains two, built-in root certificate
authorities. One CA is used for signing client bundles generated by
users. The other CA is used for TLS communication between UCP cluster
nodes. Should you choose to use certificates signed by an external CA,
in order to successfully authenticate in to the system, those
certificates must include a root CA public certificate, a service
certificate and any intermediate CA public certificates (in addition
to SANs for all addresses used to reach the UCP controller), and a
private key for the server.'
</p>
            <p class="narrative">'Access to a Universal Control Plane cluster is only granted when a
user has a valid certificate bundle. This is enforced with the
public/private key pair included with the user's certificate bundle.'
</p>
            <p class="narrative">'Only after a client bundle has been generated or an existing public
key has been added for a particular user is that user able to execute
commands against the Universal Control Plane cluster. This bundle maps
the authenticated identity to that of the user.'
</p>
            <p class="narrative">'When a client bundle has been generated or an existing public key has
been added for a particular Universal Control Plane user, it is
attached to that user''s profile. Bundles/keys can be revoked by an
Administrator or the user themselves. The cluster''s internal
certificates can also be revoked and updated. Additional information
can be found at the following resources:

- https://docs.docker.com/datacenter/ucp/2.2/guides/admin/configure/use-your-own-tls-certificates/'
</p>
            <prop class="origin">Docker EE system</prop>
            <prop class="status">complete</prop>
         </part>
         <part class="satisfies">
            <prop class="control-name">IA-6</prop>
            <p class="narrative">'Universal Control Plane obscures all feedback of authentication
information during the authentication process. This includes both
authentication via the web UI and the CLI.'
</p>
            <prop class="origin">Docker EE system</prop>
            <prop class="status">complete</prop>
         </part>
         <part class="satisfies">
            <prop class="control-name">IA-7</prop>
            <p class="narrative">'All access to Universal Control Plane is protected with Transport
Layer Security (TLS) 1.2 with the AES GCM cipher. This includes both
SSH access to the individual UCP nodes and CLI-/web-based access to
the UCP management functions with mutual TLS and HTTPS respectively.'
</p>
            <prop class="origin">Docker EE system</prop>
            <prop class="status">complete</prop>
         </part>
         <part class="satisfies">
            <prop class="control-name">IA-8</prop>
            <p class="narrative">'Users managed by Universal Control Plane can be grouped per the
requirements of the organization and as defined by this control. This
can include groupings for non-organizational users.'
</p>
            <prop class="origin">Docker EE system</prop>
            <prop class="status">complete</prop>
         </part>
         <part class="satisfies">
            <prop class="control-name">SA-10 (1)</prop>
            <p class="narrative">'The organization is responsible for meeting the requirements of this
control. To assist with these requirements, Docker Content Trust gives
you the ability to verify both the integrity and the publisher of all
the data received from a Docker Trusted Registry over any channel. It
allows operations with a remote DTR instance to enforce client-side
signing and verification of image tags. It provides for the ability to
use digital signatures for data sent to and receive from remote DTR
instances. These signatures allow client-side verification of the
integrity and publisher of specific image tags. Universal Control
Plane can be configured to only run trusted and signed images.
Additional information can be found at the following resources:

- https://docs.docker.com/datacenter/ucp/2.2/guides/admin/configure/run-only-the-images-you-trust/'
</p>
            <prop class="origin">service provider hybrid</prop>
            <prop class="status">complete</prop>
         </part>
         <part class="satisfies">
            <prop class="control-name">SC-2</prop>
            <p class="narrative">'Universal Control Plane is made up of a number of backend services
that provide for both user functionality (including user interface
services) and system management functionality. Each of these services
operates independently of one another. Additional information can be
found at the following resources:

- https://docs.docker.com/datacenter/ucp/2.2/guides/architecture/
- https://success.docker.com/Architecture/Docker_Reference_Architecture%3A_Docker_EE_Best_Practices_and_Design_Considerations#Universal_Control_Plane'
</p>
            <prop class="origin">Docker EE system</prop>
            <prop class="status">complete</prop>
         </part>
         <part class="satisfies">
            <prop class="control-name">SC-23</prop>
            <p class="narrative">'All remote access sessions to Universal Control Plane are protected
with Transport Layer Security (TLS) 1.2 with the AES GCM cipher. This
is included at both the HTTPS application layer for access to the UCP
user interface and for command-line based connections to the cluster.
In addition to this, all communication to UCP is enforced by way of
two-way mutual TLS authentication.'
</p>
            <prop class="origin">Docker EE system</prop>
            <prop class="status">complete</prop>
         </part>
         <part class="satisfies">
            <prop class="control-name">SC-28 (1)</prop>
            <p class="narrative">'All remote access sessions to Universal Control Plane are protected
with Transport Layer Security (TLS) 1.2 with the AES GCM cipher. This
is included at both the HTTPS application layer for access to the UCP
user interface and for command-line based connections to the cluster.
In addition to this, all communication to UCP is enforced by way of
two-way mutual TLS authentication.'
</p>
            <prop class="origin">Docker EE system</prop>
            <prop class="status">complete</prop>
         </part>
         <part class="satisfies">
            <prop class="control-name">SI-11</prop>
            <p class="narrative">'All error messages generated via the configured logging mechanism of
Universal Control Plane are displayed such that they meet the
requirements of this control. Only users that are authorized the
appropriate level of access can view these error messages.'
</p>
            <prop class="origin">Docker EE system</prop>
            <prop class="status">complete</prop>
         </part>
         <part class="reference">
            <id/>
            <title>UCP Documentation</title>
            <p class="description"/>
            <url>https://docs.docker.com/datacenter/ucp/2.2/guides/</url>
         </part>
      </component>
      <component>
         <title>Authentication and Authorization Service (eNZi)</title>
         <p class="description"/>
         <p class="responsibleRoles"/>
         <part class="satisfies">
            <prop class="control-name">AC-1</prop>
            <p class="narrative">'To assist the organization in meeting the requirements of this
control, one can control which users and teams are allowed to create
and manipulate Docker Enterprise Edition resources. By default, no one
can make changes to the cluster. Permissions can be granted and
managed to enforce fine-grained access control. Supporting
documentation can found at the following resources:

- https://docs.docker.com/datacenter/ucp/2.2/guides/access-control/
- https://docs.docker.com/datacenter/dtr/2.3/guides/admin/manage-users/'
</p>
            <prop class="origin">service provider hybrid</prop>
            <prop class="status">complete</prop>
         </part>
         <part class="satisfies">
            <prop class="control-name">AC-2</prop>
            <p class="narrative">'To assist the organization in meeting the requirements of this
control, an external identity management system (such as Microsoft''s
Active Directory or an LDAP endpoint) can be configured as mandated by
this control and can be integrated with Docker Enterprise Edition.
Supporting documentation can be found at the following resources:

- https://docs.docker.com/datacenter/ucp/2.2/guides/admin/configure/external-auth/'
</p>
            <prop class="origin">service provider hybrid</prop>
            <prop class="status">complete</prop>
         </part>
         <part class="satisfies">
            <prop class="control-name">AC-2 (1)</prop>
            <p class="narrative">'To assist the organization in meeting the requirements of this
control, an external identity management system (such as Microsoft''s
Active Directory or an LDAP endpoint) can be configured as mandated by
this control and can be integrated with Docker Enterprise Edition.
Supporting documentation can be found at the following resources:

- https://docs.docker.com/datacenter/ucp/2.2/guides/admin/configure/external-auth/'
</p>
            <prop class="origin">service provider hybrid</prop>
            <prop class="status">complete</prop>
         </part>
         <part class="satisfies">
            <prop class="control-name">AC-2 (2)</prop>
            <p class="narrative">'Using Docker Enterprise Edition''s LDAP integration capabilities, one
can disable and/or remove temporary and emergency accounts in a
connected directory service (such as Active Directory) after an
organization-defined time period. When a user is removed from LDAP,
that user becomes inactive after the LDAP synchronization runs.
Supporting documentation can be found at the following resources:

- https://docs.docker.com/datacenter/ucp/2.2/guides/admin/configure/external-auth/'
</p>
            <prop class="origin">service provider hybrid</prop>
            <prop class="status">complete</prop>
         </part>
         <part class="satisfies">
            <prop class="control-name">AC-2 (3)</prop>
            <p class="narrative">'Using Docker Enterprise Edition''s LDAP integration capabilities, one
can automatically disable inactive accounts in a connected directory
service (such as Active Directory). When a user is removed from LDAP,
that user becomes inactive after the LDAP synchronization runs.
Supporting documentation can be found at the following resources:

- https://docs.docker.com/datacenter/ucp/2.2/guides/admin/configure/external-auth/'
</p>
            <prop class="origin">service provider hybrid</prop>
            <prop class="status">complete</prop>
         </part>
         <part class="satisfies">
            <prop class="control-name">AC-2 (4)</prop>
            <p class="narrative">'Docker Enterprise Edition logs various authentication and
authorization events to standard log files. One can configure Docker
Enterprise Edition to direct these event logs to a remote logging
service such as an Elasticsearch, Logstash and Kibana (ELK) stack and
subsequently alert on specific event types. When integrating Docker
Enterprise Edition with LDAP, one can refer the the directory
service''s logging mechanisms for auditing the events defined by this
control. Supporting documentation can be found at the following
resources:

- https://docs.docker.com/datacenter/ucp/2.2/guides/admin/monitor-and-troubleshoot/
- https://docs.docker.com/datacenter/ucp/2.2/guides/admin/monitor-and-troubleshoot/troubleshoot-with-logs/
- https://docs.docker.com/datacenter/ucp/2.2/guides/admin/configure/store-logs-in-an-external-system/
- https://success.docker.com/Architecture/Docker_Reference_Architecture%3A_Docker_Logging_Design_and_Best_Practices'
</p>
            <prop class="origin">service provider hybrid</prop>
            <prop class="status">complete</prop>
         </part>
         <part class="satisfies">
            <prop class="control-name">AC-2 (5)</prop>
            <p class="narrative">'To assist the organization in meeting the requirements of this
control, Docker Enterprise Edition can be configured to enforce automated
session termination of users after an organization-defined time period
of inactivity. By default, the initial lifetime of a user''s session
is set to 72 hours and the renewal session for a user''s session is
set to 24 hours. These values can both be changed in the "Auth"
section of the "Admin Settings" in Universal Control Plane.'
</p>
            <prop class="origin">service provider hybrid</prop>
            <prop class="status">complete</prop>
         </part>
         <part class="satisfies">
            <prop class="control-name">AC-2 (7)</prop>
            <p class="narrative">'To assist the organization in meeting the requirements of this
control, Docker Enterprise Edition supports various levels of user
permissions and role-based access control enforcements. Administrator
users have permissions to: manage other Docker Enterprise Edition
users, manage Docker Trusted Registry repositories and settings, and
manage the Universal Control Plane and underlying Docker Swarm Mode
cluster. Supporting documentation can be found at the following
resources:

- https://docs.docker.com/datacenter/ucp/2.2/guides/access-control/
- https://success.docker.com/KBase/Docker_Reference_Architecture%3A_Docker_Datacenter_Best_Practices_and_Design_Considerations#Identity_Management
- https://success.docker.com/KBase/Docker_Reference_Architecture%3A_Securing_Docker_Datacenter_and_Security_Best_Practices#RBAC
- https://docs.docker.com/datacenter/dtr/2.3/guides/admin/manage-users/
- https://success.docker.com/KBase/Docker_Reference_Architecture%3A_Securing_Docker_Datacenter_and_Security_Best_Practices#Organizations_.E2.80.94_RBAC'
</p>
            <prop class="origin">service provider hybrid</prop>
            <prop class="status">complete</prop>
         </part>
         <part class="satisfies">
            <prop class="control-name">AC-2 (9)</prop>
            <p class="narrative">'To assist the organization in meeting the requirements of this
control, users and/or groups synchronized to Docker Enterprise Edition
via LDAP can be configured at the directory service.'
</p>
            <prop class="origin">service provider hybrid</prop>
            <prop class="status">complete</prop>
         </part>
         <part class="satisfies">
            <prop class="control-name">AC-2 (10)</prop>
            <p class="narrative">'Users and/or groups synchronized to Docker Enterprise Edition via
LDAP can be configured at the directory service to ensure shared/group
account credentials are terminated when members leave the group.'
</p>
            <prop class="origin">service provider hybrid</prop>
            <prop class="status">complete</prop>
         </part>
         <part class="satisfies">
            <prop class="control-name">AC-2 (11)</prop>
            <p class="narrative">'Information system accounts synchronized to Docker Enterprise Edition
via LDAP can be configured at the directory service to meet this
requirement as necessary.'
</p>
            <prop class="origin">service provider hybrid</prop>
            <prop class="status">complete</prop>
         </part>
         <part class="satisfies">
            <prop class="control-name">AC-2 (12)</prop>
            <p class="narrative">'To assist the organization in meeting the requirements of this
control, when Docker Enterprise Edition is configured for LDAP
integration, one can refer to the directory service''s existing
monitoring tools.'
</p>
            <prop class="origin">service provider hybrid</prop>
            <prop class="status">complete</prop>
         </part>
         <part class="satisfies">
            <prop class="control-name">AC-2 (13)</prop>
            <p class="narrative">'To assist the organization in meeting the requirements of this
control, users and/or groups synchronized to Docker Enterprise Edition
via LDAP can be managed at the directory service and disabled if
posing a significant risk.'
</p>
            <prop class="origin">service provider hybrid</prop>
            <prop class="status">complete</prop>
         </part>
         <part class="satisfies">
            <prop class="control-name">AC-3</prop>
            <p class="narrative">'One can control which users and teams can create and manipulate
Docker Enterprise Edition resources. By default, no one can make
changes to the cluster. Permissions can be granted and managed to
enforce fine-grained access control. The eNZi component facilitates
authorizations as dictated by the system''s administrators. Supporting
documentation can be found at the following resources:

- https://docs.docker.com/datacenter/ucp/2.2/guides/access-control/'
</p>
            <prop class="origin">Docker EE system</prop>
            <prop class="status">complete</prop>
         </part>
         <part class="satisfies">
            <prop class="control-name">AC-6 (9)</prop>
            <p class="narrative">'Docker Enterprise Edition logs privileged user events to standard log
files. One can configure Docker Enterprise Edition to direct these
event logs to a remote logging service such as an Elasticsearch,
Logstash and Kibana (ELK) stack and subsequently alert on specific
event types. When integrating Docker Enterprise Edition with LDAP, one
can refer the the directory service''s logging mechanisms for auditing
the events defined by this control. Supporting documentation regarding
logging and monitoring can be found at the following resources:

- https://docs.docker.com/datacenter/ucp/2.2/guides/admin/monitor-and-troubleshoot/
- https://docs.docker.com/datacenter/ucp/2.2/guides/admin/configure/store-logs-in-an-external-system/'
</p>
            <prop class="origin">Docker EE system</prop>
            <prop class="status">complete</prop>
         </part>
         <part class="satisfies">
            <prop class="control-name">AC-7</prop>
            <p class="narrative">'When Docker Enterprise Edition is integrated to a directory service
via LDAP, one can reference the functionality of the directory service
to configure the enforcement of a limit to the number of conesecutive
invalid logon attempts by a user during a specified time period.'
</p>
            <p class="narrative">'When Docker Enterprise Edition is integrated to a directory service
via LDAP, one can reference the functionality of the directory service
to configure he ability to automatically lock/disable an account for a
specified period of time after a consecutive invalid logon attempt
limit is reached.'
</p>
            <prop class="origin">service provider hybrid</prop>
            <prop class="status">complete</prop>
         </part>
         <part class="satisfies">
            <prop class="control-name">AC-8</prop>
            <p class="narrative">'The feature required to satisfy the requirements of this control has
not yet been built in to Docker EE but is planned for a future
release.'
</p>
            <p class="narrative">'The feature required to satisfy the requirements of this control has
not yet been built in to Docker EE but is planned for a future
release.'
</p>
            <p class="narrative">'The feature required to satisfy control has
not yet been built in to Docker EE but is planned for a future
release.'
</p>
            <prop class="origin">Docker EE system</prop>
            <prop class="status">planned</prop>
         </part>
         <part class="satisfies">
            <prop class="control-name">AC-10</prop>
            <p class="narrative">'Docker Enterprise Edition can be configured to limit the number of
concurrent sessions for each account. These options can be found
within the Universal Control Plane Admin Settings under the
"Authentication &amp; Authorization" section. '
</p>
            <prop class="origin">Docker EE system</prop>
            <prop class="status">complete</prop>
         </part>
         <part class="satisfies">
            <prop class="control-name">AC-11</prop>
            <p class="narrative">'Per the requirements of AC-2 (5), Docker Enterprise Edition can be
configured to enforce user session lifetime limits and renewal
thresholds. These options can be found within the Universal Control
Plane Admin Settings under the "Authentication &amp; Authorization"
section. Configurable options include the initial lifetime (in hours)
of a user''s session and the renewal threshold of a session (in
hours).'
</p>
            <prop class="origin">Docker EE system</prop>
            <prop class="status">complete</prop>
         </part>
         <part class="satisfies">
            <prop class="control-name">AC-11 (1)</prop>
            <p class="narrative">'Per the requirements of AC-2 (5), Docker Enterprise Edition can be
configured to enforce user session lifetime limits and renewal
thresholds. These options can be found within the Universal Control
Plane Admin Settings under the "Authentication &amp; Authorization"
section. Configurable options include the initial lifetime (in hours)
of a user''s session and the renewal threshold of a session (in
hours). Upon the expiration of the configured session thresholds, a
user will be locked out of his/her session per the requirements of
this controls.'
</p>
            <prop class="origin">Docker EE system</prop>
            <prop class="status">complete</prop>
         </part>
         <part class="satisfies">
            <prop class="control-name">AC-12</prop>
            <p class="narrative">'Per the requirements of AC-2 (5), Docker Enterprise Edition can be
configured to enforce user session lifetime limits and renewal
thresholds. These options can be found within the Universal Control
Plane Admin Settings under the "Authentication &amp; Authorization"
section. Configurable options include the initial lifetime (in hours)
of a user''s session and the renewal threshold of a session (in
hours). Upon the expiration of the configured session thresholds, a
user will be locked out of his/her session.'
</p>
            <prop class="origin">Docker EE system</prop>
            <prop class="status">complete</prop>
         </part>
         <part class="satisfies">
            <prop class="control-name">AC-17 (1)</prop>
            <p class="narrative">'Docker Enterprise Edition logs and controls all local and remote
access events. In addition, auditing can be configured on the
underlying operating system to meet this control.'
</p>
            <prop class="origin">Docker EE system</prop>
            <prop class="status">complete</prop>
         </part>
         <part class="satisfies">
            <prop class="control-name">AU-3</prop>
            <p class="narrative">'Docker Enterprise Edition generates all of the audit record
information indicated by this control. A sample audit event has been
provided below:

{"level":"info","license_key":"123456789123456789123456789","msg":"eNZi:Password
based auth
suceeded","remote_addr":"192.168.33.1:55905","time":"2016-11-09T22:41:01Z","type":"auth
ok","username":"dockeruser"}'
</p>
            <prop class="origin">Docker EE system</prop>
            <prop class="origin">shared</prop>
            <prop class="status">complete</prop>
         </part>
         <part class="satisfies">
            <prop class="control-name">IA-2</prop>
            <p class="narrative">'Docker Enterprise Edition can be configured to identify and
authenticate users via it''s integrated support for LDAP. Users and
groups managed within the organization''s LDAP directory service (e.g.
Active Directory) can be synchronized to UCP and DTR on a regular
interval. When a user is removed from the LDAP-backed directory, that
user becomes inactive within UCP and DTR. In addition, UCP and DTR
teams can be mapped to groups synchronized via LDAP. When a user is
added/removed to/from the LDAP group, that same user is automatically
added/removed to/from the UCP and DTR team. Additional information can
be found at the following resources:

- https://docs.docker.com/datacenter/ucp/2.2/guides/admin/configure/external-auth/'
</p>
            <prop class="origin">Docker EE system</prop>
            <prop class="origin">shared</prop>
            <prop class="status">complete</prop>
         </part>
         <part class="satisfies">
            <prop class="control-name">IA-2 (5)</prop>
            <p class="narrative">'The organization is responsible for meeting the requirements of this
control. To assist with meeting these requirements, Docker Enterprise
Edition requires individual users to be authenticated in order to gain
access to the system. Any permissions granted to the team(s) that
which the user is a member are subsequently applied.'
</p>
            <prop class="origin">service provider hybrid</prop>
            <prop class="status">complete</prop>
         </part>
         <part class="satisfies">
            <prop class="control-name">IA-2 (8)</prop>
            <p class="narrative">'Docker Enterprise Edition integrates with LDAP for authenticating
users to an external directory service. You should configure your
external directory service for ensuring that you are protected against
replay attacks.'
</p>
            <prop class="origin">Docker EE system</prop>
            <prop class="status">complete</prop>
         </part>
         <part class="satisfies">
            <prop class="control-name">IA-2 (9)</prop>
            <p class="narrative">'Docker Enterprise Edition integrates with LDAP for authenticating
users to an external directory service. You should configure your
external directory service for ensuring that you are protected against
replay attacks.'
</p>
            <prop class="origin">Docker EE system</prop>
            <prop class="status">complete</prop>
         </part>
         <part class="satisfies">
            <prop class="control-name">IA-4</prop>
            <p class="narrative">'The organization is responsible for meeting the requirements of this
control. To assist with meeting these requirements, an external
directory service integrated with Docker Enterprise Edition via LDAP
can be configured to prevent the reuse of user identifiers for a
specified period of time. Refer to your directory service''s
documentation for configuring this.'
</p>
            <p class="narrative">'The organization is responsible for meeting the requirements of this
control. To assist with meeting these requirements, an external
directory service integrated with Docker Enterprise Edition via LDAP
can be configured to prevent the reuse of user identifiers for a
specified period of time. Refer to your directory service''s
documentation for configuring this.'
</p>
            <p class="narrative">'The organization is responsible for meeting the requirements of this
control. To assist with meeting these requirements, an external
directory service integrated with Docker Enterprise Edition via LDAP
can be configured to prevent the reuse of user identifiers for a
specified period of time. Refer to your directory service''s
documentation for configuring this.'
</p>
            <prop class="origin">service provider hybrid</prop>
            <prop class="status">complete</prop>
         </part>
         <part class="satisfies">
            <prop class="control-name">IA-4 (4)</prop>
            <p class="narrative">'The organization is responsible for meeting the requirements of this
control. To assist with meeting these requirements, an external
directory service integrated with Docker Enterprise Edition via LDAP
can be configured to uniquely identify each individual according to
the requirements of this control. Refer to your directory service''s
documentation for configuring this.'
</p>
            <prop class="origin">service provider hybrid</prop>
            <prop class="status">complete</prop>
         </part>
         <part class="satisfies">
            <prop class="control-name">IA-5</prop>
            <p class="narrative">'The organization is responsible for meeting the requirements of this
control. To assist with meeting these requirements, an external
directory service integrated with Docker Enterprise Edition via LDAP
can be configured to establish initial authenticator content according
to the requirements of this control. Refer to your directory service''s
documentation for configuring this.'
</p>
            <p class="narrative">'The organization is responsible for meeting the requirements of this
control. To assist with meeting these requirements, an external
directory service integrated with Docker Enterprise Edition via LDAP
can be configured to enforce strength requirements for authenticators
according to the requirements of this control. Refer to your directory
service''s documentation for configuring this.'
</p>
            <p class="narrative">'The organization is responsible for meeting the requirements of this
control. To assist with meeting these requirements, an external
directory service integrated with Docker Enterprise Edition via LDAP
can be configured to distribute, redistribute, and revoke
authenticators according to the requirements of this control. Refer to
your directory service''s documentation for configuring this.'
</p>
            <p class="narrative">'The organization is responsible for meeting the requirements of this
control. To assist with meeting these requirements, an external
directory service integrated with Docker Enterprise Edition via LDAP
can be configured to change default authenticator content according to
the requirements of this control. Refer to your directory service''s
documentation for configuring this.'
</p>
            <p class="narrative">'The organization is responsible for meeting the requirements of this
control. To assist with meeting these requirements, an external
directory service integrated with Docker Enterprise Edition via LDAP
can be configured to set minimum and maximum lifetime restrictions and
reuse conditions for authenticators according to the requirements of
this control. Refer to your directory service''s documentation for
configuring this.'
</p>
            <p class="narrative">'The organization is responsible for meeting the requirements of this
control. To assist with meeting these requirements, an external
directory service integrated with Docker Enterprise Edition via LDAP
can be configured to refresh authenticators at a regular cadence
according to the requirements of this control. Refer to your directory
service''s documentation for configuring this.'
</p>
            <p class="narrative">'The organization is responsible for meeting the requirements of this
control. To assist with meeting these requirements, an external
directory service integrated with Docker Enterprise Edition via LDAP
can be configured to protect authenticator content from unauthorized
disclosure or modification according to the requirements of this
control. Refer to your directory service''s documentation for
configuring this.'
</p>
            <p class="narrative">'The organization is responsible for meeting the requirements of this
control. To assist with meeting these requirements, an external
directory service integrated with Docker Enterprise Edition via LDAP
can be configured to implement specific security safeguards to protect
authentications according to the requirements of this control. Refer
to your directory service''s documentation for configuring this.'
</p>
            <p class="narrative">'The organization is responsible for meeting the requirements of this
control. To assist with meeting these requirements, an external
directory service integrated with Docker Enterprise Edition via LDAP
can be configured to change authenticators for group or role accounts
when membership to those groups or roles changes  according to the
requirements of this control. Refer to your directory service''s
documentation for configuring this.'
</p>
            <prop class="origin">service provider hybrid</prop>
            <prop class="status">complete</prop>
         </part>
         <part class="satisfies">
            <prop class="control-name">IA-5 (1)</prop>
            <p class="narrative">'An external directory service integrated with Docker Enterprise
Edition via LDAP can be configured to enforce minimum password
complexity requirements. Refer to your directory service''s
documentation for configuring this.'
</p>
            <p class="narrative">'An external directory service integrated with Docker Enterprise
Edition via LDAP can be configured to enforce the requirement to
change at least one character when changing passwords according to the
requirements of this control. Refer to your directory service''s
documentation for configuring this.'
</p>
            <p class="narrative">'An external directory service integrated with Docker Enterprise
Edition via LDAP can be configured to store and transmit
cryptographically protected passwords according to the requirements of
this control. Refer to your directory service''s documentation for
configuring this.'
</p>
            <p class="narrative">'An external directory service integrated with Docker Enterprise
Edition via LDAP can be configured to enforce the required minimum and
maximum lifetime restrictions according to the requirements of this
control. Refer to your directory service''s documentation for
configuring this.'
</p>
            <p class="narrative">'An external directory service integrated with Docker Enterprise
Edition via LDAP can be configured to enforce the required number of
generations before password reuse according to the requirements of
this control. Refer to your directory service''s documentation for
configuring this.'
</p>
            <p class="narrative">'An external directory service integrated with Docker Enterprise
Edition via LDAP can be configured to enforce the requirement to
change initial/temporary passwords upon first login according to the
requirements of this control. Refer to your directory service''s
documentation for configuring this.'
</p>
            <prop class="origin">service provider hybrid</prop>
            <prop class="status">complete</prop>
         </part>
         <part class="satisfies">
            <prop class="control-name">IA-5 (2)</prop>
            <p class="narrative">'All users within a Docker Enterprise Edition cluster can create a
client certificate bundle for authenticating in to the cluster from
the Docker client tooling. When a user attempts to authenticate in to
the Docker cluster, the system validates the certificates per the
requirements of this control.'
</p>
            <p class="narrative">'All users within a Docker Enterprise Edition cluster can create a
client certificate bundle for authenticating in to the cluster from
the Docker client tooling. When a user attempts to authenticate in to
the Docker cluster, the system enforces authorized access to the
corresponding private key per the requirements of this control.'
</p>
            <p class="narrative">'All users within a Docker Enterprise Edition cluster can create a
client certificate bundle for authenticating in to the cluster from
the Docker client tooling. When a user attempts to authenticate in to
the Docker cluster, the system maps the authenticated identity to the
account of the individual or group per the requirements of this
control.'
</p>
            <p class="narrative">'All users within a Docker Enterprise Edition cluster can create a
client certificate bundle for authenticating in to the cluster from
the Docker client tooling. When a user attempts to authenticate in to
the Docker cluster, it is up to the underlying operating system
hosting Docker Enterprise Edition to ensure that it implements a local
cache of revocation data per the requirements of this control.'
</p>
            <prop class="origin">Docker EE system</prop>
            <prop class="status">complete</prop>
         </part>
         <part class="satisfies">
            <prop class="control-name">IA-5 (4)</prop>
            <p class="narrative">'The organization is responsible for meeting the requirements of this
control. To assist with meeting these requirements, an external
directory service integrated with Docker Enterprise Edition via LDAP can be
configured with automation to ensure that password authenticators meet
strength requirements as defined by this control. Refer to your
directory service's documentation for configuring this.'
</p>
            <prop class="origin">service provider hybrid</prop>
            <prop class="status">complete</prop>
         </part>
         <part class="satisfies">
            <prop class="control-name">IA-5 (6)</prop>
            <p class="narrative">'The organization is responsible for meeting the requirements of this
control. To assist with meeting these requirements, an external
directory service integrated with Docker Enterprise Edition via LDAP
can be configured to protect authenticators as required by this
control. Refer to your directory service's documentation for
configuring this.'
</p>
            <prop class="origin">service provider hybrid</prop>
            <prop class="status">complete</prop>
         </part>
         <part class="satisfies">
            <prop class="control-name">IA-8 (2)</prop>
            <p class="narrative">'An external directory service integrated with Docker Enterprise
Edition via LDAP can be configured to meet the FICAM requirements as
indicated by this control. Refer to your directory service''s
documentation for configuring this.'
</p>
            <prop class="origin">service provider hybrid</prop>
            <prop class="status">complete</prop>
         </part>
         <part class="satisfies">
            <prop class="control-name">IA-8 (3)</prop>
            <p class="narrative">'The organization is responsible for meeting the requirements of this
control. To assist with meeting these requirements, an external
directory service integrated with Docker Enterprise Edition via LDAP
can be configured to meet the FICAM requirements as indicated by this
control. Refer to your directory service''s documentation for
configuring this.'
</p>
            <prop class="origin">service provider hybrid</prop>
            <prop class="status">complete</prop>
         </part>
         <part class="satisfies">
            <prop class="control-name">IA-8 (4)</prop>
            <p class="narrative">'The organization is responsible for meeting the requirements of this
control. To assist with meeting these requirements, an external
directory service integrated with Docker Enterprise Edition via LDAP
can be configured to meet the FICAM requirements as indicated by this
control. Refer to your directory service''s documentation for
configuring this.'
</p>
            <prop class="origin">service provider hybrid</prop>
            <prop class="status">complete</prop>
         </part>
         <part class="satisfies">
            <prop class="control-name">SC-23 (1)</prop>
            <p class="narrative">'Docker Enterprise Edition invalidates session identifiers upon user
logout per the requirements of this control.'
</p>
            <prop class="origin">Docker EE system</prop>
            <prop class="status">complete</prop>
         </part>
         <part class="reference">
            <id/>
            <title>UCP Documentation</title>
            <p class="description"/>
            <url>https://success.docker.com/KBase/Docker_Reference_Architecture%3A_Docker_Datacenter_Best_Practices_and_Design_Considerations#Identity_Management</url>
         </part>
      </component>
   </group>
   <group class="policies"/>
   <group class="procedures"/>
   <group class="parameters">
      <param>
         <prop class="param-key">RA-5(2)</prop>
         <value>"FedRAMP requirement: prior to a new scan"
</value>
      </param>
      <param>
         <prop class="param-key">RA-5(5)-1</prop>
         <value>"FedRAMP requirement: operating systems, databases, web applications"
</value>
      </param>
      <param>
         <prop class="param-key">RA-5(5)-2</prop>
         <value>"FedRAMP requirement: all scans"
</value>
      </param>
      <param>
         <prop class="param-key">AC-2(12)(a)</prop>
         <value>"customer-defined atypical use"
</value>
      </param>
      <param>
         <prop class="param-key">AC-2(12)(b)</prop>
         <value>"at a minimum, the ISSO and/or similar role within the organization"
</value>
      </param>
      <param>
         <prop class="param-key">AC-4</prop>
         <value>"customer-defined information flow control policies"
</value>
      </param>
      <param>
         <prop class="param-key">AC-4(8)(a)</prop>
         <value>"FedRAMP assignment: security policy filters inherent in boundary
protection devices such as gateways, routers, guards, encrypted
tunnels, firewalls"
</value>
      </param>
      <param>
         <prop class="param-key">AC-4(8)(b)</prop>
         <value>"FedRAMP assignment: information containing PII or organization
sensitive information types"
</value>
      </param>
      <param>
         <prop class="param-key">AC-4(21)-1</prop>
         <value>"customer-defined mechanisms and/or techniques"
</value>
      </param>
      <param>
         <prop class="param-key">AC-4(21)-2</prop>
         <value>"customer-defined required separation by types of information"
</value>
      </param>
      <param>
         <prop class="param-key">AC-5(a)</prop>
         <value>"customer-defined duties of individuals"
</value>
      </param>
      <param>
         <prop class="param-key">AC-14(a)</prop>
         <value>"customer-defined user actions"
</value>
      </param>
      <param>
         <prop class="param-key">AC-17(3)</prop>
         <value>"customer-defined"
</value>
      </param>
      <param>
         <prop class="param-key">AC-17(9)</prop>
         <value>"FedRAMP requirement: no greater than fifteen minutes"
</value>
      </param>
      <param>
         <prop class="param-key">AC-21(a)</prop>
         <value>"customer-defined information sharing circumstances"
</value>
      </param>
      <param>
         <prop class="param-key">AC-21(b)</prop>
         <value>"customer-defined automated mechanisms or manual processes"
</value>
      </param>
      <param>
         <prop class="param-key">AU-2(a)</prop>
         <value>"FedRAMP requirement: successful and unsuccessful account logon
events, account management events, object access, policy change,
privileged functions, process tracking, and system events. For Web
applications: all administrator activity, authentication checks,
authorization checks, data deletions, data access, data changes, and
permission changes"
</value>
      </param>
      <param>
         <prop class="param-key">AU-2(d)</prop>
         <value>"FedRAMP requirement: organization-defined subset of the auditable
events defined in AU-2-a. to be audited continually for each
identified event"
</value>
      </param>
      <param>
         <prop class="param-key">AU-3(1)</prop>
         <value>"FedRAMP requirement: session, connection, trasaction, or activity
duration; for client-server transactions, the number of bytes received
and bytes sent, additional informational messages to diagnose or
identify the event, characteristics that describe or identify the
object or resource being acted upon"
</value>
      </param>
      <param>
         <prop class="param-key">AU-3(2)</prop>
         <value>"all network, data storage, and computing devices"
</value>
      </param>
      <param>
         <prop class="param-key">AU-5(a)</prop>
         <value>"customer-defined personnel or roles"
</value>
      </param>
      <param>
         <prop class="param-key">AU-5(b)</prop>
         <value>"FedRAMP requirement: low-impact: overwrite oldest audit records;
moderate-impact: shut down"
</value>
      </param>
      <param>
         <prop class="param-key">AU-5(1)-1</prop>
         <value>"appropriate service team personnel, customer-defined personnel"
</value>
      </param>
      <param>
         <prop class="param-key">AU-5(1)-2</prop>
         <value>"24 hours, customer-defined time period"
</value>
      </param>
      <param>
         <prop class="param-key">AU-5(1)-3</prop>
         <value>"a service team defined percentage, customer-defined percentage"
</value>
      </param>
      <param>
         <prop class="param-key">AU-5(2)-1</prop>
         <value>"real-time"
</value>
      </param>
      <param>
         <prop class="param-key">AU-5(2)-2</prop>
         <value>"appropriate service team personnel"
</value>
      </param>
      <param>
         <prop class="param-key">AU-5(2)-3</prop>
         <value>"events defined by each service team, audit failure events requiring
real-time alerts, as defined by organization audit policy"
</value>
      </param>
      <param>
         <prop class="param-key">AU-7(1)</prop>
         <value>"customer-defined audit fields within audit records"
</value>
      </param>
      <param>
         <prop class="param-key">AU-8(b)</prop>
         <value>"millisecond precision"
</value>
      </param>
      <param>
         <prop class="param-key">AU-8(1)(a)-1</prop>
         <value>"FedRAMP requirement: at least hourly"
</value>
      </param>
      <param>
         <prop class="param-key">AU-8(1)(a)-2</prop>
         <value>"FedRAMP requirement: authoritative time source:
http://tf.nist.gov/tf-cgi/servers.cgi"
</value>
      </param>
      <param>
         <prop class="param-key">AU-8(1)(b)</prop>
         <value>"customer-defined"
</value>
      </param>
      <param>
         <prop class="param-key">AU-9(2)</prop>
         <value>"FedRAMP requirement: at least weekly"
</value>
      </param>
      <param>
         <prop class="param-key">AU-11</prop>
         <value>"FedRAMP requirement: at least one year"
</value>
      </param>
      <param>
         <prop class="param-key">AU-12(a)</prop>
         <value>"FedRAMP requirement: at least every 3 years"
</value>
      </param>
      <param>
         <prop class="param-key">AU-12(b)</prop>
         <value>"customer-defined personnel or roles"
</value>
      </param>
      <param>
         <prop class="param-key">AU-12(1)-1</prop>
         <value>"all network, data storage, and computing devices"
</value>
      </param>
      <param>
         <prop class="param-key">AU-12(1)-2</prop>
         <value>"1 millisecond, organization-defined level of tolerance"
</value>
      </param>
      <param>
         <prop class="param-key">AU-12(3)-1</prop>
         <value>"service team members with audit configuration responsibilities"
</value>
      </param>
      <param>
         <prop class="param-key">AU-12(3)-2</prop>
         <value>"all network, data storage, and computing devices"
</value>
      </param>
      <param>
         <prop class="param-key">AU-12(3)-3</prop>
         <value>"changes to the thread environment, organization-defined threat
situations"
</value>
      </param>
      <param>
         <prop class="param-key">AU-12(3)-4</prop>
         <value>"risk-based assessment, organization-defined time thresholds"
</value>
      </param>
      <param>
         <prop class="param-key">CM-5(3)</prop>
         <value>"customer-defined software"
</value>
      </param>
      <param>
         <prop class="param-key">CM-6(1)</prop>
         <value>"customer-defined information system components"
</value>
      </param>
      <param>
         <prop class="param-key">CM-7(5)(a)</prop>
         <value>"customer-defined software programs authorized to execute on the
information system"
</value>
      </param>
      <param>
         <prop class="param-key">CM-11(a)</prop>
         <value>"customer-defined policies"
</value>
      </param>
      <param>
         <prop class="param-key">CM-11(b)</prop>
         <value>"customer-defined methods"
</value>
      </param>
      <param>
         <prop class="param-key">CM-11(c)</prop>
         <value>"FedRAMP requirement: continuously (via CM-7(5))"
</value>
      </param>
      <param>
         <prop class="param-key">CM-11(1)</prop>
         <value>"organization-defined personnel or roles"
</value>
      </param>
      <param>
         <prop class="param-key">SC-28(1)-1</prop>
         <value>"customer data"
</value>
      </param>
      <param>
         <prop class="param-key">SC-28(1)-2</prop>
         <value>"CSP servers"
</value>
      </param>
      <param>
         <prop class="param-key">SI-11(b)</prop>
         <value>"authorized service personnel and CSP users"
</value>
      </param>
      <param>
         <prop class="param-key">AC-2(12)(a)</prop>
         <value>"customer-defined atypical use"
</value>
      </param>
      <param>
         <prop class="param-key">AC-2(12)(b)</prop>
         <value>"at a minimum, the ISSO and/or similar role within the organization"
</value>
      </param>
      <param>
         <prop class="param-key">AC-4</prop>
         <value>"customer-defined information flow control policies"
</value>
      </param>
      <param>
         <prop class="param-key">AC-4(8)(a)</prop>
         <value>"FedRAMP assignment: security policy filters inherent in boundary
protection devices such as gateways, routers, guards, encrypted
tunnels, firewalls"
</value>
      </param>
      <param>
         <prop class="param-key">AC-4(8)(b)</prop>
         <value>"FedRAMP assignment: information containing PII or organization
sensitive information types"
</value>
      </param>
      <param>
         <prop class="param-key">AC-4(21)-1</prop>
         <value>"customer-defined mechanisms and/or techniques"
</value>
      </param>
      <param>
         <prop class="param-key">AC-4(21)-2</prop>
         <value>"customer-defined required separation by types of information"
</value>
      </param>
      <param>
         <prop class="param-key">AC-14(a)</prop>
         <value>"customer-defined user actions"
</value>
      </param>
      <param>
         <prop class="param-key">AC-17(3)</prop>
         <value>"customer-defined"
</value>
      </param>
      <param>
         <prop class="param-key">AC-17(9)</prop>
         <value>"FedRAMP requirement: no greater than fifteen minutes"
</value>
      </param>
      <param>
         <prop class="param-key">AU-3(1)</prop>
         <value>"FedRAMP requirement: session, connection, trasaction, or activity
duration; for client-server transactions, the number of bytes received
and bytes sent, additional informational messages to diagnose or
identify the event, characteristics that describe or identify the
object or resource being acted upon"
</value>
      </param>
      <param>
         <prop class="param-key">AU-3(2)</prop>
         <value>"all network, data storage, and computing devices"
</value>
      </param>
      <param>
         <prop class="param-key">AU-5(a)</prop>
         <value>"customer-defined personnel or roles"
</value>
      </param>
      <param>
         <prop class="param-key">AU-5(b)</prop>
         <value>"FedRAMP requirement: low-impact: overwrite oldest audit records;
moderate-impact: shut down"
</value>
      </param>
      <param>
         <prop class="param-key">AU-5(1)-1</prop>
         <value>"appropriate service team personnel, customer-defined personnel"
</value>
      </param>
      <param>
         <prop class="param-key">AU-5(1)-2</prop>
         <value>"24 hours, customer-defined time period"
</value>
      </param>
      <param>
         <prop class="param-key">AU-5(1)-3</prop>
         <value>"a service team defined percentage, customer-defined percentage"
</value>
      </param>
      <param>
         <prop class="param-key">AU-5(2)-1</prop>
         <value>"real-time"
</value>
      </param>
      <param>
         <prop class="param-key">AU-5(2)-2</prop>
         <value>"appropriate service team personnel"
</value>
      </param>
      <param>
         <prop class="param-key">AU-5(2)-3</prop>
         <value>"events defined by each service team, audit failure events requiring
real-time alerts, as defined by organization audit policy"
</value>
      </param>
      <param>
         <prop class="param-key">AU-7(1)</prop>
         <value>"customer-defined audit fields within audit records"
</value>
      </param>
      <param>
         <prop class="param-key">AU-8(b)</prop>
         <value>"millisecond precision"
</value>
      </param>
      <param>
         <prop class="param-key">AU-8(1)(a)-1</prop>
         <value>"FedRAMP requirement: at least hourly"
</value>
      </param>
      <param>
         <prop class="param-key">AU-8(1)(a)-2</prop>
         <value>"FedRAMP requirement: authoritative time source:
http://tf.nist.gov/tf-cgi/servers.cgi"
</value>
      </param>
      <param>
         <prop class="param-key">AU-8(1)(b)</prop>
         <value>"customer-defined"
</value>
      </param>
      <param>
         <prop class="param-key">AU-9(2)</prop>
         <value>"FedRAMP requirement: at least weekly"
</value>
      </param>
      <param>
         <prop class="param-key">AU-10</prop>
         <value>"actions including the addition, modification, deletion, approval,
sending, or receiving of data"
</value>
      </param>
      <param>
         <prop class="param-key">AU-11</prop>
         <value>"FedRAMP requirement: at least one year"
</value>
      </param>
      <param>
         <prop class="param-key">AU-12(a)</prop>
         <value>"FedRAMP requirement: at least every 3 years"
</value>
      </param>
      <param>
         <prop class="param-key">AU-12(b)</prop>
         <value>"customer-defined personnel or roles"
</value>
      </param>
      <param>
         <prop class="param-key">AU-12(1)-1</prop>
         <value>"all network, data storage, and computing devices"
</value>
      </param>
      <param>
         <prop class="param-key">AU-12(1)-2</prop>
         <value>"1 millisecond, organization-defined level of tolerance"
</value>
      </param>
      <param>
         <prop class="param-key">AU-12(3)-1</prop>
         <value>"service team members with audit configuration responsibilities"
</value>
      </param>
      <param>
         <prop class="param-key">AU-12(3)-2</prop>
         <value>"all network, data storage, and computing devices"
</value>
      </param>
      <param>
         <prop class="param-key">AU-12(3)-3</prop>
         <value>"changes to the thread environment, organization-defined threat
situations"
</value>
      </param>
      <param>
         <prop class="param-key">AU-12(3)-4</prop>
         <value>"risk-based assessment, organization-defined time thresholds"
</value>
      </param>
      <param>
         <prop class="param-key">CM-1(a)</prop>
         <value>"customer-defined personnel or roles"
</value>
      </param>
      <param>
         <prop class="param-key">CM-1(b)(1)</prop>
         <value>"FedRAMP requirement: at least every 3 years"
</value>
      </param>
      <param>
         <prop class="param-key">CM-1(b)(2)</prop>
         <value>"FedRAMP requirement: at least annually or whenever a significant
change occurs"
</value>
      </param>
      <param>
         <prop class="param-key">CM-2(1)(a)</prop>
         <value>"FedRAMP requirement: at least annually or when a significant change
occurs"
</value>
      </param>
      <param>
         <prop class="param-key">CM-2(1)(b)</prop>
         <value>"FedRAMP requirement: to include when directed by the JAB"
</value>
      </param>
      <param>
         <prop class="param-key">CM-2(3)</prop>
         <value>"the previously approved baseline configuration of IS components"
</value>
      </param>
      <param>
         <prop class="param-key">CM-3(e)</prop>
         <value>"customer-defined time period"
</value>
      </param>
      <param>
         <prop class="param-key">CM-3(g)-1</prop>
         <value>"FedRAMP requirement: CAB"
</value>
      </param>
      <param>
         <prop class="param-key">CM-3(g)-2</prop>
         <value>"customer-defined"
</value>
      </param>
      <param>
         <prop class="param-key">CM-3(g)-3</prop>
         <value>"customer-defined"
</value>
      </param>
      <param>
         <prop class="param-key">CM-3(g)-4</prop>
         <value>"customer-defined"
</value>
      </param>
      <param>
         <prop class="param-key">CM-3(1)(b)</prop>
         <value>"customer-defined authorized approvers"
</value>
      </param>
      <param>
         <prop class="param-key">CM-3(1)(c)</prop>
         <value>"organization-defined time period"
</value>
      </param>
      <param>
         <prop class="param-key">CM-3(1)(f)</prop>
         <value>"organization-defined configuration management approval authorities"
</value>
      </param>
      <param>
         <prop class="param-key">CM-3(6)</prop>
         <value>"all security safeguards that rely on cryptography"
</value>
      </param>
      <param>
         <prop class="param-key">CM-5(2)-1</prop>
         <value>"every 30 days"
</value>
      </param>
      <param>
         <prop class="param-key">CM-5(2)-2</prop>
         <value>"organization-defined circumstance"
</value>
      </param>
      <param>
         <prop class="param-key">CM-5(3)</prop>
         <value>"customer-defined software"
</value>
      </param>
      <param>
         <prop class="param-key">CM-6(1)</prop>
         <value>"customer-defined information system components"
</value>
      </param>
      <param>
         <prop class="param-key">CM-7(b)</prop>
         <value>"FedRAMP assignment: the service provider shall use the Center for
Internet Security Guidelines (Level 1) to establish list of prohibited
or restricted functions, ports, protocols, and/or services or
establishes its own list of prohibited or restricted functions, ports,
protocols, and/or services if USGCB is not available"
</value>
      </param>
      <param>
         <prop class="param-key">CM-7(2)</prop>
         <value>"customer-defined policies regarding software program usage or
restrictions"
</value>
      </param>
      <param>
         <prop class="param-key">CM-7(5)(a)</prop>
         <value>"customer-defined software programs authorized to execute on the
information system"
</value>
      </param>
      <param>
         <prop class="param-key">SC-7(20</prop>
         <value>"organization-defined information system components"
</value>
      </param>
      <param>
         <prop class="param-key">SC-12(2)</prop>
         <value>"FedRAMP requirement: NIST FIPTS compliance"
</value>
      </param>
      <param>
         <prop class="param-key">SC-13</prop>
         <value>"FedRAMP requirement: FIPS-validated or NSA-approved cryptography"
</value>
      </param>
      <param>
         <prop class="param-key">SC-28-1</prop>
         <value>"confidentiality and integrity"
</value>
      </param>
      <param>
         <prop class="param-key">SC-28-2</prop>
         <value>"customer data"
</value>
      </param>
      <param>
         <prop class="param-key">SC-28(1)-1</prop>
         <value>"customer data"
</value>
      </param>
      <param>
         <prop class="param-key">SC-28(1)-2</prop>
         <value>"CSP servers"
</value>
      </param>
      <param>
         <prop class="param-key">SI-11(b)</prop>
         <value>"authorized service personnel and CSP users"
</value>
      </param>
      <param>
         <prop class="param-key">SI-16</prop>
         <value>"Windows protections, including No Execute, Address Space Layout
Randomization, and Data Execution Prevention"
</value>
      </param>
      <param>
         <prop class="param-key">AC-2(12)(a)</prop>
         <value>"customer-defined atypical use"
</value>
      </param>
      <param>
         <prop class="param-key">AC-2(12)(b)</prop>
         <value>"at a minimum, the ISSO and/or similar role within the organization"
</value>
      </param>
      <param>
         <prop class="param-key">AC-4</prop>
         <value>"customer-defined information flow control policies"
</value>
      </param>
      <param>
         <prop class="param-key">AC-4(8)(a)</prop>
         <value>"FedRAMP assignment: security policy filters inherent in boundary
protection devices such as gateways, routers, guards, encrypted
tunnels, firewalls"
</value>
      </param>
      <param>
         <prop class="param-key">AC-4(8)(b)</prop>
         <value>"FedRAMP assignment: information containing PII or organization
sensitive information types"
</value>
      </param>
      <param>
         <prop class="param-key">AC-4(21)-1</prop>
         <value>"customer-defined mechanisms and/or techniques"
</value>
      </param>
      <param>
         <prop class="param-key">AC-4(21)-2</prop>
         <value>"customer-defined required separation by types of information"
</value>
      </param>
      <param>
         <prop class="param-key">AC-5(a)</prop>
         <value>"customer-defined duties of individuals"
</value>
      </param>
      <param>
         <prop class="param-key">AC-6(1)</prop>
         <value>"FedRAMP assignment: all functions not publiclly accessible and all
security-relevant information not publicly available"
</value>
      </param>
      <param>
         <prop class="param-key">AC-6(2)</prop>
         <value>"FedRAMP requirement: all security functions"
</value>
      </param>
      <param>
         <prop class="param-key">AC-6(3)-1</prop>
         <value>"privileged commands used to change/configure network devices"
</value>
      </param>
      <param>
         <prop class="param-key">AC-6(3)-2</prop>
         <value>"customer-defined operational needs"
</value>
      </param>
      <param>
         <prop class="param-key">AC-6(5)</prop>
         <value>"customer-defined personnel or roles"
</value>
      </param>
      <param>
         <prop class="param-key">AC-6(7)(a)-1</prop>
         <value>"at least annually"
</value>
      </param>
      <param>
         <prop class="param-key">AC-6(7)(a)-2</prop>
         <value>"all users"
</value>
      </param>
      <param>
         <prop class="param-key">AC-6(8)</prop>
         <value>"FedRAMP assignment: any software except software explicitly
documented"
</value>
      </param>
      <param>
         <prop class="param-key">AC-12(1)(a)</prop>
         <value>"customer-defined information resources"
</value>
      </param>
      <param>
         <prop class="param-key">AC-14(a)</prop>
         <value>"customer-defined user actions"
</value>
      </param>
      <param>
         <prop class="param-key">AC-17(3)</prop>
         <value>"customer-defined"
</value>
      </param>
      <param>
         <prop class="param-key">AC-17(4)(a)</prop>
         <value>"customer-defined needs"
</value>
      </param>
      <param>
         <prop class="param-key">AC-17(9)</prop>
         <value>"FedRAMP requirement: no greater than fifteen minutes"
</value>
      </param>
      <param>
         <prop class="param-key">AC-21(a)</prop>
         <value>"customer-defined information sharing circumstances"
</value>
      </param>
      <param>
         <prop class="param-key">AC-21(b)</prop>
         <value>"customer-defined automated mechanisms or manual processes"
</value>
      </param>
      <param>
         <prop class="param-key">AU-2(a)</prop>
         <value>"FedRAMP requirement: successful and unsuccessful account logon
events, account management events, object access, policy change,
privileged functions, process tracking, and system events. For Web
applications: all administrator activity, authentication checks,
authorization checks, data deletions, data access, data changes, and
permission changes"
</value>
      </param>
      <param>
         <prop class="param-key">AU-2(d)</prop>
         <value>"FedRAMP requirement: organization-defined subset of the auditable
events defined in AU-2-a. to be audited continually for each
identified event"
</value>
      </param>
      <param>
         <prop class="param-key">AU-3(1)</prop>
         <value>"FedRAMP requirement: session, connection, trasaction, or activity
duration; for client-server transactions, the number of bytes received
and bytes sent, additional informational messages to diagnose or
identify the event, characteristics that describe or identify the
object or resource being acted upon"
</value>
      </param>
      <param>
         <prop class="param-key">AU-3(2)</prop>
         <value>"all network, data storage, and computing devices"
</value>
      </param>
      <param>
         <prop class="param-key">AU-5(a)</prop>
         <value>"customer-defined personnel or roles"
</value>
      </param>
      <param>
         <prop class="param-key">AU-5(b)</prop>
         <value>"FedRAMP requirement: low-impact: overwrite oldest audit records;
moderate-impact: shut down"
</value>
      </param>
      <param>
         <prop class="param-key">AU-5(1)-1</prop>
         <value>"appropriate service team personnel, customer-defined personnel"
</value>
      </param>
      <param>
         <prop class="param-key">AU-5(1)-2</prop>
         <value>"24 hours, customer-defined time period"
</value>
      </param>
      <param>
         <prop class="param-key">AU-5(1)-3</prop>
         <value>"a service team defined percentage, customer-defined percentage"
</value>
      </param>
      <param>
         <prop class="param-key">AU-5(2)-1</prop>
         <value>"real-time"
</value>
      </param>
      <param>
         <prop class="param-key">AU-5(2)-2</prop>
         <value>"appropriate service team personnel"
</value>
      </param>
      <param>
         <prop class="param-key">AU-5(2)-3</prop>
         <value>"events defined by each service team, audit failure events requiring
real-time alerts, as defined by organization audit policy"
</value>
      </param>
      <param>
         <prop class="param-key">AU-7(1)</prop>
         <value>"customer-defined audit fields within audit records"
</value>
      </param>
      <param>
         <prop class="param-key">AU-8(b)</prop>
         <value>"millisecond precision"
</value>
      </param>
      <param>
         <prop class="param-key">AU-8(1)(a)-1</prop>
         <value>"FedRAMP requirement: at least hourly"
</value>
      </param>
      <param>
         <prop class="param-key">AU-8(1)(a)-2</prop>
         <value>"FedRAMP requirement: authoritative time source:
http://tf.nist.gov/tf-cgi/servers.cgi"
</value>
      </param>
      <param>
         <prop class="param-key">AU-8(1)(b)</prop>
         <value>"customer-defined"
</value>
      </param>
      <param>
         <prop class="param-key">AU-9(2)</prop>
         <value>"FedRAMP requirement: at least weekly"
</value>
      </param>
      <param>
         <prop class="param-key">AU-11</prop>
         <value>"FedRAMP requirement: at least one year"
</value>
      </param>
      <param>
         <prop class="param-key">AU-12(a)</prop>
         <value>"FedRAMP requirement: at least every 3 years"
</value>
      </param>
      <param>
         <prop class="param-key">AU-12(b)</prop>
         <value>"customer-defined personnel or roles"
</value>
      </param>
      <param>
         <prop class="param-key">AU-12(1)-1</prop>
         <value>"all network, data storage, and computing devices"
</value>
      </param>
      <param>
         <prop class="param-key">AU-12(1)-2</prop>
         <value>"1 millisecond, organization-defined level of tolerance"
</value>
      </param>
      <param>
         <prop class="param-key">AU-12(3)-1</prop>
         <value>"service team members with audit configuration responsibilities"
</value>
      </param>
      <param>
         <prop class="param-key">AU-12(3)-2</prop>
         <value>"all network, data storage, and computing devices"
</value>
      </param>
      <param>
         <prop class="param-key">AU-12(3)-3</prop>
         <value>"changes to the thread environment, organization-defined threat
situations"
</value>
      </param>
      <param>
         <prop class="param-key">AU-12(3)-4</prop>
         <value>"risk-based assessment, organization-defined time thresholds"
</value>
      </param>
      <param>
         <prop class="param-key">CM-5(3)</prop>
         <value>"customer-defined software"
</value>
      </param>
      <param>
         <prop class="param-key">CM-6(1)</prop>
         <value>"customer-defined information system components"
</value>
      </param>
      <param>
         <prop class="param-key">CM-7(1)(b)</prop>
         <value>"customer-defined functions, ports, protocols, and services within the
information system deemed to be unnecessary and/or nonsecure"
</value>
      </param>
      <param>
         <prop class="param-key">CM-7(2)</prop>
         <value>"customer-defined policies regarding software program usage or
restrictions"
</value>
      </param>
      <param>
         <prop class="param-key">CM-7(5)(a)</prop>
         <value>"customer-defined software programs authorized to execute on the
information system"
</value>
      </param>
      <param>
         <prop class="param-key">SC-28(1)-1</prop>
         <value>"customer data"
</value>
      </param>
      <param>
         <prop class="param-key">SC-28(1)-2</prop>
         <value>"CSP servers"
</value>
      </param>
      <param>
         <prop class="param-key">SI-11(b)</prop>
         <value>"authorized service personnel and CSP users"
</value>
      </param>
      <param>
         <prop class="param-key">AC-2(2)-1</prop>
         <value>Selection (removes or disables)</value>
      </param>
      <param>
         <prop class="param-key">AC-2(2)-2</prop>
         <value>"FedRAMP requirement: no more than 30 days for temporary and emergency
account types"
</value>
      </param>
      <param>
         <prop class="param-key">AC-2(3)</prop>
         <value>"FedRAMP requirement: thirty-five (35) days for user accounts"
</value>
      </param>
      <param>
         <prop class="param-key">AC-2(4)</prop>
         <value>"organization and/or service provider system owner"
</value>
      </param>
      <param>
         <prop class="param-key">AC-2(5)</prop>
         <value>"inactivity is anticipated to exceed fifteen (15) minutes"
</value>
      </param>
      <param>
         <prop class="param-key">AC-2(7)(c)</prop>
         <value>"FedRAMP assignment: disables/revokes access within an
organization-specified timeframe"
</value>
      </param>
      <param>
         <prop class="param-key">AC-2(9)</prop>
         <value>"FedRAMP assignment: organization-defined need with justificatino
statement that explains why such accounts are necessary"
</value>
      </param>
      <param>
         <prop class="param-key">AC-2(11)-1</prop>
         <value>"customer-defined circumstances or usage conditions"
</value>
      </param>
      <param>
         <prop class="param-key">AC-2(11)-2</prop>
         <value>"customer-defined accounts"
</value>
      </param>
      <param>
         <prop class="param-key">AC-2(12)(a)</prop>
         <value>"customer-defined atypical use"
</value>
      </param>
      <param>
         <prop class="param-key">AC-2(12)(b)</prop>
         <value>"at a minimum, the ISSO and/or similar role within the organization"
</value>
      </param>
      <param>
         <prop class="param-key">AC-2(13)</prop>
         <value>"one hour"
</value>
      </param>
      <param>
         <prop class="param-key">AC-7(a)-1</prop>
         <value>"FedRAMP requirement: not more than three"
</value>
      </param>
      <param>
         <prop class="param-key">AC-7(a)-2</prop>
         <value>"FedRAMP requirement: fifteen minutes"
</value>
      </param>
      <param>
         <prop class="param-key">AC-7(b)-1</prop>
         <value>"FedRAMP requirement: locks the account/node for three hours"
</value>
      </param>
      <param>
         <prop class="param-key">AC-7(b)-2</prop>
         <value>"customer-defined additional actions"
</value>
      </param>
      <param>
         <prop class="param-key">AC-8(a)</prop>
         <value>"customer-defined system use notification banner"
</value>
      </param>
      <param>
         <prop class="param-key">AC-8(c)(1)</prop>
         <value>"customer-defined conditions"
</value>
      </param>
      <param>
         <prop class="param-key">AC-10</prop>
         <value>"customer-defined account and/or account type; FedRAMP requirement:
three sessions for privileged access and two sessions for
non-privileged access"
</value>
      </param>
      <param>
         <prop class="param-key">AC-11(a)</prop>
         <value>"FedRAMP requirement: fifteen minutes"
</value>
      </param>
      <param>
         <prop class="param-key">AC-12</prop>
         <value>"customer-defined conditions or trigger events"
</value>
      </param>
      <param>
         <prop class="param-key">IA-4(a)</prop>
         <value>"customer-defined personnel or roles"
</value>
      </param>
      <param>
         <prop class="param-key">IA-4(d)</prop>
         <value>"FedRAMP requirement: at least two years"
</value>
      </param>
      <param>
         <prop class="param-key">IA-4(e)</prop>
         <value>"FedRAMP requirement: thirty-five (35) days"
</value>
      </param>
      <param>
         <prop class="param-key">IA-4(4)</prop>
         <value>"FedRAMP requirement: contractors, foreign nationals"
</value>
      </param>
      <param>
         <prop class="param-key">IA-5(g)</prop>
         <value>"FedRAMP requirement: 60 days for passwords"
</value>
      </param>
      <param>
         <prop class="param-key">IA-5(1)(a)</prop>
         <value>"FedRAMP requirement: case-sensitive, minimum of fourteen (14)
characters, and at least one (1) each of upper-case letters,
lower-case letters, numbers, and special characters"
</value>
      </param>
      <param>
         <prop class="param-key">IA-5(1)(b)</prop>
         <value>"FedRAMP requirement: at least fifty percent (50%)"
</value>
      </param>
      <param>
         <prop class="param-key">IA-5(1)(d)</prop>
         <value>"FedRAMP requirement: one day minimum, sixty day maximum"
</value>
      </param>
      <param>
         <prop class="param-key">IA-5(1)(e)</prop>
         <value>"FedRAMP requirement: twenty four"
</value>
      </param>
      <param>
         <prop class="param-key">IA-5(4)</prop>
         <value>"complexity as identified in IA-05 (1) Control Enhancement Part A"
</value>
      </param>
      <param>
         <prop class="param-key">IA-8(3)</prop>
         <value>"N/A"
</value>
      </param>
   </group>
</map>
